{"/Users/eric/dev/lantern-lounge/app/check-in-web/src/App.jsx": {"path":"/Users/eric/dev/lantern-lounge/app/check-in-web/src/App.jsx","statementMap":{"0":{"start":{"line":6,"column":6},"end":{"line":37,"column":null}},"1":{"start":{"line":7,"column":36},"end":{"line":7,"column":57}},"2":{"start":{"line":9,"column":2},"end":{"line":13,"column":null}},"3":{"start":{"line":10,"column":4},"end":{"line":13,"column":null}},"4":{"start":{"line":17,"column":2},"end":{"line":33,"column":null}},"5":{"start":{"line":18,"column":4},"end":{"line":33,"column":null}},"6":{"start":{"line":37,"column":2},"end":{"line":37,"column":null}},"7":{"start":{"line":41,"column":2},"end":{"line":48,"column":null}}},"fnMap":{"0":{"name":"(anonymous_0)","decl":{"start":{"line":6,"column":6},"end":{"line":6,"column":24}},"loc":{"start":{"line":6,"column":41},"end":{"line":37,"column":null}},"line":6},"1":{"name":"App","decl":{"start":{"line":40,"column":9},"end":{"line":40,"column":15}},"loc":{"start":{"line":40,"column":15},"end":{"line":48,"column":null}},"line":40}},"branchMap":{"0":{"loc":{"start":{"line":9,"column":2},"end":{"line":13,"column":null}},"type":"if","locations":[{"start":{"line":9,"column":2},"end":{"line":13,"column":null}},{"start":{},"end":{}}],"line":9},"1":{"loc":{"start":{"line":17,"column":2},"end":{"line":33,"column":null}},"type":"if","locations":[{"start":{"line":17,"column":2},"end":{"line":33,"column":null}},{"start":{},"end":{}}],"line":17},"2":{"loc":{"start":{"line":17,"column":6},"end":{"line":17,"column":36}},"type":"binary-expr","locations":[{"start":{"line":17,"column":6},"end":{"line":17,"column":26}},{"start":{"line":17,"column":26},"end":{"line":17,"column":36}}],"line":17}},"s":{"0":1,"1":3,"2":3,"3":1,"4":2,"5":1,"6":1,"7":3},"f":{"0":3,"1":3},"b":{"0":[1,2],"1":[1,1],"2":[2,2]},"meta":{"lastBranch":3,"lastFunction":2,"lastStatement":8,"seen":{"s:6:6:37:Infinity":0,"f:6:6:6:24":0,"s:7:36:7:57":1,"b:9:2:13:Infinity:undefined:undefined:undefined:undefined":0,"s:9:2:13:Infinity":2,"s:10:4:13:Infinity":3,"b:17:2:33:Infinity:undefined:undefined:undefined:undefined":1,"s:17:2:33:Infinity":4,"b:17:6:17:26:17:26:17:36":2,"s:18:4:33:Infinity":5,"s:37:2:37:Infinity":6,"f:40:9:40:15":1,"s:41:2:48:Infinity":7}}}
,"/Users/eric/dev/lantern-lounge/app/check-in-web/src/components/auth/AuthModal.jsx": {"path":"/Users/eric/dev/lantern-lounge/app/check-in-web/src/components/auth/AuthModal.jsx","statementMap":{"0":{"start":{"line":8,"column":6},"end":{"line":98,"column":null}},"1":{"start":{"line":9,"column":16},"end":{"line":9,"column":40}},"2":{"start":{"line":10,"column":19},"end":{"line":10,"column":46}},"3":{"start":{"line":11,"column":16},"end":{"line":11,"column":40}},"4":{"start":{"line":12,"column":18},"end":{"line":12,"column":47}},"5":{"start":{"line":13,"column":10},"end":{"line":13,"column":30}},"6":{"start":{"line":15,"column":23},"end":{"line":24,"column":null}},"7":{"start":{"line":16,"column":4},"end":{"line":16,"column":null}},"8":{"start":{"line":17,"column":4},"end":{"line":17,"column":null}},"9":{"start":{"line":18,"column":4},"end":{"line":18,"column":null}},"10":{"start":{"line":19,"column":19},"end":{"line":19,"column":48}},"11":{"start":{"line":20,"column":4},"end":{"line":20,"column":null}},"12":{"start":{"line":21,"column":4},"end":{"line":24,"column":null}},"13":{"start":{"line":22,"column":6},"end":{"line":22,"column":null}},"14":{"start":{"line":24,"column":6},"end":{"line":24,"column":null}},"15":{"start":{"line":28,"column":8},"end":{"line":32,"column":null}},"16":{"start":{"line":29,"column":4},"end":{"line":32,"column":null}},"17":{"start":{"line":30,"column":6},"end":{"line":30,"column":null}},"18":{"start":{"line":32,"column":6},"end":{"line":32,"column":null}},"19":{"start":{"line":36,"column":8},"end":{"line":40,"column":null}},"20":{"start":{"line":37,"column":4},"end":{"line":37,"column":null}},"21":{"start":{"line":38,"column":4},"end":{"line":38,"column":null}},"22":{"start":{"line":39,"column":4},"end":{"line":39,"column":null}},"23":{"start":{"line":40,"column":4},"end":{"line":40,"column":null}},"24":{"start":{"line":43,"column":2},"end":{"line":98,"column":null}},"25":{"start":{"line":82,"column":27},"end":{"line":82,"column":51}},"26":{"start":{"line":92,"column":27},"end":{"line":92,"column":54}}},"fnMap":{"0":{"name":"(anonymous_0)","decl":{"start":{"line":8,"column":6},"end":{"line":8,"column":19}},"loc":{"start":{"line":8,"column":43},"end":{"line":98,"column":null}},"line":8},"1":{"name":"(anonymous_1)","decl":{"start":{"line":15,"column":23},"end":{"line":15,"column":30}},"loc":{"start":{"line":15,"column":36},"end":{"line":24,"column":null}},"line":15},"2":{"name":"(anonymous_2)","decl":{"start":{"line":28,"column":8},"end":{"line":28,"column":35}},"loc":{"start":{"line":28,"column":35},"end":{"line":32,"column":null}},"line":28},"3":{"name":"(anonymous_3)","decl":{"start":{"line":36,"column":8},"end":{"line":36,"column":28}},"loc":{"start":{"line":36,"column":28},"end":{"line":40,"column":null}},"line":36},"4":{"name":"(anonymous_4)","decl":{"start":{"line":82,"column":10},"end":{"line":82,"column":21}},"loc":{"start":{"line":82,"column":27},"end":{"line":82,"column":51}},"line":82},"5":{"name":"(anonymous_5)","decl":{"start":{"line":92,"column":10},"end":{"line":92,"column":21}},"loc":{"start":{"line":92,"column":27},"end":{"line":92,"column":54}},"line":92}},"branchMap":{"0":{"loc":{"start":{"line":21,"column":4},"end":{"line":24,"column":null}},"type":"if","locations":[{"start":{"line":21,"column":4},"end":{"line":24,"column":null}},{"start":{"line":23,"column":11},"end":{"line":24,"column":null}}],"line":21},"1":{"loc":{"start":{"line":24,"column":15},"end":{"line":24,"column":87}},"type":"binary-expr","locations":[{"start":{"line":24,"column":15},"end":{"line":24,"column":31}},{"start":{"line":24,"column":31},"end":{"line":24,"column":87}}],"line":24},"2":{"loc":{"start":{"line":45,"column":7},"end":{"line":48,"column":null}},"type":"binary-expr","locations":[{"start":{"line":45,"column":7},"end":{"line":45,"column":null}},{"start":{"line":46,"column":8},"end":{"line":48,"column":null}}],"line":45},"3":{"loc":{"start":{"line":97,"column":11},"end":{"line":97,"column":null}},"type":"cond-expr","locations":[{"start":{"line":97,"column":21},"end":{"line":97,"column":37}},{"start":{"line":97,"column":37},"end":{"line":97,"column":null}}],"line":97}},"s":{"0":1,"1":11,"2":11,"3":11,"4":11,"5":11,"6":11,"7":2,"8":2,"9":2,"10":2,"11":2,"12":2,"13":1,"14":1,"15":11,"16":1,"17":1,"18":0,"19":11,"20":1,"21":1,"22":1,"23":1,"24":11,"25":1,"26":1},"f":{"0":11,"1":2,"2":1,"3":1,"4":1,"5":1},"b":{"0":[1,1],"1":[1,0],"2":[11,1],"3":[2,9]},"meta":{"lastBranch":4,"lastFunction":6,"lastStatement":27,"seen":{"s:8:6:98:Infinity":0,"f:8:6:8:19":0,"s:9:16:9:40":1,"s:10:19:10:46":2,"s:11:16:11:40":3,"s:12:18:12:47":4,"s:13:10:13:30":5,"s:15:23:24:Infinity":6,"f:15:23:15:30":1,"s:16:4:16:Infinity":7,"s:17:4:17:Infinity":8,"s:18:4:18:Infinity":9,"s:19:19:19:48":10,"s:20:4:20:Infinity":11,"b:21:4:24:Infinity:23:11:24:Infinity":0,"s:21:4:24:Infinity":12,"s:22:6:22:Infinity":13,"s:24:6:24:Infinity":14,"b:24:15:24:31:24:31:24:87":1,"s:28:8:32:Infinity":15,"f:28:8:28:35":2,"s:29:4:32:Infinity":16,"s:30:6:30:Infinity":17,"s:32:6:32:Infinity":18,"s:36:8:40:Infinity":19,"f:36:8:36:28":3,"s:37:4:37:Infinity":20,"s:38:4:38:Infinity":21,"s:39:4:39:Infinity":22,"s:40:4:40:Infinity":23,"s:43:2:98:Infinity":24,"b:45:7:45:Infinity:46:8:48:Infinity":2,"f:82:10:82:21":4,"s:82:27:82:51":25,"f:92:10:92:21":5,"s:92:27:92:54":26,"b:97:21:97:37:97:37:97:Infinity":3}}}
,"/Users/eric/dev/lantern-lounge/app/check-in-web/src/components/common/Button.jsx": {"path":"/Users/eric/dev/lantern-lounge/app/check-in-web/src/components/common/Button.jsx","statementMap":{"0":{"start":{"line":3,"column":6},"end":{"line":50,"column":null}},"1":{"start":{"line":14,"column":15},"end":{"line":14,"column":null}},"2":{"start":{"line":16,"column":19},"end":{"line":26,"column":null}},"3":{"start":{"line":28,"column":16},"end":{"line":32,"column":null}},"4":{"start":{"line":34,"column":2},"end":{"line":50,"column":null}}},"fnMap":{"0":{"name":"(anonymous_0)","decl":{"start":{"line":3,"column":6},"end":{"line":3,"column":16}},"loc":{"start":{"line":13,"column":6},"end":{"line":50,"column":null}},"line":13}},"branchMap":{"0":{"loc":{"start":{"line":5,"column":2},"end":{"line":5,"column":null}},"type":"default-arg","locations":[{"start":{"line":5,"column":12},"end":{"line":5,"column":null}}],"line":5},"1":{"loc":{"start":{"line":6,"column":2},"end":{"line":6,"column":null}},"type":"default-arg","locations":[{"start":{"line":6,"column":9},"end":{"line":6,"column":null}}],"line":6},"2":{"loc":{"start":{"line":7,"column":2},"end":{"line":7,"column":null}},"type":"default-arg","locations":[{"start":{"line":7,"column":14},"end":{"line":7,"column":null}}],"line":7},"3":{"loc":{"start":{"line":9,"column":2},"end":{"line":9,"column":null}},"type":"default-arg","locations":[{"start":{"line":9,"column":9},"end":{"line":9,"column":null}}],"line":9},"4":{"loc":{"start":{"line":10,"column":2},"end":{"line":10,"column":null}},"type":"default-arg","locations":[{"start":{"line":10,"column":13},"end":{"line":10,"column":null}}],"line":10},"5":{"loc":{"start":{"line":11,"column":2},"end":{"line":11,"column":null}},"type":"default-arg","locations":[{"start":{"line":11,"column":14},"end":{"line":11,"column":null}}],"line":11},"6":{"loc":{"start":{"line":43,"column":8},"end":{"line":43,"column":null}},"type":"binary-expr","locations":[{"start":{"line":43,"column":8},"end":{"line":43,"column":21}},{"start":{"line":43,"column":21},"end":{"line":43,"column":null}}],"line":43},"7":{"loc":{"start":{"line":44,"column":8},"end":{"line":44,"column":null}},"type":"binary-expr","locations":[{"start":{"line":44,"column":8},"end":{"line":44,"column":20}},{"start":{"line":44,"column":20},"end":{"line":44,"column":null}}],"line":44}},"s":{"0":4,"1":43,"2":43,"3":43,"4":43},"f":{"0":43},"b":{"0":[43],"1":[43],"2":[43],"3":[43],"4":[43],"5":[43],"6":[43,35],"7":[43,4]},"meta":{"lastBranch":8,"lastFunction":1,"lastStatement":5,"seen":{"s:3:6:50:Infinity":0,"f:3:6:3:16":0,"b:5:12:5:Infinity":0,"b:6:9:6:Infinity":1,"b:7:14:7:Infinity":2,"b:9:9:9:Infinity":3,"b:10:13:10:Infinity":4,"b:11:14:11:Infinity":5,"s:14:15:14:Infinity":1,"s:16:19:26:Infinity":2,"s:28:16:32:Infinity":3,"s:34:2:50:Infinity":4,"b:43:8:43:21:43:21:43:Infinity":6,"b:44:8:44:20:44:20:44:Infinity":7}}}
,"/Users/eric/dev/lantern-lounge/app/check-in-web/src/components/common/Card.jsx": {"path":"/Users/eric/dev/lantern-lounge/app/check-in-web/src/components/common/Card.jsx","statementMap":{"0":{"start":{"line":7,"column":6},"end":{"line":50,"column":null}},"1":{"start":{"line":17,"column":22},"end":{"line":17,"column":null}},"2":{"start":{"line":19,"column":25},"end":{"line":24,"column":null}},"3":{"start":{"line":26,"column":23},"end":{"line":26,"column":null}},"4":{"start":{"line":27,"column":27},"end":{"line":27,"column":null}},"5":{"start":{"line":29,"column":2},"end":{"line":50,"column":null}},"6":{"start":{"line":56,"column":0},"end":{"line":57,"column":null}},"7":{"start":{"line":57,"column":2},"end":{"line":57,"column":null}},"8":{"start":{"line":60,"column":0},"end":{"line":61,"column":null}},"9":{"start":{"line":61,"column":2},"end":{"line":61,"column":null}},"10":{"start":{"line":64,"column":0},"end":{"line":65,"column":null}},"11":{"start":{"line":65,"column":2},"end":{"line":65,"column":null}}},"fnMap":{"0":{"name":"(anonymous_0)","decl":{"start":{"line":7,"column":6},"end":{"line":7,"column":14}},"loc":{"start":{"line":16,"column":6},"end":{"line":50,"column":null}},"line":16},"1":{"name":"(anonymous_1)","decl":{"start":{"line":56,"column":5},"end":{"line":56,"column":15}},"loc":{"start":{"line":57,"column":2},"end":{"line":57,"column":null}},"line":57},"2":{"name":"(anonymous_2)","decl":{"start":{"line":60,"column":5},"end":{"line":60,"column":13}},"loc":{"start":{"line":61,"column":2},"end":{"line":61,"column":null}},"line":61},"3":{"name":"(anonymous_3)","decl":{"start":{"line":64,"column":5},"end":{"line":64,"column":15}},"loc":{"start":{"line":65,"column":2},"end":{"line":65,"column":null}},"line":65}},"branchMap":{"0":{"loc":{"start":{"line":9,"column":2},"end":{"line":9,"column":null}},"type":"default-arg","locations":[{"start":{"line":9,"column":12},"end":{"line":9,"column":null}}],"line":9},"1":{"loc":{"start":{"line":10,"column":2},"end":{"line":10,"column":null}},"type":"default-arg","locations":[{"start":{"line":10,"column":10},"end":{"line":10,"column":null}}],"line":10},"2":{"loc":{"start":{"line":13,"column":2},"end":{"line":13,"column":null}},"type":"default-arg","locations":[{"start":{"line":13,"column":13},"end":{"line":13,"column":null}}],"line":13},"3":{"loc":{"start":{"line":14,"column":2},"end":{"line":14,"column":null}},"type":"default-arg","locations":[{"start":{"line":14,"column":14},"end":{"line":14,"column":null}}],"line":14},"4":{"loc":{"start":{"line":26,"column":23},"end":{"line":26,"column":null}},"type":"cond-expr","locations":[{"start":{"line":26,"column":31},"end":{"line":26,"column":88}},{"start":{"line":26,"column":88},"end":{"line":26,"column":null}}],"line":26},"5":{"loc":{"start":{"line":27,"column":27},"end":{"line":27,"column":null}},"type":"cond-expr","locations":[{"start":{"line":27,"column":37},"end":{"line":27,"column":56}},{"start":{"line":27,"column":56},"end":{"line":27,"column":null}}],"line":27},"6":{"loc":{"start":{"line":41,"column":7},"end":{"line":50,"column":null}},"type":"binary-expr","locations":[{"start":{"line":41,"column":7},"end":{"line":41,"column":null}},{"start":{"line":42,"column":8},"end":{"line":50,"column":null}}],"line":41},"7":{"loc":{"start":{"line":56,"column":27},"end":{"line":56,"column":null}},"type":"default-arg","locations":[{"start":{"line":56,"column":39},"end":{"line":56,"column":null}}],"line":56},"8":{"loc":{"start":{"line":60,"column":25},"end":{"line":60,"column":null}},"type":"default-arg","locations":[{"start":{"line":60,"column":37},"end":{"line":60,"column":null}}],"line":60},"9":{"loc":{"start":{"line":64,"column":27},"end":{"line":64,"column":null}},"type":"default-arg","locations":[{"start":{"line":64,"column":39},"end":{"line":64,"column":null}}],"line":64}},"s":{"0":2,"1":33,"2":33,"3":33,"4":33,"5":33,"6":2,"7":1,"8":2,"9":1,"10":2,"11":1},"f":{"0":33,"1":1,"2":1,"3":1},"b":{"0":[33],"1":[33],"2":[33],"3":[33],"4":[2,31],"5":[0,33],"6":[33,0],"7":[1],"8":[1],"9":[1]},"meta":{"lastBranch":10,"lastFunction":4,"lastStatement":12,"seen":{"s:7:6:50:Infinity":0,"f:7:6:7:14":0,"b:9:12:9:Infinity":0,"b:10:10:10:Infinity":1,"b:13:13:13:Infinity":2,"b:14:14:14:Infinity":3,"s:17:22:17:Infinity":1,"s:19:25:24:Infinity":2,"s:26:23:26:Infinity":3,"b:26:31:26:88:26:88:26:Infinity":4,"s:27:27:27:Infinity":4,"b:27:37:27:56:27:56:27:Infinity":5,"s:29:2:50:Infinity":5,"b:41:7:41:Infinity:42:8:50:Infinity":6,"s:56:0:57:Infinity":6,"f:56:5:56:15":1,"s:57:2:57:Infinity":7,"b:56:39:56:Infinity":7,"s:60:0:61:Infinity":8,"f:60:5:60:13":2,"s:61:2:61:Infinity":9,"b:60:37:60:Infinity":8,"s:64:0:65:Infinity":10,"f:64:5:64:15":3,"s:65:2:65:Infinity":11,"b:64:39:64:Infinity":9}}}
,"/Users/eric/dev/lantern-lounge/app/check-in-web/src/components/common/FormGroup.jsx": {"path":"/Users/eric/dev/lantern-lounge/app/check-in-web/src/components/common/FormGroup.jsx","statementMap":{"0":{"start":{"line":7,"column":6},"end":{"line":162,"column":null}},"1":{"start":{"line":24,"column":8},"end":{"line":26,"column":null}},"2":{"start":{"line":29,"column":28},"end":{"line":31,"column":null}},"3":{"start":{"line":33,"column":28},"end":{"line":33,"column":null}},"4":{"start":{"line":34,"column":31},"end":{"line":34,"column":null}},"5":{"start":{"line":36,"column":8},"end":{"line":126,"column":null}},"6":{"start":{"line":37,"column":10},"end":{"line":41,"column":null}},"7":{"start":{"line":44,"column":4},"end":{"line":126,"column":null}},"8":{"start":{"line":46,"column":8},"end":{"line":58,"column":null}},"9":{"start":{"line":62,"column":8},"end":{"line":78,"column":null}},"10":{"start":{"line":75,"column":14},"end":{"line":77,"column":null}},"11":{"start":{"line":83,"column":8},"end":{"line":107,"column":null}},"12":{"start":{"line":114,"column":8},"end":{"line":126,"column":null}},"13":{"start":{"line":132,"column":2},"end":{"line":140,"column":null}},"14":{"start":{"line":133,"column":4},"end":{"line":140,"column":null}},"15":{"start":{"line":146,"column":2},"end":{"line":162,"column":null}}},"fnMap":{"0":{"name":"(anonymous_0)","decl":{"start":{"line":7,"column":6},"end":{"line":7,"column":19}},"loc":{"start":{"line":23,"column":6},"end":{"line":162,"column":null}},"line":23},"1":{"name":"(anonymous_1)","decl":{"start":{"line":36,"column":8},"end":{"line":36,"column":28}},"loc":{"start":{"line":36,"column":28},"end":{"line":126,"column":null}},"line":36},"2":{"name":"(anonymous_2)","decl":{"start":{"line":74,"column":21},"end":{"line":74,"column":26}},"loc":{"start":{"line":75,"column":14},"end":{"line":77,"column":null}},"line":75}},"branchMap":{"0":{"loc":{"start":{"line":10,"column":2},"end":{"line":10,"column":null}},"type":"default-arg","locations":[{"start":{"line":10,"column":9},"end":{"line":10,"column":null}}],"line":10},"1":{"loc":{"start":{"line":14,"column":2},"end":{"line":14,"column":null}},"type":"default-arg","locations":[{"start":{"line":14,"column":13},"end":{"line":14,"column":null}}],"line":14},"2":{"loc":{"start":{"line":15,"column":2},"end":{"line":15,"column":null}},"type":"default-arg","locations":[{"start":{"line":15,"column":16},"end":{"line":15,"column":null}}],"line":15},"3":{"loc":{"start":{"line":16,"column":2},"end":{"line":16,"column":null}},"type":"default-arg","locations":[{"start":{"line":16,"column":15},"end":{"line":16,"column":null}}],"line":16},"4":{"loc":{"start":{"line":17,"column":2},"end":{"line":17,"column":null}},"type":"default-arg","locations":[{"start":{"line":17,"column":13},"end":{"line":17,"column":null}}],"line":17},"5":{"loc":{"start":{"line":18,"column":2},"end":{"line":18,"column":null}},"type":"default-arg","locations":[{"start":{"line":18,"column":9},"end":{"line":18,"column":null}}],"line":18},"6":{"loc":{"start":{"line":19,"column":2},"end":{"line":19,"column":14}},"type":"default-arg","locations":[{"start":{"line":19,"column":12},"end":{"line":19,"column":14}}],"line":19},"7":{"loc":{"start":{"line":20,"column":2},"end":{"line":20,"column":null}},"type":"default-arg","locations":[{"start":{"line":20,"column":14},"end":{"line":20,"column":null}}],"line":20},"8":{"loc":{"start":{"line":21,"column":2},"end":{"line":21,"column":null}},"type":"default-arg","locations":[{"start":{"line":21,"column":10},"end":{"line":21,"column":null}}],"line":21},"9":{"loc":{"start":{"line":26,"column":4},"end":{"line":26,"column":null}},"type":"cond-expr","locations":[{"start":{"line":26,"column":23},"end":{"line":26,"column":62}},{"start":{"line":26,"column":62},"end":{"line":26,"column":null}}],"line":26},"10":{"loc":{"start":{"line":29,"column":28},"end":{"line":31,"column":null}},"type":"cond-expr","locations":[{"start":{"line":30,"column":6},"end":{"line":30,"column":null}},{"start":{"line":31,"column":6},"end":{"line":31,"column":null}}],"line":29},"11":{"loc":{"start":{"line":33,"column":28},"end":{"line":33,"column":null}},"type":"cond-expr","locations":[{"start":{"line":33,"column":36},"end":{"line":33,"column":55}},{"start":{"line":33,"column":55},"end":{"line":33,"column":null}}],"line":33},"12":{"loc":{"start":{"line":34,"column":31},"end":{"line":34,"column":null}},"type":"cond-expr","locations":[{"start":{"line":34,"column":42},"end":{"line":34,"column":76}},{"start":{"line":34,"column":76},"end":{"line":34,"column":null}}],"line":34},"13":{"loc":{"start":{"line":44,"column":4},"end":{"line":126,"column":null}},"type":"switch","locations":[{"start":{"line":45,"column":6},"end":{"line":58,"column":null}},{"start":{"line":61,"column":6},"end":{"line":78,"column":null}},{"start":{"line":82,"column":6},"end":{"line":107,"column":null}},{"start":{"line":113,"column":6},"end":{"line":126,"column":null}}],"line":44},"14":{"loc":{"start":{"line":73,"column":30},"end":{"line":73,"column":73}},"type":"binary-expr","locations":[{"start":{"line":73,"column":30},"end":{"line":73,"column":45}},{"start":{"line":73,"column":45},"end":{"line":73,"column":73}}],"line":73},"15":{"loc":{"start":{"line":95,"column":16},"end":{"line":97,"column":null}},"type":"cond-expr","locations":[{"start":{"line":96,"column":20},"end":{"line":96,"column":null}},{"start":{"line":97,"column":20},"end":{"line":97,"column":null}}],"line":95},"16":{"loc":{"start":{"line":101,"column":13},"end":{"line":107,"column":null}},"type":"binary-expr","locations":[{"start":{"line":101,"column":13},"end":{"line":101,"column":null}},{"start":{"line":102,"column":14},"end":{"line":107,"column":null}}],"line":101},"17":{"loc":{"start":{"line":104,"column":16},"end":{"line":104,"column":null}},"type":"cond-expr","locations":[{"start":{"line":104,"column":35},"end":{"line":104,"column":50}},{"start":{"line":104,"column":50},"end":{"line":104,"column":null}}],"line":104},"18":{"loc":{"start":{"line":107,"column":17},"end":{"line":107,"column":null}},"type":"binary-expr","locations":[{"start":{"line":107,"column":17},"end":{"line":107,"column":29}},{"start":{"line":107,"column":29},"end":{"line":107,"column":null}}],"line":107},"19":{"loc":{"start":{"line":132,"column":2},"end":{"line":140,"column":null}},"type":"if","locations":[{"start":{"line":132,"column":2},"end":{"line":140,"column":null}},{"start":{},"end":{}}],"line":132},"20":{"loc":{"start":{"line":136,"column":9},"end":{"line":137,"column":null}},"type":"binary-expr","locations":[{"start":{"line":136,"column":9},"end":{"line":136,"column":23}},{"start":{"line":136,"column":23},"end":{"line":136,"column":null}},{"start":{"line":137,"column":10},"end":{"line":137,"column":null}}],"line":136},"21":{"loc":{"start":{"line":137,"column":45},"end":{"line":137,"column":99}},"type":"cond-expr","locations":[{"start":{"line":137,"column":64},"end":{"line":137,"column":82}},{"start":{"line":137,"column":82},"end":{"line":137,"column":99}}],"line":137},"22":{"loc":{"start":{"line":139,"column":9},"end":{"line":140,"column":null}},"type":"binary-expr","locations":[{"start":{"line":139,"column":9},"end":{"line":139,"column":null}},{"start":{"line":140,"column":10},"end":{"line":140,"column":null}}],"line":139},"23":{"loc":{"start":{"line":148,"column":7},"end":{"line":154,"column":null}},"type":"binary-expr","locations":[{"start":{"line":148,"column":7},"end":{"line":148,"column":null}},{"start":{"line":149,"column":8},"end":{"line":154,"column":null}}],"line":148},"24":{"loc":{"start":{"line":151,"column":10},"end":{"line":151,"column":null}},"type":"cond-expr","locations":[{"start":{"line":151,"column":29},"end":{"line":151,"column":47}},{"start":{"line":151,"column":47},"end":{"line":151,"column":null}}],"line":151},"25":{"loc":{"start":{"line":154,"column":11},"end":{"line":154,"column":null}},"type":"binary-expr","locations":[{"start":{"line":154,"column":11},"end":{"line":154,"column":23}},{"start":{"line":154,"column":23},"end":{"line":154,"column":null}}],"line":154},"26":{"loc":{"start":{"line":158,"column":7},"end":{"line":159,"column":null}},"type":"binary-expr","locations":[{"start":{"line":158,"column":7},"end":{"line":158,"column":21}},{"start":{"line":158,"column":21},"end":{"line":158,"column":null}},{"start":{"line":159,"column":8},"end":{"line":159,"column":null}}],"line":158},"27":{"loc":{"start":{"line":159,"column":55},"end":{"line":159,"column":109}},"type":"cond-expr","locations":[{"start":{"line":159,"column":74},"end":{"line":159,"column":92}},{"start":{"line":159,"column":92},"end":{"line":159,"column":109}}],"line":159},"28":{"loc":{"start":{"line":161,"column":7},"end":{"line":162,"column":null}},"type":"binary-expr","locations":[{"start":{"line":161,"column":7},"end":{"line":161,"column":null}},{"start":{"line":162,"column":8},"end":{"line":162,"column":null}}],"line":161}},"s":{"0":2,"1":26,"2":26,"3":26,"4":26,"5":26,"6":26,"7":26,"8":1,"9":1,"10":2,"11":1,"12":23,"13":26,"14":1,"15":25},"f":{"0":26,"1":26,"2":2},"b":{"0":[26],"1":[26],"2":[26],"3":[26],"4":[26],"5":[26],"6":[26],"7":[26],"8":[26],"9":[26,0],"10":[26,0],"11":[1,25],"12":[0,26],"13":[1,1,1,23],"14":[1,1],"15":[1,0],"16":[1,1],"17":[1,0],"18":[1,0],"19":[1,25],"20":[1,0,0],"21":[0,0],"22":[1,0],"23":[25,25],"24":[25,0],"25":[25,20],"26":[26,0,0],"27":[0,0],"28":[26,1]},"meta":{"lastBranch":29,"lastFunction":3,"lastStatement":16,"seen":{"s:7:6:162:Infinity":0,"f:7:6:7:19":0,"b:10:9:10:Infinity":0,"b:14:13:14:Infinity":1,"b:15:16:15:Infinity":2,"b:16:15:16:Infinity":3,"b:17:13:17:Infinity":4,"b:18:9:18:Infinity":5,"b:19:12:19:14":6,"b:20:14:20:Infinity":7,"b:21:10:21:Infinity":8,"s:24:8:26:Infinity":1,"b:26:23:26:62:26:62:26:Infinity":9,"s:29:28:31:Infinity":2,"b:30:6:30:Infinity:31:6:31:Infinity":10,"s:33:28:33:Infinity":3,"b:33:36:33:55:33:55:33:Infinity":11,"s:34:31:34:Infinity":4,"b:34:42:34:76:34:76:34:Infinity":12,"s:36:8:126:Infinity":5,"f:36:8:36:28":1,"s:37:10:41:Infinity":6,"b:45:6:58:Infinity:61:6:78:Infinity:82:6:107:Infinity:113:6:126:Infinity":13,"s:44:4:126:Infinity":7,"s:46:8:58:Infinity":8,"s:62:8:78:Infinity":9,"b:73:30:73:45:73:45:73:73":14,"f:74:21:74:26":2,"s:75:14:77:Infinity":10,"s:83:8:107:Infinity":11,"b:96:20:96:Infinity:97:20:97:Infinity":15,"b:101:13:101:Infinity:102:14:107:Infinity":16,"b:104:35:104:50:104:50:104:Infinity":17,"b:107:17:107:29:107:29:107:Infinity":18,"s:114:8:126:Infinity":12,"b:132:2:140:Infinity:undefined:undefined:undefined:undefined":19,"s:132:2:140:Infinity":13,"s:133:4:140:Infinity":14,"b:136:9:136:23:136:23:136:Infinity:137:10:137:Infinity":20,"b:137:64:137:82:137:82:137:99":21,"b:139:9:139:Infinity:140:10:140:Infinity":22,"s:146:2:162:Infinity":15,"b:148:7:148:Infinity:149:8:154:Infinity":23,"b:151:29:151:47:151:47:151:Infinity":24,"b:154:11:154:23:154:23:154:Infinity":25,"b:158:7:158:21:158:21:158:Infinity:159:8:159:Infinity":26,"b:159:74:159:92:159:92:159:109":27,"b:161:7:161:Infinity:162:8:162:Infinity":28}}}
,"/Users/eric/dev/lantern-lounge/app/check-in-web/src/components/common/GlobalError.jsx": {"path":"/Users/eric/dev/lantern-lounge/app/check-in-web/src/components/common/GlobalError.jsx","statementMap":{"0":{"start":{"line":4,"column":6},"end":{"line":33,"column":null}},"1":{"start":{"line":5,"column":23},"end":{"line":5,"column":51}},"2":{"start":{"line":7,"column":2},"end":{"line":7,"column":null}},"3":{"start":{"line":7,"column":20},"end":{"line":7,"column":null}},"4":{"start":{"line":9,"column":2},"end":{"line":33,"column":null}},"5":{"start":{"line":26,"column":27},"end":{"line":26,"column":47}}},"fnMap":{"0":{"name":"(anonymous_0)","decl":{"start":{"line":4,"column":6},"end":{"line":4,"column":26}},"loc":{"start":{"line":4,"column":26},"end":{"line":33,"column":null}},"line":4},"1":{"name":"(anonymous_1)","decl":{"start":{"line":26,"column":12},"end":{"line":26,"column":27}},"loc":{"start":{"line":26,"column":27},"end":{"line":26,"column":47}},"line":26}},"branchMap":{"0":{"loc":{"start":{"line":7,"column":2},"end":{"line":7,"column":null}},"type":"if","locations":[{"start":{"line":7,"column":2},"end":{"line":7,"column":null}},{"start":{},"end":{}}],"line":7},"1":{"loc":{"start":{"line":16,"column":13},"end":{"line":16,"column":null}},"type":"cond-expr","locations":[{"start":{"line":16,"column":47},"end":{"line":16,"column":61}},{"start":{"line":16,"column":61},"end":{"line":16,"column":null}}],"line":16},"2":{"loc":{"start":{"line":16,"column":61},"end":{"line":16,"column":null}},"type":"binary-expr","locations":[{"start":{"line":16,"column":61},"end":{"line":16,"column":84}},{"start":{"line":16,"column":84},"end":{"line":16,"column":null}}],"line":16},"3":{"loc":{"start":{"line":18,"column":11},"end":{"line":23,"column":null}},"type":"binary-expr","locations":[{"start":{"line":18,"column":11},"end":{"line":18,"column":null}},{"start":{"line":19,"column":12},"end":{"line":23,"column":null}}],"line":18}},"s":{"0":2,"1":9,"2":9,"3":6,"4":3,"5":1},"f":{"0":9,"1":1},"b":{"0":[6,3],"1":[2,1],"2":[1,0],"3":[9,1]},"meta":{"lastBranch":4,"lastFunction":2,"lastStatement":6,"seen":{"s:4:6:33:Infinity":0,"f:4:6:4:26":0,"s:5:23:5:51":1,"b:7:2:7:Infinity:undefined:undefined:undefined:undefined":0,"s:7:2:7:Infinity":2,"s:7:20:7:Infinity":3,"s:9:2:33:Infinity":4,"b:16:47:16:61:16:61:16:Infinity":1,"b:16:61:16:84:16:84:16:Infinity":2,"b:18:11:18:Infinity:19:12:23:Infinity":3,"f:26:12:26:27":1,"s:26:27:26:47":5}}}
,"/Users/eric/dev/lantern-lounge/app/check-in-web/src/components/common/Modal.jsx": {"path":"/Users/eric/dev/lantern-lounge/app/check-in-web/src/components/common/Modal.jsx","statementMap":{"0":{"start":{"line":9,"column":6},"end":{"line":116,"column":null}},"1":{"start":{"line":19,"column":2},"end":{"line":28,"column":null}},"2":{"start":{"line":20,"column":10},"end":{"line":22,"column":null}},"3":{"start":{"line":21,"column":6},"end":{"line":22,"column":null}},"4":{"start":{"line":22,"column":8},"end":{"line":22,"column":null}},"5":{"start":{"line":26,"column":4},"end":{"line":26,"column":null}},"6":{"start":{"line":27,"column":4},"end":{"line":27,"column":null}},"7":{"start":{"line":27,"column":17},"end":{"line":27,"column":67}},"8":{"start":{"line":31,"column":2},"end":{"line":41,"column":null}},"9":{"start":{"line":32,"column":4},"end":{"line":35,"column":null}},"10":{"start":{"line":33,"column":6},"end":{"line":33,"column":null}},"11":{"start":{"line":35,"column":6},"end":{"line":35,"column":null}},"12":{"start":{"line":38,"column":4},"end":{"line":39,"column":null}},"13":{"start":{"line":39,"column":6},"end":{"line":39,"column":null}},"14":{"start":{"line":43,"column":2},"end":{"line":43,"column":null}},"15":{"start":{"line":43,"column":15},"end":{"line":43,"column":null}},"16":{"start":{"line":45,"column":22},"end":{"line":50,"column":null}},"17":{"start":{"line":52,"column":23},"end":{"line":55,"column":null}},"18":{"start":{"line":57,"column":23},"end":{"line":60,"column":null}},"19":{"start":{"line":62,"column":29},"end":{"line":65,"column":null}},"20":{"start":{"line":68,"column":4},"end":{"line":113,"column":null}},"21":{"start":{"line":79,"column":24},"end":{"line":79,"column":43}},"22":{"start":{"line":116,"column":2},"end":{"line":116,"column":null}}},"fnMap":{"0":{"name":"(anonymous_0)","decl":{"start":{"line":9,"column":6},"end":{"line":9,"column":15}},"loc":{"start":{"line":17,"column":6},"end":{"line":116,"column":null}},"line":17},"1":{"name":"(anonymous_1)","decl":{"start":{"line":19,"column":2},"end":{"line":19,"column":18}},"loc":{"start":{"line":19,"column":18},"end":{"line":28,"column":6}},"line":19},"2":{"name":"(anonymous_2)","decl":{"start":{"line":20,"column":10},"end":{"line":20,"column":23}},"loc":{"start":{"line":20,"column":29},"end":{"line":22,"column":null}},"line":20},"3":{"name":"(anonymous_3)","decl":{"start":{"line":27,"column":4},"end":{"line":27,"column":17}},"loc":{"start":{"line":27,"column":17},"end":{"line":27,"column":67}},"line":27},"4":{"name":"(anonymous_4)","decl":{"start":{"line":31,"column":2},"end":{"line":31,"column":18}},"loc":{"start":{"line":31,"column":18},"end":{"line":41,"column":6}},"line":31},"5":{"name":"(anonymous_5)","decl":{"start":{"line":38,"column":4},"end":{"line":38,"column":17}},"loc":{"start":{"line":38,"column":17},"end":{"line":39,"column":null}},"line":38},"6":{"name":"(anonymous_6)","decl":{"start":{"line":79,"column":8},"end":{"line":79,"column":18}},"loc":{"start":{"line":79,"column":24},"end":{"line":79,"column":43}},"line":79}},"branchMap":{"0":{"loc":{"start":{"line":14,"column":2},"end":{"line":14,"column":null}},"type":"default-arg","locations":[{"start":{"line":14,"column":9},"end":{"line":14,"column":null}}],"line":14},"1":{"loc":{"start":{"line":15,"column":2},"end":{"line":15,"column":null}},"type":"default-arg","locations":[{"start":{"line":15,"column":14},"end":{"line":15,"column":null}}],"line":15},"2":{"loc":{"start":{"line":16,"column":2},"end":{"line":16,"column":null}},"type":"default-arg","locations":[{"start":{"line":16,"column":10},"end":{"line":16,"column":null}}],"line":16},"3":{"loc":{"start":{"line":21,"column":6},"end":{"line":22,"column":null}},"type":"if","locations":[{"start":{"line":21,"column":6},"end":{"line":22,"column":null}},{"start":{},"end":{}}],"line":21},"4":{"loc":{"start":{"line":21,"column":10},"end":{"line":21,"column":40}},"type":"binary-expr","locations":[{"start":{"line":21,"column":10},"end":{"line":21,"column":32}},{"start":{"line":21,"column":32},"end":{"line":21,"column":40}}],"line":21},"5":{"loc":{"start":{"line":32,"column":4},"end":{"line":35,"column":null}},"type":"if","locations":[{"start":{"line":32,"column":4},"end":{"line":35,"column":null}},{"start":{"line":34,"column":11},"end":{"line":35,"column":null}}],"line":32},"6":{"loc":{"start":{"line":43,"column":2},"end":{"line":43,"column":null}},"type":"if","locations":[{"start":{"line":43,"column":2},"end":{"line":43,"column":null}},{"start":{},"end":{}}],"line":43},"7":{"loc":{"start":{"line":75,"column":10},"end":{"line":75,"column":null}},"type":"cond-expr","locations":[{"start":{"line":75,"column":29},"end":{"line":75,"column":49}},{"start":{"line":75,"column":49},"end":{"line":75,"column":null}}],"line":75},"8":{"loc":{"start":{"line":81,"column":9},"end":{"line":82,"column":null}},"type":"binary-expr","locations":[{"start":{"line":81,"column":9},"end":{"line":81,"column":null}},{"start":{"line":82,"column":10},"end":{"line":82,"column":null}}],"line":81},"9":{"loc":{"start":{"line":88,"column":10},"end":{"line":88,"column":null}},"type":"cond-expr","locations":[{"start":{"line":88,"column":29},"end":{"line":88,"column":49}},{"start":{"line":88,"column":49},"end":{"line":88,"column":null}}],"line":88},"10":{"loc":{"start":{"line":92,"column":12},"end":{"line":92,"column":null}},"type":"cond-expr","locations":[{"start":{"line":92,"column":31},"end":{"line":92,"column":51}},{"start":{"line":92,"column":51},"end":{"line":92,"column":null}}],"line":92},"11":{"loc":{"start":{"line":100,"column":14},"end":{"line":100,"column":null}},"type":"cond-expr","locations":[{"start":{"line":100,"column":33},"end":{"line":100,"column":59}},{"start":{"line":100,"column":59},"end":{"line":100,"column":null}}],"line":100}},"s":{"0":1,"1":4,"2":4,"3":0,"4":0,"5":4,"6":4,"7":4,"8":4,"9":4,"10":3,"11":1,"12":4,"13":4,"14":4,"15":1,"16":3,"17":3,"18":3,"19":3,"20":3,"21":1,"22":4},"f":{"0":4,"1":4,"2":0,"3":4,"4":4,"5":4,"6":1},"b":{"0":[4],"1":[4],"2":[4],"3":[0,0],"4":[0,0],"5":[3,1],"6":[1,3],"7":[3,0],"8":[4,0],"9":[3,0],"10":[3,0],"11":[3,0]},"meta":{"lastBranch":12,"lastFunction":7,"lastStatement":23,"seen":{"s:9:6:116:Infinity":0,"f:9:6:9:15":0,"b:14:9:14:Infinity":0,"b:15:14:15:Infinity":1,"b:16:10:16:Infinity":2,"s:19:2:28:Infinity":1,"f:19:2:19:18":1,"s:20:10:22:Infinity":2,"f:20:10:20:23":2,"b:21:6:22:Infinity:undefined:undefined:undefined:undefined":3,"s:21:6:22:Infinity":3,"b:21:10:21:32:21:32:21:40":4,"s:22:8:22:Infinity":4,"s:26:4:26:Infinity":5,"s:27:4:27:Infinity":6,"f:27:4:27:17":3,"s:27:17:27:67":7,"s:31:2:41:Infinity":8,"f:31:2:31:18":4,"b:32:4:35:Infinity:34:11:35:Infinity":5,"s:32:4:35:Infinity":9,"s:33:6:33:Infinity":10,"s:35:6:35:Infinity":11,"s:38:4:39:Infinity":12,"f:38:4:38:17":5,"s:39:6:39:Infinity":13,"b:43:2:43:Infinity:undefined:undefined:undefined:undefined":6,"s:43:2:43:Infinity":14,"s:43:15:43:Infinity":15,"s:45:22:50:Infinity":16,"s:52:23:55:Infinity":17,"s:57:23:60:Infinity":18,"s:62:29:65:Infinity":19,"s:68:4:113:Infinity":20,"b:75:29:75:49:75:49:75:Infinity":7,"f:79:8:79:18":6,"s:79:24:79:43":21,"b:81:9:81:Infinity:82:10:82:Infinity":8,"b:88:29:88:49:88:49:88:Infinity":9,"b:92:31:92:51:92:51:92:Infinity":10,"b:100:33:100:59:100:59:100:Infinity":11,"s:116:2:116:Infinity":22}}}
,"/Users/eric/dev/lantern-lounge/app/check-in-web/src/components/layout/Layout.jsx": {"path":"/Users/eric/dev/lantern-lounge/app/check-in-web/src/components/layout/Layout.jsx","statementMap":{"0":{"start":{"line":7,"column":6},"end":{"line":47,"column":null}},"1":{"start":{"line":8,"column":42},"end":{"line":8,"column":63}},"2":{"start":{"line":9,"column":26},"end":{"line":9,"column":63}},"3":{"start":{"line":11,"column":2},"end":{"line":47,"column":null}},"4":{"start":{"line":36,"column":37},"end":{"line":36,"column":61}},"5":{"start":{"line":46,"column":57},"end":{"line":46,"column":86}}},"fnMap":{"0":{"name":"(anonymous_0)","decl":{"start":{"line":7,"column":6},"end":{"line":7,"column":16}},"loc":{"start":{"line":7,"column":33},"end":{"line":47,"column":null}},"line":7},"1":{"name":"(anonymous_1)","decl":{"start":{"line":36,"column":22},"end":{"line":36,"column":37}},"loc":{"start":{"line":36,"column":37},"end":{"line":36,"column":61}},"line":36},"2":{"name":"(anonymous_2)","decl":{"start":{"line":46,"column":42},"end":{"line":46,"column":57}},"loc":{"start":{"line":46,"column":57},"end":{"line":46,"column":86}},"line":46}},"branchMap":{"0":{"loc":{"start":{"line":23,"column":13},"end":{"line":40,"column":null}},"type":"cond-expr","locations":[{"start":{"line":24,"column":14},"end":{"line":36,"column":15}},{"start":{"line":36,"column":14},"end":{"line":40,"column":null}}],"line":23},"1":{"loc":{"start":{"line":28,"column":21},"end":{"line":28,"column":null}},"type":"cond-expr","locations":[{"start":{"line":28,"column":31},"end":{"line":28,"column":49}},{"start":{"line":28,"column":49},"end":{"line":28,"column":null}}],"line":28}},"s":{"0":1,"1":5,"2":5,"3":5,"4":1,"5":0},"f":{"0":5,"1":1,"2":0},"b":{"0":[2,3],"1":[0,2]},"meta":{"lastBranch":2,"lastFunction":3,"lastStatement":6,"seen":{"s:7:6:47:Infinity":0,"f:7:6:7:16":0,"s:8:42:8:63":1,"s:9:26:9:63":2,"s:11:2:47:Infinity":3,"b:24:14:36:15:36:14:40:Infinity":0,"b:28:31:28:49:28:49:28:Infinity":1,"f:36:22:36:37":1,"s:36:37:36:61":4,"f:46:42:46:57":2,"s:46:57:46:86":5}}}
,"/Users/eric/dev/lantern-lounge/app/check-in-web/src/contexts/AuthContext.jsx": {"path":"/Users/eric/dev/lantern-lounge/app/check-in-web/src/contexts/AuthContext.jsx","statementMap":{"0":{"start":{"line":5,"column":13},"end":{"line":5,"column":42}},"1":{"start":{"line":7,"column":13},"end":{"line":138,"column":null}},"2":{"start":{"line":8,"column":22},"end":{"line":8,"column":54}},"3":{"start":{"line":9,"column":20},"end":{"line":9,"column":50}},"4":{"start":{"line":10,"column":16},"end":{"line":10,"column":42}},"5":{"start":{"line":11,"column":22},"end":{"line":11,"column":54}},"6":{"start":{"line":13,"column":19},"end":{"line":30,"column":null}},"7":{"start":{"line":14,"column":4},"end":{"line":30,"column":null}},"8":{"start":{"line":15,"column":19},"end":{"line":15,"column":56}},"9":{"start":{"line":16,"column":6},"end":{"line":24,"column":null}},"10":{"start":{"line":17,"column":23},"end":{"line":17,"column":40}},"11":{"start":{"line":18,"column":24},"end":{"line":18,"column":76}},"12":{"start":{"line":19,"column":8},"end":{"line":24,"column":null}},"13":{"start":{"line":20,"column":10},"end":{"line":20,"column":null}},"14":{"start":{"line":21,"column":10},"end":{"line":21,"column":null}},"15":{"start":{"line":22,"column":10},"end":{"line":22,"column":null}},"16":{"start":{"line":23,"column":10},"end":{"line":23,"column":null}},"17":{"start":{"line":24,"column":10},"end":{"line":24,"column":null}},"18":{"start":{"line":27,"column":6},"end":{"line":27,"column":null}},"19":{"start":{"line":29,"column":6},"end":{"line":29,"column":null}},"20":{"start":{"line":30,"column":6},"end":{"line":30,"column":null}},"21":{"start":{"line":34,"column":2},"end":{"line":49,"column":null}},"22":{"start":{"line":37,"column":24},"end":{"line":43,"column":null}},"23":{"start":{"line":38,"column":6},"end":{"line":41,"column":null}},"24":{"start":{"line":39,"column":8},"end":{"line":39,"column":null}},"25":{"start":{"line":39,"column":33},"end":{"line":39,"column":52}},"26":{"start":{"line":40,"column":17},"end":{"line":41,"column":null}},"27":{"start":{"line":41,"column":8},"end":{"line":41,"column":null}},"28":{"start":{"line":46,"column":4},"end":{"line":46,"column":null}},"29":{"start":{"line":46,"column":29},"end":{"line":46,"column":48}},"30":{"start":{"line":48,"column":4},"end":{"line":48,"column":null}},"31":{"start":{"line":51,"column":17},"end":{"line":63,"column":null}},"32":{"start":{"line":52,"column":4},"end":{"line":63,"column":null}},"33":{"start":{"line":53,"column":6},"end":{"line":53,"column":null}},"34":{"start":{"line":54,"column":6},"end":{"line":54,"column":null}},"35":{"start":{"line":55,"column":6},"end":{"line":55,"column":null}},"36":{"start":{"line":56,"column":6},"end":{"line":56,"column":null}},"37":{"start":{"line":57,"column":6},"end":{"line":57,"column":null}},"38":{"start":{"line":59,"column":27},"end":{"line":59,"column":null}},"39":{"start":{"line":60,"column":6},"end":{"line":60,"column":null}},"40":{"start":{"line":61,"column":6},"end":{"line":61,"column":null}},"41":{"start":{"line":63,"column":6},"end":{"line":63,"column":null}},"42":{"start":{"line":67,"column":17},"end":{"line":78,"column":null}},"43":{"start":{"line":68,"column":4},"end":{"line":78,"column":null}},"44":{"start":{"line":69,"column":6},"end":{"line":69,"column":null}},"45":{"start":{"line":70,"column":6},"end":{"line":70,"column":null}},"46":{"start":{"line":71,"column":6},"end":{"line":71,"column":null}},"47":{"start":{"line":72,"column":6},"end":{"line":72,"column":null}},"48":{"start":{"line":74,"column":27},"end":{"line":74,"column":null}},"49":{"start":{"line":75,"column":6},"end":{"line":75,"column":null}},"50":{"start":{"line":76,"column":6},"end":{"line":76,"column":null}},"51":{"start":{"line":78,"column":6},"end":{"line":78,"column":null}},"52":{"start":{"line":82,"column":23},"end":{"line":93,"column":null}},"53":{"start":{"line":83,"column":4},"end":{"line":93,"column":null}},"54":{"start":{"line":84,"column":6},"end":{"line":84,"column":null}},"55":{"start":{"line":85,"column":6},"end":{"line":85,"column":null}},"56":{"start":{"line":86,"column":6},"end":{"line":86,"column":null}},"57":{"start":{"line":87,"column":6},"end":{"line":87,"column":null}},"58":{"start":{"line":89,"column":27},"end":{"line":89,"column":null}},"59":{"start":{"line":90,"column":6},"end":{"line":90,"column":null}},"60":{"start":{"line":91,"column":6},"end":{"line":91,"column":null}},"61":{"start":{"line":93,"column":6},"end":{"line":93,"column":null}},"62":{"start":{"line":97,"column":21},"end":{"line":105,"column":null}},"63":{"start":{"line":98,"column":4},"end":{"line":105,"column":null}},"64":{"start":{"line":99,"column":6},"end":{"line":99,"column":null}},"65":{"start":{"line":100,"column":6},"end":{"line":100,"column":null}},"66":{"start":{"line":101,"column":6},"end":{"line":101,"column":null}},"67":{"start":{"line":103,"column":27},"end":{"line":103,"column":null}},"68":{"start":{"line":104,"column":6},"end":{"line":104,"column":null}},"69":{"start":{"line":105,"column":6},"end":{"line":105,"column":null}},"70":{"start":{"line":109,"column":18},"end":{"line":111,"column":null}},"71":{"start":{"line":110,"column":4},"end":{"line":110,"column":null}},"72":{"start":{"line":111,"column":4},"end":{"line":111,"column":null}},"73":{"start":{"line":114,"column":19},"end":{"line":115,"column":null}},"74":{"start":{"line":115,"column":4},"end":{"line":115,"column":null}},"75":{"start":{"line":118,"column":25},"end":{"line":119,"column":null}},"76":{"start":{"line":119,"column":4},"end":{"line":119,"column":null}},"77":{"start":{"line":122,"column":16},"end":{"line":136,"column":null}},"78":{"start":{"line":138,"column":2},"end":{"line":138,"column":null}}},"fnMap":{"0":{"name":"(anonymous_0)","decl":{"start":{"line":7,"column":13},"end":{"line":7,"column":29}},"loc":{"start":{"line":7,"column":46},"end":{"line":138,"column":null}},"line":7},"1":{"name":"(anonymous_1)","decl":{"start":{"line":13,"column":19},"end":{"line":13,"column":31}},"loc":{"start":{"line":13,"column":31},"end":{"line":30,"column":null}},"line":13},"2":{"name":"(anonymous_2)","decl":{"start":{"line":34,"column":2},"end":{"line":34,"column":18}},"loc":{"start":{"line":34,"column":18},"end":{"line":49,"column":7}},"line":34},"3":{"name":"(anonymous_3)","decl":{"start":{"line":37,"column":35},"end":{"line":37,"column":44}},"loc":{"start":{"line":37,"column":60},"end":{"line":43,"column":null}},"line":37},"4":{"name":"(anonymous_4)","decl":{"start":{"line":39,"column":19},"end":{"line":39,"column":33}},"loc":{"start":{"line":39,"column":33},"end":{"line":39,"column":52}},"line":39},"5":{"name":"(anonymous_5)","decl":{"start":{"line":46,"column":15},"end":{"line":46,"column":29}},"loc":{"start":{"line":46,"column":29},"end":{"line":46,"column":48}},"line":46},"6":{"name":"(anonymous_6)","decl":{"start":{"line":51,"column":17},"end":{"line":51,"column":24}},"loc":{"start":{"line":51,"column":44},"end":{"line":63,"column":null}},"line":51},"7":{"name":"(anonymous_7)","decl":{"start":{"line":67,"column":17},"end":{"line":67,"column":24}},"loc":{"start":{"line":67,"column":50},"end":{"line":78,"column":null}},"line":67},"8":{"name":"(anonymous_8)","decl":{"start":{"line":82,"column":23},"end":{"line":82,"column":30}},"loc":{"start":{"line":82,"column":46},"end":{"line":93,"column":null}},"line":82},"9":{"name":"(anonymous_9)","decl":{"start":{"line":97,"column":21},"end":{"line":97,"column":28}},"loc":{"start":{"line":97,"column":38},"end":{"line":105,"column":null}},"line":97},"10":{"name":"(anonymous_10)","decl":{"start":{"line":109,"column":18},"end":{"line":109,"column":30}},"loc":{"start":{"line":109,"column":30},"end":{"line":111,"column":null}},"line":109},"11":{"name":"(anonymous_11)","decl":{"start":{"line":114,"column":19},"end":{"line":114,"column":31}},"loc":{"start":{"line":114,"column":31},"end":{"line":115,"column":null}},"line":114},"12":{"name":"(anonymous_12)","decl":{"start":{"line":118,"column":25},"end":{"line":118,"column":37}},"loc":{"start":{"line":118,"column":37},"end":{"line":119,"column":null}},"line":118}},"branchMap":{"0":{"loc":{"start":{"line":16,"column":6},"end":{"line":24,"column":null}},"type":"if","locations":[{"start":{"line":16,"column":6},"end":{"line":24,"column":null}},{"start":{},"end":{}}],"line":16},"1":{"loc":{"start":{"line":17,"column":23},"end":{"line":17,"column":40}},"type":"binary-expr","locations":[{"start":{"line":17,"column":23},"end":{"line":17,"column":38}},{"start":{"line":17,"column":38},"end":{"line":17,"column":40}}],"line":17},"2":{"loc":{"start":{"line":18,"column":24},"end":{"line":18,"column":76}},"type":"binary-expr","locations":[{"start":{"line":18,"column":24},"end":{"line":18,"column":48}},{"start":{"line":18,"column":52},"end":{"line":18,"column":76}}],"line":18},"3":{"loc":{"start":{"line":19,"column":8},"end":{"line":24,"column":null}},"type":"if","locations":[{"start":{"line":19,"column":8},"end":{"line":24,"column":null}},{"start":{},"end":{}}],"line":19},"4":{"loc":{"start":{"line":38,"column":6},"end":{"line":41,"column":null}},"type":"if","locations":[{"start":{"line":38,"column":6},"end":{"line":41,"column":null}},{"start":{"line":40,"column":17},"end":{"line":41,"column":null}}],"line":38},"5":{"loc":{"start":{"line":40,"column":17},"end":{"line":41,"column":null}},"type":"if","locations":[{"start":{"line":40,"column":17},"end":{"line":41,"column":null}},{"start":{},"end":{}}],"line":40},"6":{"loc":{"start":{"line":59,"column":27},"end":{"line":59,"column":null}},"type":"binary-expr","locations":[{"start":{"line":59,"column":27},"end":{"line":59,"column":42}},{"start":{"line":59,"column":42},"end":{"line":59,"column":null}}],"line":59},"7":{"loc":{"start":{"line":74,"column":27},"end":{"line":74,"column":null}},"type":"binary-expr","locations":[{"start":{"line":74,"column":27},"end":{"line":74,"column":42}},{"start":{"line":74,"column":42},"end":{"line":74,"column":null}}],"line":74},"8":{"loc":{"start":{"line":89,"column":27},"end":{"line":89,"column":null}},"type":"binary-expr","locations":[{"start":{"line":89,"column":27},"end":{"line":89,"column":42}},{"start":{"line":89,"column":42},"end":{"line":89,"column":null}}],"line":89},"9":{"loc":{"start":{"line":103,"column":27},"end":{"line":103,"column":null}},"type":"binary-expr","locations":[{"start":{"line":103,"column":27},"end":{"line":103,"column":42}},{"start":{"line":103,"column":42},"end":{"line":103,"column":null}}],"line":103}},"s":{"0":6,"1":6,"2":26,"3":26,"4":26,"5":26,"6":26,"7":10,"8":10,"9":10,"10":4,"11":4,"12":4,"13":1,"14":1,"15":1,"16":1,"17":1,"18":9,"19":0,"20":0,"21":26,"22":8,"23":2,"24":1,"25":1,"26":1,"27":1,"28":8,"29":8,"30":8,"31":26,"32":2,"33":2,"34":2,"35":2,"36":1,"37":1,"38":1,"39":1,"40":1,"41":2,"42":26,"43":2,"44":2,"45":2,"46":2,"47":1,"48":1,"49":1,"50":1,"51":2,"52":26,"53":2,"54":2,"55":2,"56":2,"57":1,"58":1,"59":1,"60":1,"61":2,"62":26,"63":1,"64":1,"65":1,"66":1,"67":0,"68":0,"69":0,"70":26,"71":1,"72":1,"73":26,"74":1,"75":26,"76":0,"77":26,"78":26},"f":{"0":26,"1":10,"2":8,"3":2,"4":1,"5":8,"6":2,"7":2,"8":2,"9":1,"10":1,"11":1,"12":0},"b":{"0":[4,6],"1":[4,0],"2":[4,1],"3":[1,3],"4":[1,1],"5":[1,0],"6":[1,0],"7":[1,0],"8":[1,0],"9":[0,0]},"meta":{"lastBranch":10,"lastFunction":13,"lastStatement":79,"seen":{"s:5:13:5:42":0,"s:7:13:138:Infinity":1,"f:7:13:7:29":0,"s:8:22:8:54":2,"s:9:20:9:50":3,"s:10:16:10:42":4,"s:11:22:11:54":5,"s:13:19:30:Infinity":6,"f:13:19:13:31":1,"s:14:4:30:Infinity":7,"s:15:19:15:56":8,"b:16:6:24:Infinity:undefined:undefined:undefined:undefined":0,"s:16:6:24:Infinity":9,"s:17:23:17:40":10,"b:17:23:17:38:17:38:17:40":1,"s:18:24:18:76":11,"b:18:24:18:48:18:52:18:76":2,"b:19:8:24:Infinity:undefined:undefined:undefined:undefined":3,"s:19:8:24:Infinity":12,"s:20:10:20:Infinity":13,"s:21:10:21:Infinity":14,"s:22:10:22:Infinity":15,"s:23:10:23:Infinity":16,"s:24:10:24:Infinity":17,"s:27:6:27:Infinity":18,"s:29:6:29:Infinity":19,"s:30:6:30:Infinity":20,"s:34:2:49:Infinity":21,"f:34:2:34:18":2,"s:37:24:43:Infinity":22,"f:37:35:37:44":3,"b:38:6:41:Infinity:40:17:41:Infinity":4,"s:38:6:41:Infinity":23,"s:39:8:39:Infinity":24,"f:39:19:39:33":4,"s:39:33:39:52":25,"b:40:17:41:Infinity:undefined:undefined:undefined:undefined":5,"s:40:17:41:Infinity":26,"s:41:8:41:Infinity":27,"s:46:4:46:Infinity":28,"f:46:15:46:29":5,"s:46:29:46:48":29,"s:48:4:48:Infinity":30,"s:51:17:63:Infinity":31,"f:51:17:51:24":6,"s:52:4:63:Infinity":32,"s:53:6:53:Infinity":33,"s:54:6:54:Infinity":34,"s:55:6:55:Infinity":35,"s:56:6:56:Infinity":36,"s:57:6:57:Infinity":37,"s:59:27:59:Infinity":38,"b:59:27:59:42:59:42:59:Infinity":6,"s:60:6:60:Infinity":39,"s:61:6:61:Infinity":40,"s:63:6:63:Infinity":41,"s:67:17:78:Infinity":42,"f:67:17:67:24":7,"s:68:4:78:Infinity":43,"s:69:6:69:Infinity":44,"s:70:6:70:Infinity":45,"s:71:6:71:Infinity":46,"s:72:6:72:Infinity":47,"s:74:27:74:Infinity":48,"b:74:27:74:42:74:42:74:Infinity":7,"s:75:6:75:Infinity":49,"s:76:6:76:Infinity":50,"s:78:6:78:Infinity":51,"s:82:23:93:Infinity":52,"f:82:23:82:30":8,"s:83:4:93:Infinity":53,"s:84:6:84:Infinity":54,"s:85:6:85:Infinity":55,"s:86:6:86:Infinity":56,"s:87:6:87:Infinity":57,"s:89:27:89:Infinity":58,"b:89:27:89:42:89:42:89:Infinity":8,"s:90:6:90:Infinity":59,"s:91:6:91:Infinity":60,"s:93:6:93:Infinity":61,"s:97:21:105:Infinity":62,"f:97:21:97:28":9,"s:98:4:105:Infinity":63,"s:99:6:99:Infinity":64,"s:100:6:100:Infinity":65,"s:101:6:101:Infinity":66,"s:103:27:103:Infinity":67,"b:103:27:103:42:103:42:103:Infinity":9,"s:104:6:104:Infinity":68,"s:105:6:105:Infinity":69,"s:109:18:111:Infinity":70,"f:109:18:109:30":10,"s:110:4:110:Infinity":71,"s:111:4:111:Infinity":72,"s:114:19:115:Infinity":73,"f:114:19:114:31":11,"s:115:4:115:Infinity":74,"s:118:25:119:Infinity":75,"f:118:25:118:37":12,"s:119:4:119:Infinity":76,"s:122:16:136:Infinity":77,"s:138:2:138:Infinity":78}}}
,"/Users/eric/dev/lantern-lounge/app/check-in-web/src/hooks/useAuth.js": {"path":"/Users/eric/dev/lantern-lounge/app/check-in-web/src/hooks/useAuth.js","statementMap":{"0":{"start":{"line":8,"column":13},"end":{"line":32,"column":null}},"1":{"start":{"line":9,"column":8},"end":{"line":9,"column":41}},"2":{"start":{"line":11,"column":2},"end":{"line":12,"column":null}},"3":{"start":{"line":12,"column":4},"end":{"line":12,"column":null}},"4":{"start":{"line":15,"column":63},"end":{"line":15,"column":null}},"5":{"start":{"line":18,"column":17},"end":{"line":18,"column":42}},"6":{"start":{"line":19,"column":18},"end":{"line":19,"column":42}},"7":{"start":{"line":20,"column":18},"end":{"line":20,"column":null}},"8":{"start":{"line":22,"column":2},"end":{"line":32,"column":null}}},"fnMap":{"0":{"name":"(anonymous_0)","decl":{"start":{"line":8,"column":13},"end":{"line":8,"column":29}},"loc":{"start":{"line":8,"column":29},"end":{"line":32,"column":null}},"line":8}},"branchMap":{"0":{"loc":{"start":{"line":11,"column":2},"end":{"line":12,"column":null}},"type":"if","locations":[{"start":{"line":11,"column":2},"end":{"line":12,"column":null}},{"start":{},"end":{}}],"line":11},"1":{"loc":{"start":{"line":18,"column":17},"end":{"line":18,"column":42}},"type":"binary-expr","locations":[{"start":{"line":18,"column":17},"end":{"line":18,"column":40}},{"start":{"line":18,"column":40},"end":{"line":18,"column":42}}],"line":18},"2":{"loc":{"start":{"line":20,"column":18},"end":{"line":20,"column":null}},"type":"binary-expr","locations":[{"start":{"line":20,"column":18},"end":{"line":20,"column":42}},{"start":{"line":20,"column":46},"end":{"line":20,"column":null}}],"line":20}},"s":{"0":6,"1":4,"2":4,"3":2,"4":2,"5":2,"6":4,"7":4,"8":4},"f":{"0":4},"b":{"0":[2,2],"1":[2,0],"2":[4,1]},"meta":{"lastBranch":3,"lastFunction":1,"lastStatement":9,"seen":{"s:8:13:32:Infinity":0,"f:8:13:8:29":0,"s:9:8:9:41":1,"b:11:2:12:Infinity:undefined:undefined:undefined:undefined":0,"s:11:2:12:Infinity":2,"s:12:4:12:Infinity":3,"s:15:63:15:Infinity":4,"s:18:17:18:42":5,"b:18:17:18:40:18:40:18:42":1,"s:19:18:19:42":6,"s:20:18:20:Infinity":7,"b:20:18:20:42:20:46:20:Infinity":2,"s:22:2:32:Infinity":8}}}
,"/Users/eric/dev/lantern-lounge/app/check-in-web/src/pages/CheckIn.jsx": {"path":"/Users/eric/dev/lantern-lounge/app/check-in-web/src/pages/CheckIn.jsx","statementMap":{"0":{"start":{"line":11,"column":6},"end":{"line":11,"column":null}},"1":{"start":{"line":11,"column":26},"end":{"line":11,"column":null}},"2":{"start":{"line":12,"column":35},"end":{"line":12,"column":null}},"3":{"start":{"line":14,"column":6},"end":{"line":30,"column":null}},"4":{"start":{"line":15,"column":16},"end":{"line":15,"column":null}},"5":{"start":{"line":16,"column":2},"end":{"line":30,"column":null}},"6":{"start":{"line":19,"column":8},"end":{"line":28,"column":null}},"7":{"start":{"line":34,"column":6},"end":{"line":459,"column":null}},"8":{"start":{"line":35,"column":29},"end":{"line":35,"column":57}},"9":{"start":{"line":36,"column":19},"end":{"line":36,"column":48}},"10":{"start":{"line":37,"column":17},"end":{"line":37,"column":44}},"11":{"start":{"line":38,"column":18},"end":{"line":38,"column":47}},"12":{"start":{"line":39,"column":16},"end":{"line":39,"column":42}},"13":{"start":{"line":40,"column":16},"end":{"line":40,"column":40}},"14":{"start":{"line":42,"column":15},"end":{"line":42,"column":45}},"15":{"start":{"line":43,"column":17},"end":{"line":43,"column":54}},"16":{"start":{"line":44,"column":23},"end":{"line":44,"column":57}},"17":{"start":{"line":45,"column":25},"end":{"line":45,"column":60}},"18":{"start":{"line":46,"column":24},"end":{"line":46,"column":58}},"19":{"start":{"line":48,"column":23},"end":{"line":61,"column":null}},"20":{"start":{"line":49,"column":4},"end":{"line":61,"column":null}},"21":{"start":{"line":50,"column":6},"end":{"line":50,"column":null}},"22":{"start":{"line":51,"column":19},"end":{"line":51,"column":null}},"23":{"start":{"line":53,"column":6},"end":{"line":61,"column":null}},"24":{"start":{"line":54,"column":22},"end":{"line":54,"column":47}},"25":{"start":{"line":55,"column":32},"end":{"line":55,"column":null}},"26":{"start":{"line":56,"column":8},"end":{"line":56,"column":null}},"27":{"start":{"line":57,"column":17},"end":{"line":61,"column":null}},"28":{"start":{"line":58,"column":8},"end":{"line":58,"column":null}},"29":{"start":{"line":61,"column":8},"end":{"line":61,"column":null}},"30":{"start":{"line":66,"column":30},"end":{"line":70,"column":null}},"31":{"start":{"line":67,"column":4},"end":{"line":67,"column":null}},"32":{"start":{"line":68,"column":4},"end":{"line":68,"column":null}},"33":{"start":{"line":68,"column":16},"end":{"line":68,"column":null}},"34":{"start":{"line":69,"column":4},"end":{"line":69,"column":null}},"35":{"start":{"line":70,"column":4},"end":{"line":70,"column":null}},"36":{"start":{"line":73,"column":25},"end":{"line":107,"column":null}},"37":{"start":{"line":74,"column":4},"end":{"line":74,"column":null}},"38":{"start":{"line":75,"column":4},"end":{"line":75,"column":null}},"39":{"start":{"line":76,"column":4},"end":{"line":107,"column":null}},"40":{"start":{"line":77,"column":20},"end":{"line":77,"column":36}},"41":{"start":{"line":78,"column":19},"end":{"line":78,"column":54}},"42":{"start":{"line":81,"column":6},"end":{"line":81,"column":null}},"43":{"start":{"line":81,"column":12},"end":{"line":81,"column":84}},"44":{"start":{"line":83,"column":24},"end":{"line":83,"column":null}},"45":{"start":{"line":84,"column":6},"end":{"line":88,"column":null}},"46":{"start":{"line":89,"column":6},"end":{"line":89,"column":null}},"47":{"start":{"line":90,"column":6},"end":{"line":90,"column":null}},"48":{"start":{"line":93,"column":6},"end":{"line":93,"column":null}},"49":{"start":{"line":93,"column":12},"end":{"line":93,"column":82}},"50":{"start":{"line":95,"column":6},"end":{"line":96,"column":null}},"51":{"start":{"line":96,"column":8},"end":{"line":96,"column":null}},"52":{"start":{"line":98,"column":6},"end":{"line":104,"column":null}},"53":{"start":{"line":99,"column":8},"end":{"line":99,"column":null}},"54":{"start":{"line":100,"column":8},"end":{"line":100,"column":null}},"55":{"start":{"line":102,"column":8},"end":{"line":102,"column":null}},"56":{"start":{"line":103,"column":8},"end":{"line":103,"column":null}},"57":{"start":{"line":104,"column":8},"end":{"line":104,"column":null}},"58":{"start":{"line":107,"column":6},"end":{"line":107,"column":null}},"59":{"start":{"line":111,"column":8},"end":{"line":111,"column":67}},"60":{"start":{"line":111,"column":31},"end":{"line":111,"column":67}},"61":{"start":{"line":112,"column":8},"end":{"line":112,"column":82}},"62":{"start":{"line":112,"column":35},"end":{"line":112,"column":82}},"63":{"start":{"line":112,"column":71},"end":{"line":112,"column":81}},"64":{"start":{"line":113,"column":8},"end":{"line":116,"column":null}},"65":{"start":{"line":114,"column":20},"end":{"line":114,"column":31}},"66":{"start":{"line":115,"column":4},"end":{"line":115,"column":null}},"67":{"start":{"line":116,"column":4},"end":{"line":116,"column":null}},"68":{"start":{"line":119,"column":29},"end":{"line":158,"column":null}},"69":{"start":{"line":120,"column":4},"end":{"line":120,"column":null}},"70":{"start":{"line":121,"column":24},"end":{"line":121,"column":75}},"71":{"start":{"line":121,"column":43},"end":{"line":121,"column":74}},"72":{"start":{"line":124,"column":4},"end":{"line":126,"column":null}},"73":{"start":{"line":125,"column":6},"end":{"line":125,"column":null}},"74":{"start":{"line":126,"column":6},"end":{"line":126,"column":null}},"75":{"start":{"line":129,"column":4},"end":{"line":129,"column":null}},"76":{"start":{"line":130,"column":4},"end":{"line":158,"column":null}},"77":{"start":{"line":131,"column":20},"end":{"line":131,"column":36}},"78":{"start":{"line":132,"column":19},"end":{"line":132,"column":76}},"79":{"start":{"line":135,"column":6},"end":{"line":135,"column":null}},"80":{"start":{"line":135,"column":12},"end":{"line":135,"column":72}},"81":{"start":{"line":138,"column":28},"end":{"line":138,"column":101}},"82":{"start":{"line":138,"column":53},"end":{"line":138,"column":95}},"83":{"start":{"line":140,"column":6},"end":{"line":149,"column":null}},"84":{"start":{"line":141,"column":8},"end":{"line":145,"column":null}},"85":{"start":{"line":146,"column":8},"end":{"line":146,"column":null}},"86":{"start":{"line":149,"column":8},"end":{"line":149,"column":null}},"87":{"start":{"line":152,"column":6},"end":{"line":153,"column":null}},"88":{"start":{"line":153,"column":8},"end":{"line":153,"column":null}},"89":{"start":{"line":155,"column":6},"end":{"line":155,"column":null}},"90":{"start":{"line":156,"column":6},"end":{"line":156,"column":null}},"91":{"start":{"line":158,"column":6},"end":{"line":158,"column":null}},"92":{"start":{"line":162,"column":8},"end":{"line":162,"column":47}},"93":{"start":{"line":162,"column":33},"end":{"line":162,"column":47}},"94":{"start":{"line":164,"column":8},"end":{"line":172,"column":null}},"95":{"start":{"line":165,"column":4},"end":{"line":165,"column":null}},"96":{"start":{"line":166,"column":4},"end":{"line":166,"column":null}},"97":{"start":{"line":167,"column":4},"end":{"line":167,"column":null}},"98":{"start":{"line":168,"column":4},"end":{"line":168,"column":null}},"99":{"start":{"line":169,"column":4},"end":{"line":169,"column":null}},"100":{"start":{"line":170,"column":4},"end":{"line":170,"column":null}},"101":{"start":{"line":171,"column":4},"end":{"line":171,"column":null}},"102":{"start":{"line":172,"column":4},"end":{"line":172,"column":null}},"103":{"start":{"line":176,"column":23},"end":{"line":176,"column":72}},"104":{"start":{"line":176,"column":40},"end":{"line":176,"column":71}},"105":{"start":{"line":178,"column":2},"end":{"line":182,"column":null}},"106":{"start":{"line":179,"column":4},"end":{"line":182,"column":null}},"107":{"start":{"line":187,"column":2},"end":{"line":459,"column":null}},"108":{"start":{"line":212,"column":39},"end":{"line":212,"column":63}},"109":{"start":{"line":225,"column":35},"end":{"line":225,"column":52}},"110":{"start":{"line":258,"column":33},"end":{"line":258,"column":51}},"111":{"start":{"line":309,"column":16},"end":{"line":315,"column":null}},"112":{"start":{"line":366,"column":29},"end":{"line":366,"column":78}},"113":{"start":{"line":367,"column":31},"end":{"line":367,"column":74}},"114":{"start":{"line":368,"column":14},"end":{"line":374,"column":null}},"115":{"start":{"line":398,"column":22},"end":{"line":430,"column":null}},"116":{"start":{"line":403,"column":45},"end":{"line":403,"column":89}},"117":{"start":{"line":413,"column":45},"end":{"line":413,"column":90}},"118":{"start":{"line":422,"column":45},"end":{"line":422,"column":65}}},"fnMap":{"0":{"name":"(anonymous_0)","decl":{"start":{"line":11,"column":6},"end":{"line":11,"column":26}},"loc":{"start":{"line":11,"column":26},"end":{"line":11,"column":null}},"line":11},"1":{"name":"(anonymous_1)","decl":{"start":{"line":14,"column":6},"end":{"line":14,"column":18}},"loc":{"start":{"line":14,"column":31},"end":{"line":30,"column":null}},"line":14},"2":{"name":"(anonymous_2)","decl":{"start":{"line":18,"column":13},"end":{"line":18,"column":18}},"loc":{"start":{"line":19,"column":8},"end":{"line":28,"column":null}},"line":19},"3":{"name":"(anonymous_3)","decl":{"start":{"line":34,"column":6},"end":{"line":34,"column":22}},"loc":{"start":{"line":34,"column":22},"end":{"line":459,"column":null}},"line":34},"4":{"name":"(anonymous_4)","decl":{"start":{"line":48,"column":23},"end":{"line":48,"column":30}},"loc":{"start":{"line":48,"column":50},"end":{"line":61,"column":null}},"line":48},"5":{"name":"(anonymous_5)","decl":{"start":{"line":66,"column":30},"end":{"line":66,"column":37}},"loc":{"start":{"line":66,"column":43},"end":{"line":70,"column":null}},"line":66},"6":{"name":"(anonymous_6)","decl":{"start":{"line":73,"column":25},"end":{"line":73,"column":32}},"loc":{"start":{"line":73,"column":57},"end":{"line":107,"column":null}},"line":73},"7":{"name":"(anonymous_7)","decl":{"start":{"line":111,"column":8},"end":{"line":111,"column":31}},"loc":{"start":{"line":111,"column":31},"end":{"line":111,"column":67}},"line":111},"8":{"name":"(anonymous_8)","decl":{"start":{"line":112,"column":8},"end":{"line":112,"column":29}},"loc":{"start":{"line":112,"column":35},"end":{"line":112,"column":82}},"line":112},"9":{"name":"(anonymous_9)","decl":{"start":{"line":112,"column":52},"end":{"line":112,"column":60}},"loc":{"start":{"line":112,"column":71},"end":{"line":112,"column":81}},"line":112},"10":{"name":"(anonymous_10)","decl":{"start":{"line":113,"column":8},"end":{"line":113,"column":29}},"loc":{"start":{"line":113,"column":49},"end":{"line":116,"column":null}},"line":113},"11":{"name":"(anonymous_11)","decl":{"start":{"line":119,"column":29},"end":{"line":119,"column":36}},"loc":{"start":{"line":119,"column":42},"end":{"line":158,"column":null}},"line":119},"12":{"name":"(anonymous_12)","decl":{"start":{"line":121,"column":31},"end":{"line":121,"column":38}},"loc":{"start":{"line":121,"column":43},"end":{"line":121,"column":74}},"line":121},"13":{"name":"(anonymous_13)","decl":{"start":{"line":138,"column":41},"end":{"line":138,"column":48}},"loc":{"start":{"line":138,"column":53},"end":{"line":138,"column":95}},"line":138},"14":{"name":"(anonymous_14)","decl":{"start":{"line":162,"column":8},"end":{"line":162,"column":33}},"loc":{"start":{"line":162,"column":33},"end":{"line":162,"column":47}},"line":162},"15":{"name":"(anonymous_15)","decl":{"start":{"line":164,"column":8},"end":{"line":164,"column":29}},"loc":{"start":{"line":164,"column":29},"end":{"line":172,"column":null}},"line":164},"16":{"name":"(anonymous_16)","decl":{"start":{"line":176,"column":30},"end":{"line":176,"column":35}},"loc":{"start":{"line":176,"column":40},"end":{"line":176,"column":71}},"line":176},"17":{"name":"(anonymous_17)","decl":{"start":{"line":212,"column":22},"end":{"line":212,"column":33}},"loc":{"start":{"line":212,"column":39},"end":{"line":212,"column":63}},"line":212},"18":{"name":"(anonymous_18)","decl":{"start":{"line":225,"column":20},"end":{"line":225,"column":35}},"loc":{"start":{"line":225,"column":35},"end":{"line":225,"column":52}},"line":225},"19":{"name":"(anonymous_19)","decl":{"start":{"line":258,"column":18},"end":{"line":258,"column":33}},"loc":{"start":{"line":258,"column":33},"end":{"line":258,"column":51}},"line":258},"20":{"name":"(anonymous_20)","decl":{"start":{"line":308,"column":36},"end":{"line":308,"column":41}},"loc":{"start":{"line":309,"column":16},"end":{"line":315,"column":null}},"line":309},"21":{"name":"(anonymous_21)","decl":{"start":{"line":365,"column":29},"end":{"line":365,"column":50}},"loc":{"start":{"line":365,"column":50},"end":{"line":375,"column":null}},"line":365},"22":{"name":"(anonymous_22)","decl":{"start":{"line":397,"column":28},"end":{"line":397,"column":33}},"loc":{"start":{"line":398,"column":22},"end":{"line":430,"column":null}},"line":398},"23":{"name":"(anonymous_23)","decl":{"start":{"line":403,"column":28},"end":{"line":403,"column":39}},"loc":{"start":{"line":403,"column":45},"end":{"line":403,"column":89}},"line":403},"24":{"name":"(anonymous_24)","decl":{"start":{"line":413,"column":28},"end":{"line":413,"column":39}},"loc":{"start":{"line":413,"column":45},"end":{"line":413,"column":90}},"line":413},"25":{"name":"(anonymous_25)","decl":{"start":{"line":422,"column":30},"end":{"line":422,"column":45}},"loc":{"start":{"line":422,"column":45},"end":{"line":422,"column":65}},"line":422}},"branchMap":{"0":{"loc":{"start":{"line":22,"column":12},"end":{"line":26,"column":null}},"type":"cond-expr","locations":[{"start":{"line":23,"column":16},"end":{"line":23,"column":null}},{"start":{"line":24,"column":16},"end":{"line":26,"column":null}}],"line":22},"1":{"loc":{"start":{"line":24,"column":16},"end":{"line":26,"column":null}},"type":"cond-expr","locations":[{"start":{"line":25,"column":16},"end":{"line":25,"column":null}},{"start":{"line":26,"column":16},"end":{"line":26,"column":null}}],"line":24},"2":{"loc":{"start":{"line":49,"column":4},"end":{"line":61,"column":null}},"type":"if","locations":[{"start":{"line":49,"column":4},"end":{"line":61,"column":null}},{"start":{},"end":{}}],"line":49},"3":{"loc":{"start":{"line":49,"column":8},"end":{"line":49,"column":32}},"type":"binary-expr","locations":[{"start":{"line":49,"column":8},"end":{"line":49,"column":22}},{"start":{"line":49,"column":22},"end":{"line":49,"column":32}}],"line":49},"4":{"loc":{"start":{"line":53,"column":6},"end":{"line":61,"column":null}},"type":"if","locations":[{"start":{"line":53,"column":6},"end":{"line":61,"column":null}},{"start":{"line":57,"column":17},"end":{"line":61,"column":null}}],"line":53},"5":{"loc":{"start":{"line":57,"column":17},"end":{"line":61,"column":null}},"type":"if","locations":[{"start":{"line":57,"column":17},"end":{"line":61,"column":null}},{"start":{"line":59,"column":13},"end":{"line":61,"column":null}}],"line":57},"6":{"loc":{"start":{"line":57,"column":17},"end":{"line":57,"column":58}},"type":"binary-expr","locations":[{"start":{"line":57,"column":17},"end":{"line":57,"column":35}},{"start":{"line":57,"column":39},"end":{"line":57,"column":58}}],"line":57},"7":{"loc":{"start":{"line":68,"column":4},"end":{"line":68,"column":null}},"type":"if","locations":[{"start":{"line":68,"column":4},"end":{"line":68,"column":null}},{"start":{},"end":{}}],"line":68},"8":{"loc":{"start":{"line":83,"column":24},"end":{"line":83,"column":null}},"type":"cond-expr","locations":[{"start":{"line":83,"column":40},"end":{"line":83,"column":70}},{"start":{"line":83,"column":70},"end":{"line":83,"column":null}}],"line":83},"9":{"loc":{"start":{"line":86,"column":17},"end":{"line":86,"column":null}},"type":"cond-expr","locations":[{"start":{"line":86,"column":29},"end":{"line":86,"column":55}},{"start":{"line":86,"column":55},"end":{"line":86,"column":null}}],"line":86},"10":{"loc":{"start":{"line":95,"column":6},"end":{"line":96,"column":null}},"type":"if","locations":[{"start":{"line":95,"column":6},"end":{"line":96,"column":null}},{"start":{},"end":{}}],"line":95},"11":{"loc":{"start":{"line":98,"column":6},"end":{"line":104,"column":null}},"type":"if","locations":[{"start":{"line":98,"column":6},"end":{"line":104,"column":null}},{"start":{"line":101,"column":13},"end":{"line":104,"column":null}}],"line":98},"12":{"loc":{"start":{"line":102,"column":17},"end":{"line":102,"column":50}},"type":"binary-expr","locations":[{"start":{"line":102,"column":17},"end":{"line":102,"column":32}},{"start":{"line":102,"column":32},"end":{"line":102,"column":50}}],"line":102},"13":{"loc":{"start":{"line":121,"column":43},"end":{"line":121,"column":74}},"type":"binary-expr","locations":[{"start":{"line":121,"column":43},"end":{"line":121,"column":56}},{"start":{"line":121,"column":60},"end":{"line":121,"column":74}}],"line":121},"14":{"loc":{"start":{"line":124,"column":4},"end":{"line":126,"column":null}},"type":"if","locations":[{"start":{"line":124,"column":4},"end":{"line":126,"column":null}},{"start":{},"end":{}}],"line":124},"15":{"loc":{"start":{"line":138,"column":28},"end":{"line":138,"column":101}},"type":"binary-expr","locations":[{"start":{"line":138,"column":28},"end":{"line":138,"column":95}},{"start":{"line":138,"column":99},"end":{"line":138,"column":101}}],"line":138},"16":{"loc":{"start":{"line":140,"column":6},"end":{"line":149,"column":null}},"type":"if","locations":[{"start":{"line":140,"column":6},"end":{"line":149,"column":null}},{"start":{"line":147,"column":13},"end":{"line":149,"column":null}}],"line":140},"17":{"loc":{"start":{"line":152,"column":6},"end":{"line":153,"column":null}},"type":"if","locations":[{"start":{"line":152,"column":6},"end":{"line":153,"column":null}},{"start":{},"end":{}}],"line":152},"18":{"loc":{"start":{"line":155,"column":15},"end":{"line":155,"column":56}},"type":"binary-expr","locations":[{"start":{"line":155,"column":15},"end":{"line":155,"column":30}},{"start":{"line":155,"column":30},"end":{"line":155,"column":56}}],"line":155},"19":{"loc":{"start":{"line":176,"column":40},"end":{"line":176,"column":71}},"type":"binary-expr","locations":[{"start":{"line":176,"column":40},"end":{"line":176,"column":53}},{"start":{"line":176,"column":57},"end":{"line":176,"column":71}}],"line":176},"20":{"loc":{"start":{"line":178,"column":2},"end":{"line":182,"column":null}},"type":"if","locations":[{"start":{"line":178,"column":2},"end":{"line":182,"column":null}},{"start":{},"end":{}}],"line":178},"21":{"loc":{"start":{"line":194,"column":9},"end":{"line":194,"column":null}},"type":"binary-expr","locations":[{"start":{"line":194,"column":9},"end":{"line":194,"column":31}},{"start":{"line":194,"column":31},"end":{"line":194,"column":null}}],"line":194},"22":{"loc":{"start":{"line":197,"column":9},"end":{"line":266,"column":null}},"type":"binary-expr","locations":[{"start":{"line":197,"column":9},"end":{"line":197,"column":31}},{"start":{"line":197,"column":31},"end":{"line":197,"column":null}},{"start":{"line":198,"column":10},"end":{"line":266,"column":null}}],"line":197},"23":{"loc":{"start":{"line":199,"column":13},"end":{"line":266,"column":null}},"type":"cond-expr","locations":[{"start":{"line":200,"column":14},"end":{"line":247,"column":15}},{"start":{"line":247,"column":14},"end":{"line":266,"column":null}}],"line":199},"24":{"loc":{"start":{"line":270,"column":9},"end":{"line":275,"column":null}},"type":"binary-expr","locations":[{"start":{"line":270,"column":9},"end":{"line":270,"column":null}},{"start":{"line":271,"column":10},"end":{"line":275,"column":null}}],"line":270},"25":{"loc":{"start":{"line":280,"column":9},"end":{"line":294,"column":null}},"type":"binary-expr","locations":[{"start":{"line":280,"column":9},"end":{"line":280,"column":28}},{"start":{"line":280,"column":28},"end":{"line":280,"column":38}},{"start":{"line":280,"column":38},"end":{"line":280,"column":null}},{"start":{"line":281,"column":10},"end":{"line":294,"column":null}}],"line":280},"26":{"loc":{"start":{"line":285,"column":13},"end":{"line":288,"column":null}},"type":"binary-expr","locations":[{"start":{"line":285,"column":13},"end":{"line":285,"column":null}},{"start":{"line":286,"column":14},"end":{"line":288,"column":null}}],"line":285},"27":{"loc":{"start":{"line":290,"column":28},"end":{"line":290,"column":null}},"type":"cond-expr","locations":[{"start":{"line":290,"column":46},"end":{"line":290,"column":55}},{"start":{"line":290,"column":55},"end":{"line":290,"column":null}}],"line":290},"28":{"loc":{"start":{"line":299,"column":9},"end":{"line":328,"column":null}},"type":"binary-expr","locations":[{"start":{"line":299,"column":9},"end":{"line":299,"column":28}},{"start":{"line":299,"column":28},"end":{"line":299,"column":38}},{"start":{"line":299,"column":38},"end":{"line":299,"column":56}},{"start":{"line":299,"column":56},"end":{"line":299,"column":null}},{"start":{"line":300,"column":10},"end":{"line":328,"column":null}}],"line":299},"29":{"loc":{"start":{"line":333,"column":9},"end":{"line":353,"column":null}},"type":"binary-expr","locations":[{"start":{"line":333,"column":9},"end":{"line":333,"column":31}},{"start":{"line":333,"column":31},"end":{"line":333,"column":null}},{"start":{"line":334,"column":10},"end":{"line":353,"column":null}}],"line":333},"30":{"loc":{"start":{"line":340,"column":13},"end":{"line":342,"column":null}},"type":"binary-expr","locations":[{"start":{"line":340,"column":13},"end":{"line":340,"column":null}},{"start":{"line":341,"column":14},"end":{"line":342,"column":null}}],"line":340},"31":{"loc":{"start":{"line":358,"column":9},"end":{"line":459,"column":null}},"type":"binary-expr","locations":[{"start":{"line":358,"column":9},"end":{"line":358,"column":30}},{"start":{"line":358,"column":30},"end":{"line":358,"column":null}},{"start":{"line":359,"column":10},"end":{"line":459,"column":null}}],"line":358},"32":{"loc":{"start":{"line":365,"column":13},"end":{"line":375,"column":null}},"type":"binary-expr","locations":[{"start":{"line":365,"column":13},"end":{"line":365,"column":50}},{"start":{"line":365,"column":29},"end":{"line":375,"column":null}}],"line":365},"33":{"loc":{"start":{"line":368,"column":21},"end":{"line":374,"column":null}},"type":"cond-expr","locations":[{"start":{"line":369,"column":16},"end":{"line":374,"column":null}},{"start":{"line":374,"column":18},"end":{"line":374,"column":null}}],"line":368},"34":{"loc":{"start":{"line":419,"column":27},"end":{"line":427,"column":null}},"type":"binary-expr","locations":[{"start":{"line":419,"column":27},"end":{"line":419,"column":null}},{"start":{"line":420,"column":28},"end":{"line":427,"column":null}}],"line":419},"35":{"loc":{"start":{"line":445,"column":17},"end":{"line":457,"column":null}},"type":"cond-expr","locations":[{"start":{"line":446,"column":18},"end":{"line":450,"column":19}},{"start":{"line":450,"column":18},"end":{"line":457,"column":null}}],"line":445},"36":{"loc":{"start":{"line":447,"column":21},"end":{"line":447,"column":null}},"type":"cond-expr","locations":[{"start":{"line":447,"column":36},"end":{"line":447,"column":55}},{"start":{"line":447,"column":55},"end":{"line":447,"column":null}}],"line":447}},"s":{"0":1,"1":32,"2":1,"3":1,"4":10,"5":10,"6":30,"7":1,"8":32,"9":32,"10":32,"11":32,"12":32,"13":32,"14":32,"15":32,"16":32,"17":32,"18":32,"19":32,"20":2,"21":2,"22":2,"23":2,"24":1,"25":1,"26":1,"27":1,"28":1,"29":0,"30":32,"31":4,"32":4,"33":0,"34":4,"35":4,"36":32,"37":6,"38":6,"39":6,"40":6,"41":6,"42":4,"43":4,"44":4,"45":6,"46":6,"47":6,"48":2,"49":2,"50":2,"51":1,"52":2,"53":1,"54":1,"55":1,"56":1,"57":1,"58":6,"59":32,"60":0,"61":32,"62":0,"63":0,"64":32,"65":2,"66":2,"67":2,"68":32,"69":1,"70":1,"71":1,"72":1,"73":0,"74":0,"75":1,"76":1,"77":1,"78":1,"79":1,"80":1,"81":1,"82":1,"83":1,"84":1,"85":1,"86":0,"87":0,"88":0,"89":0,"90":0,"91":1,"92":32,"93":0,"94":32,"95":0,"96":0,"97":0,"98":0,"99":0,"100":0,"101":0,"102":0,"103":32,"104":32,"105":32,"106":1,"107":31,"108":4,"109":0,"110":4,"111":1,"112":0,"113":0,"114":0,"115":7,"116":1,"117":1,"118":0},"f":{"0":32,"1":10,"2":30,"3":32,"4":2,"5":4,"6":6,"7":0,"8":0,"9":0,"10":2,"11":1,"12":1,"13":1,"14":0,"15":0,"16":32,"17":4,"18":0,"19":4,"20":1,"21":0,"22":7,"23":1,"24":1,"25":0},"b":{"0":[9,21],"1":[11,10],"2":[2,0],"3":[2,2],"4":[1,1],"5":[1,0],"6":[1,1],"7":[0,4],"8":[4,0],"9":[4,0],"10":[1,1],"11":[1,1],"12":[1,0],"13":[1,1],"14":[0,1],"15":[1,0],"16":[1,0],"17":[0,0],"18":[0,0],"19":[32,28],"20":[1,31],"21":[31,10],"22":[32,21,15],"23":[8,7],"24":[32,6],"25":[32,2,2,1],"26":[1,0],"27":[1,0],"28":[32,2,2,1,1],"29":[32,1,1],"30":[1,1],"31":[32,7,7],"32":[7,0],"33":[0,0],"34":[7,0],"35":[3,4],"36":[1,2]},"meta":{"lastBranch":37,"lastFunction":26,"lastStatement":119,"seen":{"s:11:6:11:Infinity":0,"f:11:6:11:26":0,"s:11:26:11:Infinity":1,"s:12:35:12:Infinity":2,"s:14:6:30:Infinity":3,"f:14:6:14:18":1,"s:15:16:15:Infinity":4,"s:16:2:30:Infinity":5,"f:18:13:18:18":2,"s:19:8:28:Infinity":6,"b:23:16:23:Infinity:24:16:26:Infinity":0,"b:25:16:25:Infinity:26:16:26:Infinity":1,"s:34:6:459:Infinity":7,"f:34:6:34:22":3,"s:35:29:35:57":8,"s:36:19:36:48":9,"s:37:17:37:44":10,"s:38:18:38:47":11,"s:39:16:39:42":12,"s:40:16:40:40":13,"s:42:15:42:45":14,"s:43:17:43:54":15,"s:44:23:44:57":16,"s:45:25:45:60":17,"s:46:24:46:58":18,"s:48:23:61:Infinity":19,"f:48:23:48:30":4,"b:49:4:61:Infinity:undefined:undefined:undefined:undefined":2,"s:49:4:61:Infinity":20,"b:49:8:49:22:49:22:49:32":3,"s:50:6:50:Infinity":21,"s:51:19:51:Infinity":22,"b:53:6:61:Infinity:57:17:61:Infinity":4,"s:53:6:61:Infinity":23,"s:54:22:54:47":24,"s:55:32:55:Infinity":25,"s:56:8:56:Infinity":26,"b:57:17:61:Infinity:59:13:61:Infinity":5,"s:57:17:61:Infinity":27,"b:57:17:57:35:57:39:57:58":6,"s:58:8:58:Infinity":28,"s:61:8:61:Infinity":29,"s:66:30:70:Infinity":30,"f:66:30:66:37"
[...]
:null}},"90":{"start":{"line":226,"column":4},"end":{"line":226,"column":null}},"91":{"start":{"line":227,"column":4},"end":{"line":227,"column":null}},"92":{"start":{"line":229,"column":2},"end":{"line":229,"column":null}}},"fnMap":{"0":{"name":"(anonymous_0)","decl":{"start":{"line":10,"column":27},"end":{"line":10,"column":34}},"loc":{"start":{"line":10,"column":89},"end":{"line":38,"column":null}},"line":10},"1":{"name":"(anonymous_1)","decl":{"start":{"line":48,"column":27},"end":{"line":48,"column":34}},"loc":{"start":{"line":48,"column":59},"end":{"line":72,"column":null}},"line":48},"2":{"name":"(anonymous_2)","decl":{"start":{"line":83,"column":27},"end":{"line":83,"column":34}},"loc":{"start":{"line":83,"column":68},"end":{"line":107,"column":null}},"line":83},"3":{"name":"(anonymous_3)","decl":{"start":{"line":117,"column":27},"end":{"line":117,"column":34}},"loc":{"start":{"line":117,"column":57},"end":{"line":136,"column":null}},"line":117},"4":{"name":"(anonymous_4)","decl":{"start":{"line":145,"column":31},"end":{"line":145,"column":38}},"loc":{"start":{"line":145,"column":52},"end":{"line":166,"column":null}},"line":145},"5":{"name":"(anonymous_5)","decl":{"start":{"line":176,"column":27},"end":{"line":176,"column":34}},"loc":{"start":{"line":176,"column":55},"end":{"line":198,"column":null}},"line":176},"6":{"name":"(anonymous_6)","decl":{"start":{"line":208,"column":28},"end":{"line":208,"column":35}},"loc":{"start":{"line":208,"column":68},"end":{"line":229,"column":null}},"line":208}},"branchMap":{"0":{"loc":{"start":{"line":10,"column":34},"end":{"line":10,"column":52}},"type":"default-arg","locations":[{"start":{"line":10,"column":46},"end":{"line":10,"column":52}}],"line":10},"1":{"loc":{"start":{"line":10,"column":52},"end":{"line":10,"column":68}},"type":"default-arg","locations":[{"start":{"line":10,"column":62},"end":{"line":10,"column":68}}],"line":10},"2":{"loc":{"start":{"line":10,"column":68},"end":{"line":10,"column":89}},"type":"default-arg","locations":[{"start":{"line":10,"column":80},"end":{"line":10,"column":89}}],"line":10},"3":{"loc":{"start":{"line":13,"column":4},"end":{"line":14,"column":null}},"type":"if","locations":[{"start":{"line":13,"column":4},"end":{"line":14,"column":null}},{"start":{},"end":{}}],"line":13},"4":{"loc":{"start":{"line":13,"column":8},"end":{"line":13,"column":30}},"type":"binary-expr","locations":[{"start":{"line":13,"column":8},"end":{"line":13,"column":21}},{"start":{"line":13,"column":21},"end":{"line":13,"column":30}}],"line":13},"5":{"loc":{"start":{"line":21,"column":4},"end":{"line":22,"column":null}},"type":"if","locations":[{"start":{"line":21,"column":4},"end":{"line":22,"column":null}},{"start":{},"end":{}}],"line":21},"6":{"loc":{"start":{"line":30,"column":4},"end":{"line":31,"column":null}},"type":"if","locations":[{"start":{"line":30,"column":4},"end":{"line":31,"column":null}},{"start":{},"end":{}}],"line":30},"7":{"loc":{"start":{"line":35,"column":11},"end":{"line":35,"column":27}},"type":"binary-expr","locations":[{"start":{"line":35,"column":11},"end":{"line":35,"column":25}},{"start":{"line":35,"column":25},"end":{"line":35,"column":27}}],"line":35},"8":{"loc":{"start":{"line":49,"column":2},"end":{"line":50,"column":null}},"type":"if","locations":[{"start":{"line":49,"column":2},"end":{"line":50,"column":null}},{"start":{},"end":{}}],"line":49},"9":{"loc":{"start":{"line":63,"column":4},"end":{"line":65,"column":null}},"type":"if","locations":[{"start":{"line":63,"column":4},"end":{"line":65,"column":null}},{"start":{},"end":{}}],"line":63},"10":{"loc":{"start":{"line":65,"column":22},"end":{"line":65,"column":68}},"type":"binary-expr","locations":[{"start":{"line":65,"column":22},"end":{"line":65,"column":43}},{"start":{"line":65,"column":43},"end":{"line":65,"column":68}}],"line":65},"11":{"loc":{"start":{"line":84,"column":2},"end":{"line":85,"column":null}},"type":"if","locations":[{"start":{"line":84,"column":2},"end":{"line":85,"column":null}},{"start":{},"end":{}}],"line":84},"12":{"loc":{"start":{"line":98,"column":4},"end":{"line":100,"column":null}},"type":"if","locations":[{"start":{"line":98,"column":4},"end":{"line":100,"column":null}},{"start":{},"end":{}}],"line":98},"13":{"loc":{"start":{"line":100,"column":22},"end":{"line":100,"column":68}},"type":"binary-expr","locations":[{"start":{"line":100,"column":22},"end":{"line":100,"column":43}},{"start":{"line":100,"column":43},"end":{"line":100,"column":68}}],"line":100},"14":{"loc":{"start":{"line":118,"column":2},"end":{"line":119,"column":null}},"type":"if","locations":[{"start":{"line":118,"column":2},"end":{"line":119,"column":null}},{"start":{},"end":{}}],"line":118},"15":{"loc":{"start":{"line":130,"column":4},"end":{"line":132,"column":null}},"type":"if","locations":[{"start":{"line":130,"column":4},"end":{"line":132,"column":null}},{"start":{},"end":{}}],"line":130},"16":{"loc":{"start":{"line":132,"column":22},"end":{"line":132,"column":68}},"type":"binary-expr","locations":[{"start":{"line":132,"column":22},"end":{"line":132,"column":43}},{"start":{"line":132,"column":43},"end":{"line":132,"column":68}}],"line":132},"17":{"loc":{"start":{"line":146,"column":2},"end":{"line":147,"column":null}},"type":"if","locations":[{"start":{"line":146,"column":2},"end":{"line":147,"column":null}},{"start":{},"end":{}}],"line":146},"18":{"loc":{"start":{"line":150,"column":15},"end":{"line":150,"column":null}},"type":"binary-expr","locations":[{"start":{"line":150,"column":15},"end":{"line":150,"column":45}},{"start":{"line":150,"column":45},"end":{"line":150,"column":null}}],"line":150},"19":{"loc":{"start":{"line":159,"column":4},"end":{"line":160,"column":null}},"type":"if","locations":[{"start":{"line":159,"column":4},"end":{"line":160,"column":null}},{"start":{},"end":{}}],"line":159},"20":{"loc":{"start":{"line":177,"column":2},"end":{"line":177,"column":null}},"type":"if","locations":[{"start":{"line":177,"column":2},"end":{"line":177,"column":null}},{"start":{},"end":{}}],"line":177},"21":{"loc":{"start":{"line":178,"column":15},"end":{"line":178,"column":null}},"type":"binary-expr","locations":[{"start":{"line":178,"column":15},"end":{"line":178,"column":45}},{"start":{"line":178,"column":45},"end":{"line":178,"column":null}}],"line":178},"22":{"loc":{"start":{"line":184,"column":2},"end":{"line":196,"column":null}},"type":"if","locations":[{"start":{"line":184,"column":2},"end":{"line":196,"column":null}},{"start":{},"end":{}}],"line":184},"23":{"loc":{"start":{"line":191,"column":26},"end":{"line":191,"column":102}},"type":"binary-expr","locations":[{"start":{"line":191,"column":26},"end":{"line":191,"column":40}},{"start":{"line":191,"column":40},"end":{"line":191,"column":56}},{"start":{"line":191,"column":56},"end":{"line":191,"column":102}}],"line":191},"24":{"loc":{"start":{"line":193,"column":18},"end":{"line":193,"column":null}},"type":"binary-expr","locations":[{"start":{"line":193,"column":18},"end":{"line":193,"column":34}},{"start":{"line":193,"column":34},"end":{"line":193,"column":null}}],"line":193},"25":{"loc":{"start":{"line":209,"column":2},"end":{"line":209,"column":null}},"type":"if","locations":[{"start":{"line":209,"column":2},"end":{"line":209,"column":null}},{"start":{},"end":{}}],"line":209},"26":{"loc":{"start":{"line":210,"column":15},"end":{"line":210,"column":null}},"type":"binary-expr","locations":[{"start":{"line":210,"column":15},"end":{"line":210,"column":45}},{"start":{"line":210,"column":45},"end":{"line":210,"column":null}}],"line":210},"27":{"loc":{"start":{"line":217,"column":2},"end":{"line":227,"column":null}},"type":"if","locations":[{"start":{"line":217,"column":2},"end":{"line":227,"column":null}},{"start":{},"end":{}}],"line":217},"28":{"loc":{"start":{"line":224,"column":26},"end":{"line":224,"column":110}},"type":"binary-expr","locations":[{"start":{"line":224,"column":26},"end":{"line":224,"column":40}},{"start":{"line":224,"column":40},"end":{"line":224,"column":56}},{"start":{"line":224,"column":56},"end":{"line":224,"column":110}}],"line":224},"29":{"loc":{"start":{"line":226,"column":18},"end":{"line":226,"column":null}},"type":"binary-expr","locations":[{"start":{"line":226,"column":18},"end":{"line":226,"column":34}},{"start":{"line":226,"column":34},"end":{"line":226,"column":null}}],"line":226}},"s":{"0":2,"1":3,"2":3,"3":3,"4":0,"5":3,"6":3,"7":0,"8":3,"9":2,"10":1,"11":1,"12":1,"13":2,"14":2,"15":2,"16":4,"17":1,"18":3,"19":3,"20":2,"21":1,"22":1,"23":1,"24":1,"25":2,"26":2,"27":2,"28":2,"29":0,"30":2,"31":2,"32":2,"33":1,"34":1,"35":1,"36":1,"37":1,"38":1,"39":2,"40":2,"41":0,"42":2,"43":2,"44":2,"45":1,"46":1,"47":1,"48":1,"49":2,"50":2,"51":0,"52":2,"53":2,"54":2,"55":1,"56":0,"57":1,"58":1,"59":1,"60":2,"61":2,"62":0,"63":2,"64":2,"65":2,"66":1,"67":1,"68":1,"69":0,"70":1,"71":1,"72":1,"73":1,"74":1,"75":1,"76":1,"77":2,"78":1,"79":0,"80":1,"81":1,"82":1,"83":1,"84":0,"85":0,"86":0,"87":0,"88":0,"89":0,"90":0,"91":0,"92":1},"f":{"0":3,"1":4,"2":2,"3":2,"4":2,"5":2,"6":1},"b":{"0":[3],"1":[3],"2":[3],"3":[0,3],"4":[3,0],"5":[0,3],"6":[1,1],"7":[1,0],"8":[1,3],"9":[1,1],"10":[1,0],"11":[0,2],"12":[1,1],"13":[1,0],"14":[0,2],"15":[1,1],"16":[1,0],"17":[0,2],"18":[2,0],"19":[0,1],"20":[0,2],"21":[2,0],"22":[1,1],"23":[1,0,0],"24":[1,0],"25":[0,1],"26":[1,0],"27":[0,1],"28":[0,0,0],"29":[0,0]},"meta":{"lastBranch":30,"lastFunction":7,"lastStatement":93,"seen":{"s:10:27:38:Infinity":0,"f:10:27:10:34":0,"b:10:46:10:52":0,"b:10:62:10:68":1,"b:10:80:10:89":2,"s:11:2:38:Infinity":1,"s:12:14:12:Infinity":2,"b:13:4:14:Infinity:undefined:undefined:undefined:undefined":3,"s:13:4:14:Infinity":3,"b:13:8:13:21:13:21:13:30":4,"s:14:6:14:Infinity":4,"s:17:20:18:Infinity":5,"b:21:4:22:Infinity:undefined:undefined:undefined:undefined":5,"s:21:4:22:Infinity":6,"s:22:6:22:Infinity":7,"s:25:21:28:6":8,"b:30:4:31:Infinity:undefined:undefined:undefined:undefined":6,"s:30:4:31:Infinity":9,"s:31:6:31:Infinity":10,"s:34:17:34:38":11,"s:35:4:35:Infinity":12,"b:35:11:35:25:35:25:35:27":7,"s:37:4:37:Infinity":13,"s:38:4:38:Infinity":14,"s:48:27:72:Infinity":15,"f:48:27:48:34":1,"b:49:2:50:Infinity:undefined:undefined:undefined:undefined":8,"s:49:2:50:Infinity":16,"s:50:4:50:Infinity":17,"s:53:2:72:Infinity":18,"s:54:21:61:6":19,"b:63:4:65:Infinity:undefined:undefined:undefined:undefined":9,"s:63:4:65:Infinity":20,"s:64:24:64:45":21,"s:65:6:65:Infinity":22,"b:65:22:65:43:65:43:65:68":10,"s:68:17:68:38":23,"s:69:4:69:Infinity":24,"s:71:4:71:Infinity":25,"s:72:4:72:Infinity":26,"s:83:27:107:Infinity":27,"f:83:27:83:34":2,"b:84:2:85:Infinity:undefined:undefined:undefined:undefined":11,"s:84:2:85:Infinity":28,"s:85:4:85:Infinity":29,"s:88:2:107:Infinity":30,"s:89:21:96:6":31,"b:98:4:100:Infinity:undefined:undefined:undefined:undefined":12,"s:98:4:100:Infinity":32,"s:99:24:99:45":33,"s:100:6:100:Infinity":34,"b:100:22:100:43:100:43:100:68":13,"s:103:17:103:38":35,"s:104:4:104:Infinity":36,"s:106:4:106:Infinity":37,"s:107:4:107:Infinity":38,"s:117:27:136:Infinity":39,"f:117:27:117:34":3,"b:118:2:119:Infinity:undefined:undefined:undefined:undefined":14,"s:118:2:119:Infinity":40,"s:119:4:119:Infinity":41,"s:122:2:136:Infinity":42,"s:123:21:128:6":43,"b:130:4:132:Infinity:undefined:undefined:undefined:undefined":15,"s:130:4:132:Infinity":44,"s:131:24:131:45":45,"s:132:6:132:Infinity":46,"b:132:22:132:43:132:43:132:68":16,"s:135:4:135:Infinity":47,"s:136:4:136:Infinity":48,"s:145:31:166:Infinity":49,"f:145:31:145:38":4,"b:146:2:147:Infinity:undefined:undefined:undefined:undefined":17,"s:146:2:147:Infinity":50,"s:147:4:147:Infinity":51,"s:150:15:150:Infinity":52,"b:150:15:150:45:150:45:150:Infinity":18,"s:151:2:166:Infinity":53,"s:152:21:157:6":54,"b:159:4:160:Infinity:undefined:undefined:undefined:undefined":19,"s:159:4:160:Infinity":55,"s:160:6:160:Infinity":56,"s:163:4:163:Infinity":57,"s:165:4:165:Infinity":58,"s:166:4:166:Infinity":59,"s:176:27:198:Infinity":60,"f:176:27:176:34":5,"b:177:2:177:Infinity:undefined:undefined:undefined:undefined":20,"s:177:2:177:Infinity":61,"s:177:18:177:Infinity":62,"s:178:15:178:Infinity":63,"b:178:15:178:45:178:45:178:Infinity":21,"s:179:19:183:4":64,"b:184:2:196:Infinity:undefined:undefined:undefined:undefined":22,"s:184:2:196:Infinity":65,"s:185:15:185:17":66,"s:186:4:189:Infinity":67,"s:187:6:187:Infinity":68,"s:189:6:189:Infinity":69,"s:191:16:191:102":70,"b:191:26:191:40:191:40:191:56:191:56:191:102":23,"s:192:4:192:Infinity":71,"s:193:4:193:Infinity":72,"b:193:18:193:34:193:34:193:Infinity":24,"s:194:4:194:Infinity":73,"s:195:4:195:Infinity":74,"s:196:4:196:Infinity":75,"s:198:2:198:Infinity":76,"s:208:28:229:Infinity":77,"f:208:28:208:35":6,"b:209:2:209:Infinity:undefined:undefined:undefined:undefined":25,"s:209:2:209:Infinity":78,"s:209:18:209:Infinity":79,"s:210:15:210:Infinity":80,"b:210:15:210:45:210:45:210:Infinity":26,"s:211:15:211:64":81,"s:212:19:216:4":82,"b:217:2:227:Infinity:undefined:undefined:undefined:undefined":27,"s:217:2:227:Infinity":83,"s:218:15:218:17":84,"s:219:4:222:Infinity":85,"s:220:6:220:Infinity":86,"s:222:6:222:Infinity":87,"s:224:16:224:110":88,"b:224:26:224:40:224:40:224:56:224:56:224:110":28,"s:225:4:225:Infinity":89,"s:226:4:226:Infinity":90,"b:226:18:226:34:226:34:226:Infinity":29,"s:227:4:227:Infinity":91,"s:229:2:229:Infinity":92}}}
,"/Users/eric/dev/lantern-lounge/app/check-in-web/src/services/cognito.js": {"path":"/Users/eric/dev/lantern-lounge/app/check-in-web/src/services/cognito.js","statementMap":{"0":{"start":{"line":15,"column":0},"end":{"line":31,"column":null}},"1":{"start":{"line":36,"column":22},"end":{"line":37,"column":null}},"2":{"start":{"line":37,"column":2},"end":{"line":37,"column":null}},"3":{"start":{"line":43,"column":22},"end":{"line":50,"column":null}},"4":{"start":{"line":44,"column":2},"end":{"line":50,"column":null}},"5":{"start":{"line":56,"column":35},"end":{"line":57,"column":null}},"6":{"start":{"line":57,"column":2},"end":{"line":57,"column":null}},"7":{"start":{"line":63,"column":38},"end":{"line":64,"column":null}},"8":{"start":{"line":64,"column":2},"end":{"line":64,"column":null}},"9":{"start":{"line":70,"column":23},"end":{"line":71,"column":null}},"10":{"start":{"line":71,"column":2},"end":{"line":71,"column":null}},"11":{"start":{"line":78,"column":30},"end":{"line":99,"column":null}},"12":{"start":{"line":79,"column":2},"end":{"line":99,"column":null}},"13":{"start":{"line":80,"column":4},"end":{"line":80,"column":null}},"14":{"start":{"line":81,"column":20},"end":{"line":81,"column":44}},"15":{"start":{"line":82,"column":19},"end":{"line":82,"column":75}},"16":{"start":{"line":83,"column":25},"end":{"line":83,"column":63}},"17":{"start":{"line":85,"column":16},"end":{"line":85,"column":null}},"18":{"start":{"line":86,"column":15},"end":{"line":86,"column":null}},"19":{"start":{"line":89,"column":4},"end":{"line":93,"column":null}},"20":{"start":{"line":90,"column":25},"end":{"line":90,"column":52}},"21":{"start":{"line":91,"column":6},"end":{"line":91,"column":null}},"22":{"start":{"line":92,"column":6},"end":{"line":92,"column":null}},"23":{"start":{"line":97,"column":4},"end":{"line":97,"column":null}},"24":{"start":{"line":99,"column":4},"end":{"line":99,"column":null}},"25":{"start":{"line":106,"column":28},"end":{"line":111,"column":null}},"26":{"start":{"line":107,"column":2},"end":{"line":111,"column":null}},"27":{"start":{"line":108,"column":20},"end":{"line":108,"column":44}},"28":{"start":{"line":109,"column":4},"end":{"line":109,"column":null}},"29":{"start":{"line":111,"column":4},"end":{"line":111,"column":null}},"30":{"start":{"line":119,"column":31},"end":{"line":120,"column":null}},"31":{"start":{"line":120,"column":2},"end":{"line":120,"column":null}}},"fnMap":{"0":{"name":"(anonymous_0)","decl":{"start":{"line":36,"column":22},"end":{"line":36,"column":29}},"loc":{"start":{"line":36,"column":49},"end":{"line":37,"column":null}},"line":36},"1":{"name":"(anonymous_1)","decl":{"start":{"line":43,"column":22},"end":{"line":43,"column":29}},"loc":{"start":{"line":43,"column":55},"end":{"line":50,"column":null}},"line":43},"2":{"name":"(anonymous_2)","decl":{"start":{"line":56,"column":35},"end":{"line":56,"column":42}},"loc":{"start":{"line":56,"column":58},"end":{"line":57,"column":null}},"line":56},"3":{"name":"(anonymous_3)","decl":{"start":{"line":63,"column":38},"end":{"line":63,"column":45}},"loc":{"start":{"line":63,"column":55},"end":{"line":64,"column":null}},"line":63},"4":{"name":"(anonymous_4)","decl":{"start":{"line":70,"column":23},"end":{"line":70,"column":35}},"loc":{"start":{"line":70,"column":35},"end":{"line":71,"column":null}},"line":70},"5":{"name":"(anonymous_5)","decl":{"start":{"line":78,"column":30},"end":{"line":78,"column":42}},"loc":{"start":{"line":78,"column":42},"end":{"line":99,"column":null}},"line":78},"6":{"name":"(anonymous_6)","decl":{"start":{"line":106,"column":28},"end":{"line":106,"column":40}},"loc":{"start":{"line":106,"column":40},"end":{"line":111,"column":null}},"line":106},"7":{"name":"(anonymous_7)","decl":{"start":{"line":119,"column":31},"end":{"line":119,"column":38}},"loc":{"start":{"line":119,"column":51},"end":{"line":120,"column":null}},"line":119}},"branchMap":{"0":{"loc":{"start":{"line":82,"column":19},"end":{"line":82,"column":75}},"type":"binary-expr","locations":[{"start":{"line":82,"column":19},"end":{"line":82,"column":73}},{"start":{"line":82,"column":73},"end":{"line":82,"column":75}}],"line":82},"1":{"loc":{"start":{"line":83,"column":25},"end":{"line":83,"column":63}},"type":"binary-expr","locations":[{"start":{"line":83,"column":25},"end":{"line":83,"column":61}},{"start":{"line":83,"column":61},"end":{"line":83,"column":63}}],"line":83},"2":{"loc":{"start":{"line":91,"column":14},"end":{"line":91,"column":null}},"type":"binary-expr","locations":[{"start":{"line":91,"column":14},"end":{"line":91,"column":34}},{"start":{"line":91,"column":34},"end":{"line":91,"column":null}}],"line":91},"3":{"loc":{"start":{"line":92,"column":13},"end":{"line":92,"column":null}},"type":"binary-expr","locations":[{"start":{"line":92,"column":13},"end":{"line":92,"column":32}},{"start":{"line":92,"column":32},"end":{"line":92,"column":null}}],"line":92},"4":{"loc":{"start":{"line":109,"column":11},"end":{"line":109,"column":null}},"type":"binary-expr","locations":[{"start":{"line":109,"column":11},"end":{"line":109,"column":46}},{"start":{"line":109,"column":50},"end":{"line":109,"column":null}}],"line":109}},"s":{"0":6,"1":6,"2":1,"3":6,"4":1,"5":6,"6":1,"7":6,"8":1,"9":6,"10":1,"11":6,"12":2,"13":2,"14":1,"15":1,"16":2,"17":2,"18":2,"19":2,"20":2,"21":1,"22":2,"23":1,"24":1,"25":6,"26":2,"27":2,"28":1,"29":1,"30":6,"31":1},"f":{"0":1,"1":1,"2":1,"3":1,"4":1,"5":2,"6":2,"7":1},"b":{"0":[1,0],"1":[2,0],"2":[1,0],"3":[2,0],"4":[1,0]},"meta":{"lastBranch":5,"lastFunction":8,"lastStatement":32,"seen":{"s:15:0:31:Infinity":0,"s:36:22:37:Infinity":1,"f:36:22:36:29":0,"s:37:2:37:Infinity":2,"s:43:22:50:Infinity":3,"f:43:22:43:29":1,"s:44:2:50:Infinity":4,"s:56:35:57:Infinity":5,"f:56:35:56:42":2,"s:57:2:57:Infinity":6,"s:63:38:64:Infinity":7,"f:63:38:63:45":3,"s:64:2:64:Infinity":8,"s:70:23:71:Infinity":9,"f:70:23:70:35":4,"s:71:2:71:Infinity":10,"s:78:30:99:Infinity":11,"f:78:30:78:42":5,"s:79:2:99:Infinity":12,"s:80:4:80:Infinity":13,"s:81:20:81:44":14,"s:82:19:82:75":15,"b:82:19:82:73:82:73:82:75":0,"s:83:25:83:63":16,"b:83:25:83:61:83:61:83:63":1,"s:85:16:85:Infinity":17,"s:86:15:86:Infinity":18,"s:89:4:93:Infinity":19,"s:90:25:90:52":20,"s:91:6:91:Infinity":21,"b:91:14:91:34:91:34:91:Infinity":2,"s:92:6:92:Infinity":22,"b:92:13:92:32:92:32:92:Infinity":3,"s:97:4:97:Infinity":23,"s:99:4:99:Infinity":24,"s:106:28:111:Infinity":25,"f:106:28:106:40":6,"s:107:2:111:Infinity":26,"s:108:20:108:44":27,"s:109:4:109:Infinity":28,"b:109:11:109:46:109:50:109:Infinity":4,"s:111:4:111:Infinity":29,"s:119:31:120:Infinity":30,"f:119:31:119:38":7,"s:120:2:120:Infinity":31}}}
}
