{"/Users/eric/dev/lantern-lounge/app/react-webapp/src/App.jsx": {"path":"/Users/eric/dev/lantern-lounge/app/react-webapp/src/App.jsx","statementMap":{"0":{"start":{"line":20,"column":6},"end":{"line":38,"column":null}},"1":{"start":{"line":21,"column":8},"end":{"line":21,"column":32}},"2":{"start":{"line":22,"column":27},"end":{"line":22,"column":50}},"3":{"start":{"line":24,"column":2},"end":{"line":36,"column":null}},"4":{"start":{"line":26,"column":4},"end":{"line":32,"column":null}},"5":{"start":{"line":27,"column":27},"end":{"line":27,"column":66}},"6":{"start":{"line":28,"column":6},"end":{"line":32,"column":null}},"7":{"start":{"line":29,"column":8},"end":{"line":29,"column":null}},"8":{"start":{"line":30,"column":8},"end":{"line":32,"column":null}},"9":{"start":{"line":31,"column":10},"end":{"line":31,"column":null}},"10":{"start":{"line":32,"column":10},"end":{"line":32,"column":null}},"11":{"start":{"line":38,"column":2},"end":{"line":38,"column":null}},"12":{"start":{"line":45,"column":2},"end":{"line":66,"column":null}}},"fnMap":{"0":{"name":"(anonymous_0)","decl":{"start":{"line":20,"column":6},"end":{"line":20,"column":30}},"loc":{"start":{"line":20,"column":30},"end":{"line":38,"column":null}},"line":20},"1":{"name":"(anonymous_1)","decl":{"start":{"line":24,"column":2},"end":{"line":24,"column":18}},"loc":{"start":{"line":24,"column":18},"end":{"line":36,"column":6}},"line":24},"2":{"name":"App","decl":{"start":{"line":44,"column":9},"end":{"line":44,"column":15}},"loc":{"start":{"line":44,"column":15},"end":{"line":66,"column":null}},"line":44}},"branchMap":{"0":{"loc":{"start":{"line":26,"column":4},"end":{"line":32,"column":null}},"type":"if","locations":[{"start":{"line":26,"column":4},"end":{"line":32,"column":null}},{"start":{},"end":{}}],"line":26},"1":{"loc":{"start":{"line":26,"column":8},"end":{"line":26,"column":39}},"type":"binary-expr","locations":[{"start":{"line":26,"column":8},"end":{"line":26,"column":22}},{"start":{"line":26,"column":22},"end":{"line":26,"column":39}}],"line":26},"2":{"loc":{"start":{"line":28,"column":6},"end":{"line":32,"column":null}},"type":"if","locations":[{"start":{"line":28,"column":6},"end":{"line":32,"column":null}},{"start":{},"end":{}}],"line":28},"3":{"loc":{"start":{"line":30,"column":8},"end":{"line":32,"column":null}},"type":"if","locations":[{"start":{"line":30,"column":8},"end":{"line":32,"column":null}},{"start":{},"end":{}}],"line":30}},"s":{"0":0,"1":0,"2":0,"3":0,"4":0,"5":0,"6":0,"7":0,"8":0,"9":0,"10":0,"11":0,"12":0},"f":{"0":0,"1":0,"2":0},"b":{"0":[0,0],"1":[0,0],"2":[0,0],"3":[0,0]},"meta":{"lastBranch":4,"lastFunction":3,"lastStatement":13,"seen":{"s:20:6:38:Infinity":0,"f:20:6:20:30":0,"s:21:8:21:32":1,"s:22:27:22:50":2,"s:24:2:36:Infinity":3,"f:24:2:24:18":1,"b:26:4:32:Infinity:undefined:undefined:undefined:undefined":0,"s:26:4:32:Infinity":4,"b:26:8:26:22:26:22:26:39":1,"s:27:27:27:66":5,"b:28:6:32:Infinity:undefined:undefined:undefined:undefined":2,"s:28:6:32:Infinity":6,"s:29:8:29:Infinity":7,"b:30:8:32:Infinity:undefined:undefined:undefined:undefined":3,"s:30:8:32:Infinity":8,"s:31:10:31:Infinity":9,"s:32:10:32:Infinity":10,"s:38:2:38:Infinity":11,"f:44:9:44:15":2,"s:45:2:66:Infinity":12}}}
,"/Users/eric/dev/lantern-lounge/app/react-webapp/src/components/auth/AuthModal.jsx": {"path":"/Users/eric/dev/lantern-lounge/app/react-webapp/src/components/auth/AuthModal.jsx","statementMap":{"0":{"start":{"line":11,"column":6},"end":{"line":288,"column":null}},"1":{"start":{"line":12,"column":20},"end":{"line":12,"column":54}},"2":{"start":{"line":13,"column":16},"end":{"line":13,"column":40}},"3":{"start":{"line":14,"column":18},"end":{"line":14,"column":44}},"4":{"start":{"line":15,"column":23},"end":{"line":15,"column":54}},"5":{"start":{"line":16,"column":40},"end":{"line":16,"column":64}},"6":{"start":{"line":19,"column":21},"end":{"line":19,"column":75}},"7":{"start":{"line":22,"column":21},"end":{"line":22,"column":85}},"8":{"start":{"line":25,"column":21},"end":{"line":25,"column":71}},"9":{"start":{"line":27,"column":23},"end":{"line":41,"column":null}},"10":{"start":{"line":28,"column":4},"end":{"line":28,"column":null}},"11":{"start":{"line":29,"column":4},"end":{"line":29,"column":null}},"12":{"start":{"line":30,"column":4},"end":{"line":30,"column":null}},"13":{"start":{"line":32,"column":19},"end":{"line":32,"column":70}},"14":{"start":{"line":34,"column":4},"end":{"line":41,"column":null}},"15":{"start":{"line":35,"column":6},"end":{"line":35,"column":null}},"16":{"start":{"line":36,"column":6},"end":{"line":39,"column":null}},"17":{"start":{"line":37,"column":8},"end":{"line":37,"column":null}},"18":{"start":{"line":38,"column":8},"end":{"line":38,"column":null}},"19":{"start":{"line":41,"column":6},"end":{"line":41,"column":null}},"20":{"start":{"line":45,"column":23},"end":{"line":61,"column":null}},"21":{"start":{"line":46,"column":4},"end":{"line":46,"column":null}},"22":{"start":{"line":47,"column":4},"end":{"line":47,"column":null}},"23":{"start":{"line":48,"column":4},"end":{"line":48,"column":null}},"24":{"start":{"line":50,"column":19},"end":{"line":50,"column":87}},"25":{"start":{"line":52,"column":4},"end":{"line":61,"column":null}},"26":{"start":{"line":53,"column":6},"end":{"line":53,"column":null}},"27":{"start":{"line":54,"column":6},"end":{"line":54,"column":null}},"28":{"start":{"line":55,"column":6},"end":{"line":55,"column":null}},"29":{"start":{"line":56,"column":6},"end":{"line":59,"column":null}},"30":{"start":{"line":57,"column":8},"end":{"line":57,"column":null}},"31":{"start":{"line":58,"column":8},"end":{"line":58,"column":null}},"32":{"start":{"line":61,"column":6},"end":{"line":61,"column":null}},"33":{"start":{"line":65,"column":23},"end":{"line":80,"column":null}},"34":{"start":{"line":66,"column":4},"end":{"line":66,"column":null}},"35":{"start":{"line":67,"column":4},"end":{"line":67,"column":null}},"36":{"start":{"line":68,"column":4},"end":{"line":68,"column":null}},"37":{"start":{"line":70,"column":19},"end":{"line":70,"column":72}},"38":{"start":{"line":72,"column":4},"end":{"line":80,"column":null}},"39":{"start":{"line":73,"column":6},"end":{"line":73,"column":null}},"40":{"start":{"line":74,"column":6},"end":{"line":78,"column":null}},"41":{"start":{"line":75,"column":8},"end":{"line":75,"column":null}},"42":{"start":{"line":76,"column":8},"end":{"line":76,"column":null}},"43":{"start":{"line":77,"column":8},"end":{"line":77,"column":null}},"44":{"start":{"line":80,"column":6},"end":{"line":80,"column":null}},"45":{"start":{"line":84,"column":27},"end":{"line":91,"column":null}},"46":{"start":{"line":85,"column":4},"end":{"line":85,"column":null}},"47":{"start":{"line":86,"column":19},"end":{"line":86,"column":53}},"48":{"start":{"line":87,"column":4},"end":{"line":91,"column":null}},"49":{"start":{"line":88,"column":6},"end":{"line":88,"column":null}},"50":{"start":{"line":89,"column":6},"end":{"line":89,"column":null}},"51":{"start":{"line":89,"column":23},"end":{"line":89,"column":37}},"52":{"start":{"line":91,"column":6},"end":{"line":91,"column":null}},"53":{"start":{"line":95,"column":8},"end":{"line":102,"column":null}},"54":{"start":{"line":96,"column":4},"end":{"line":96,"column":null}},"55":{"start":{"line":97,"column":4},"end":{"line":97,"column":null}},"56":{"start":{"line":98,"column":4},"end":{"line":98,"column":null}},"57":{"start":{"line":99,"column":4},"end":{"line":99,"column":null}},"58":{"start":{"line":100,"column":4},"end":{"line":100,"column":null}},"59":{"start":{"line":101,"column":4},"end":{"line":101,"column":null}},"60":{"start":{"line":102,"column":4},"end":{"line":102,"column":null}},"61":{"start":{"line":105,"column":8},"end":{"line":111,"column":null}},"62":{"start":{"line":106,"column":4},"end":{"line":111,"column":null}},"63":{"start":{"line":108,"column":6},"end":{"line":108,"column":null}},"64":{"start":{"line":109,"column":6},"end":{"line":109,"column":null}},"65":{"start":{"line":111,"column":6},"end":{"line":111,"column":null}},"66":{"start":{"line":115,"column":8},"end":{"line":137,"column":null}},"67":{"start":{"line":116,"column":4},"end":{"line":137,"column":null}},"68":{"start":{"line":119,"column":23},"end":{"line":119,"column":51}},"69":{"start":{"line":142,"column":2},"end":{"line":288,"column":null}},"70":{"start":{"line":147,"column":25},"end":{"line":147,"column":47}},"71":{"start":{"line":157,"column":25},"end":{"line":157,"column":47}},"72":{"start":{"line":167,"column":25},"end":{"line":167,"column":47}},"73":{"start":{"line":200,"column":31},"end":{"line":200,"column":86}},"74":{"start":{"line":209,"column":31},"end":{"line":209,"column":89}},"75":{"start":{"line":230,"column":31},"end":{"line":230,"column":85}},"76":{"start":{"line":239,"column":31},"end":{"line":239,"column":86}},"77":{"start":{"line":248,"column":31},"end":{"line":248,"column":89}},"78":{"start":{"line":268,"column":29},"end":{"line":268,"column":84}},"79":{"start":{"line":277,"column":29},"end":{"line":277,"column":83}}},"fnMap":{"0":{"name":"(anonymous_0)","decl":{"start":{"line":11,"column":6},"end":{"line":11,"column":19}},"loc":{"start":{"line":11,"column":43},"end":{"line":288,"column":null}},"line":11},"1":{"name":"(anonymous_1)","decl":{"start":{"line":27,"column":23},"end":{"line":27,"column":30}},"loc":{"start":{"line":27,"column":36},"end":{"line":41,"column":null}},"line":27},"2":{"name":"(anonymous_2)","decl":{"start":{"line":36,"column":6},"end":{"line":36,"column":23}},"loc":{"start":{"line":36,"column":23},"end":{"line":39,"column":14}},"line":36},"3":{"name":"(anonymous_3)","decl":{"start":{"line":45,"column":23},"end":{"line":45,"column":30}},"loc":{"start":{"line":45,"column":36},"end":{"line":61,"column":null}},"line":45},"4":{"name":"(anonymous_4)","decl":{"start":{"line":56,"column":6},"end":{"line":56,"column":23}},"loc":{"start":{"line":56,"column":23},"end":{"line":59,"column":14}},"line":56},"5":{"name":"(anonymous_5)","decl":{"start":{"line":65,"column":23},"end":{"line":65,"column":30}},"loc":{"start":{"line":65,"column":36},"end":{"line":80,"column":null}},"line":65},"6":{"name":"(anonymous_6)","decl":{"start":{"line":74,"column":6},"end":{"line":74,"column":23}},"loc":{"start":{"line":74,"column":23},"end":{"line":78,"column":14}},"line":74},"7":{"name":"(anonymous_7)","decl":{"start":{"line":84,"column":27},"end":{"line":84,"column":39}},"loc":{"start":{"line":84,"column":39},"end":{"line":91,"column":null}},"line":84},"8":{"name":"(anonymous_8)","decl":{"start":{"line":89,"column":6},"end":{"line":89,"column":23}},"loc":{"start":{"line":89,"column":23},"end":{"line":89,"column":37}},"line":89},"9":{"name":"(anonymous_9)","decl":{"start":{"line":95,"column":8},"end":{"line":95,"column":30}},"loc":{"start":{"line":95,"column":30},"end":{"line":102,"column":null}},"line":95},"10":{"name":"(anonymous_10)","decl":{"start":{"line":105,"column":8},"end":{"line":105,"column":30}},"loc":{"start":{"line":105,"column":43},"end":{"line":111,"column":null}},"line":105},"11":{"name":"(anonymous_11)","decl":{"start":{"line":115,"column":8},"end":{"line":115,"column":null}},"loc":{"start":{"line":116,"column":4},"end":{"line":137,"column":null}},"line":116},"12":{"name":"(anonymous_12)","decl":{"start":{"line":119,"column":8},"end":{"line":119,"column":23}},"loc":{"start":{"line":119,"column":23},"end":{"line":119,"column":51}},"line":119},"13":{"name":"(anonymous_13)","decl":{"start":{"line":147,"column":10},"end":{"line":147,"column":25}},"loc":{"start":{"line":147,"column":25},"end":{"line":147,"column":47}},"line":147},"14":{"name":"(anonymous_14)","decl":{"start":{"line":157,"column":10},"end":{"line":157,"column":25}},"loc":{"start":{"line":157,"column":25},"end":{"line":157,"column":47}},"line":157},"15":{"name":"(anonymous_15)","decl":{"start":{"line":167,"column":10},"end":{"line":167,"column":25}},"loc":{"start":{"line":167,"column":25},"end":{"line":167,"column":47}},"line":167},"16":{"name":"(anonymous_16)","decl":{"start":{"line":200,"column":14},"end":{"line":200,"column":25}},"loc":{"start":{"line":200,"column":31},"end":{"line":200,"column":86}},"line":200},"17":{"name":"(anonymous_17)","decl":{"start":{"line":209,"column":14},"end":{"line":209,"column":25}},"loc":{"start":{"line":209,"column":31},"end":{"line":209,"column":89}},"line":209},"18":{"name":"(anonymous_18)","decl":{"start":{"line":230,"column":14},"end":{"line":230,"column":25}},"loc":{"start":{"line":230,"column":31},"end":{"line":230,"column":85}},"line":230},"19":{"name":"(anonymous_19)","decl":{"start":{"line":239,"column":14},"end":{"line":239,"column":25}},"loc":{"start":{"line":239,"column":31},"end":{"line":239,"column":86}},"line":239},"20":{"name":"(anonymous_20)","decl":{"start":{"line":248,"column":14},"end":{"line":248,"column":25}},"loc":{"start":{"line":248,"column":31},"end":{"line":248,"column":89}},"line":248},"21":{"name":"(anonymous_21)","decl":{"start":{"line":268,"column":12},"end":{"line":268,"column":23}},"loc":{"start":{"line":268,"column":29},"end":{"line":268,"column":84}},"line":268},"22":{"name":"(anonymous_22)","decl":{"start":{"line":277,"column":12},"end":{"line":277,"column":23}},"loc":{"start":{"line":277,"column":29},"end":{"line":277,"column":83}},"line":277}},"branchMap":{"0":{"loc":{"start":{"line":34,"column":4},"end":{"line":41,"column":null}},"type":"if","locations":[{"start":{"line":34,"column":4},"end":{"line":41,"column":null}},{"start":{"line":40,"column":11},"end":{"line":41,"column":null}}],"line":34},"1":{"loc":{"start":{"line":41,"column":15},"end":{"line":41,"column":51}},"type":"binary-expr","locations":[{"start":{"line":41,"column":15},"end":{"line":41,"column":31}},{"start":{"line":41,"column":31},"end":{"line":41,"column":51}}],"line":41},"2":{"loc":{"start":{"line":52,"column":4},"end":{"line":61,"column":null}},"type":"if","locations":[{"start":{"line":52,"column":4},"end":{"line":61,"column":null}},{"start":{"line":60,"column":11},"end":{"line":61,"column":null}}],"line":52},"3":{"loc":{"start":{"line":61,"column":15},"end":{"line":61,"column":51}},"type":"binary-expr","locations":[{"start":{"line":61,"column":15},"end":{"line":61,"column":31}},{"start":{"line":61,"column":31},"end":{"line":61,"column":51}}],"line":61},"4":{"loc":{"start":{"line":72,"column":4},"end":{"line":80,"column":null}},"type":"if","locations":[{"start":{"line":72,"column":4},"end":{"line":80,"column":null}},{"start":{"line":79,"column":11},"end":{"line":80,"column":null}}],"line":72},"5":{"loc":{"start":{"line":80,"column":15},"end":{"line":80,"column":56}},"type":"binary-expr","locations":[{"start":{"line":80,"column":15},"end":{"line":80,"column":31}},{"start":{"line":80,"column":31},"end":{"line":80,"column":56}}],"line":80},"6":{"loc":{"start":{"line":87,"column":4},"end":{"line":91,"column":null}},"type":"if","locations":[{"start":{"line":87,"column":4},"end":{"line":91,"column":null}},{"start":{"line":90,"column":11},"end":{"line":91,"column":null}}],"line":87},"7":{"loc":{"start":{"line":91,"column":15},"end":{"line":91,"column":55}},"type":"binary-expr","locations":[{"start":{"line":91,"column":15},"end":{"line":91,"column":31}},{"start":{"line":91,"column":31},"end":{"line":91,"column":55}}],"line":91},"8":{"loc":{"start":{"line":149,"column":12},"end":{"line":151,"column":null}},"type":"cond-expr","locations":[{"start":{"line":150,"column":16},"end":{"line":150,"column":null}},{"start":{"line":151,"column":16},"end":{"line":151,"column":null}}],"line":149},"9":{"loc":{"start":{"line":159,"column":12},"end":{"line":161,"column":null}},"type":"cond-expr","locations":[{"start":{"line":160,"column":16},"end":{"line":160,"column":null}},{"start":{"line":161,"column":16},"end":{"line":161,"column":null}}],"line":159},"10":{"loc":{"start":{"line":169,"column":12},"end":{"line":171,"column":null}},"type":"cond-expr","locations":[{"start":{"line":170,"column":16},"end":{"line":170,"column":null}},{"start":{"line":171,"column":16},"end":{"line":171,"column":null}}],"line":169},"11":{"loc":{"start":{"line":179,"column":7},"end":{"line":182,"column":null}},"type":"binary-expr","locations":[{"start":{"line":179,"column":7},"end":{"line":179,"column":null}},{"start":{"line":180,"column":8},"end":{"line":182,"column":null}}],"line":179},"12":{"loc":{"start":{"line":184,"column":7},"end":{"line":187,"column":null}},"type":"binary-expr","locations":[{"start":{"line":184,"column":7},"end":{"line":184,"column":null}},{"start":{"line":185,"column":8},"end":{"line":187,"column":null}}],"line":184},"13":{"loc":{"start":{"line":191,"column":7},"end":{"line":217,"column":null}},"type":"binary-expr","locations":[{"start":{"line":191,"column":7},"end":{"line":191,"column":null}},{"start":{"line":192,"column":8},"end":{"line":217,"column":null}}],"line":191},"14":{"loc":{"start":{"line":221,"column":7},"end":{"line":257,"column":null}},"type":"binary-expr","locations":[{"start":{"line":221,"column":7},"end":{"line":221,"column":null}},{"start":{"line":222,"column":8},"end":{"line":257,"column":null}}],"line":221},"15":{"loc":{"start":{"line":261,"column":7},"end":{"line":288,"column":null}},"type":"binary-expr","locations":[{"start":{"line":261,"column":7},"end":{"line":261,"column":null}},{"start":{"line":262,"column":8},"end":{"line":288,"column":null}}],"line":261}},"s":{"0":0,"1":0,"2":0,"3":0,"4":0,"5":0,"6":0,"7":0,"8":0,"9":0,"10":0,"11":0,"12":0,"13":0,"14":0,"15":0,"16":0,"17":0,"18":0,"19":0,"20":0,"21":0,"22":0,"23":0,"24":0,"25":0,"26":0,"27":0,"28":0,"29":0,"30":0,"31":0,"32":0,"33":0,"34":0,"35":0,"36":0,"37":0,"38":0,"39":0,"40":0,"41":0,"42":0,"43":0,"44":0,"45":0,"46":0,"47":0,"48":0,"49":0,"50":0,"51":0,"52":0,"53":0,"54":0,"55":0,"56":0,"57":0,"58":0,"59":0,"60":0,"61":0,"62":0,"63":0,"64":0,"65":0,"66":0,"67":0,"68":0,"69":0,"70":0,"71":0,"72":0,"73":0,"74":0,"75":0,"76":0,"77":0,"78":0,"79":0},"f":{"0":0,"1":0,"2":0,"3":0,"4":0,"5":0,"6":0,"7":0,"8":0,"9":0,"10":0,"11":0,"12":0,"13":0,"14":0,"15":0,"16":0,"17":0,"18":0,"19":0,"20":0,"21":0,"22":0},"b":{"0":[0,0],"1":[0,0],"2":[0,0],"3":[0,0],"4":[0,0],"5":[0,0],"6":[0,0],"7":[0,0],"8":[0,0],"9":[0,0],"10":[0,0],"11":[0,0],"12":[0,0],"13":[0,0],"14":[0,0],"15":[0,0]},"meta":{"lastBranch":16,"lastFunction":23,"lastStatement":80,"seen":{"s:11:6:288:Infinity":0,"f:11:6:11:19":0,"s:12:20:12:54":1,"s:13:16:13:40":2,"s:14:18:14:44":3,"s:15:23:15:54":4,"s:16:40:16:64":5,"s:19:21:19:75":6,"s:22:21:22:85":7,"s:25:21:25:71":8,"s:27:23:41:Infinity":9,"f:27:23:27:30":1,"s:28:4:28:Infinity":10,"s:29:4:29:Infinity":11,"s:30:4:30:Infinity":12,"s:32:19:32:70":13,"b:34:4:41:Infinity:40:11:41:Infinity":0,"s:34:4:41:Infinity":14,"s:35:6:35:Infinity":15,"s:36:6:39:Infinity":16,"f:36:6:36:23":2,"s:37:8:37:Infinity":17,"s:38:8:38:Infinity":18,"s:41:6:41:Infinity":19,"b:41:15:41:31:41:31:41:51":1,"s:45:23:61:Infinity":20,"f:45:23:45:30":3,"s:46:4:46:Infinity":21,"s:47:4:47:Infinity":22,"s:48:4:48:Infinity":23,"s:50:19:50:87":24,"b:52:4:61:Infinity:60:11:61:Infinity":2,"s:52:4:61:Infinity":25,"s:53:6:53:Infinity":26,"s:54:6:54:Infinity":27,"s:55:6:55:Infinity":28,"s:56:6:59:Infinity":29,"f:56:6:56:23":4,"s:57:8:57:Infinity":30,"s:58:8:58:Infinity":31,"s:61:6:61:Infinity":32,"b:61:15:61:31:61:31:61:51":3,"s:65:23:80:Infinity":33,"f:65:23:65:30":5,"s:66:4:66:Infinity":34,"s:67:4:67:Infinity":35,"s:68:4:68:Infinity":36,"s:70:19:70:72":37,"b:72:4:80:Infinity:79:11:80:Infinity":4,"s:72:4:80:Infinity":38,"s:73:6:73:Infinity":39,"s:74:6:78:Infinity":40,"f:74:6:74:23":6,"s:75:8:75:Infinity":41,"s:76:8:76:Infinity":42,"s:77:8:77:Infinity":43,"s:80:6:80:Infinity":44,"b:80:15:80:31:80:31:80:56":5,"s:84:27:91:Infinity":45,"f:84:27:84:39":7,"s:85:4:85:Infinity":46,"s:86:19:86:53":47,"b:87:4:91:Infinity:90:11:91:Infinity":6,"s:87:4:91:Infinity":48,"s:88:6:88:Infinity":49,"s:89:6:89:Infinity":50,"f:89:6:89:23":8,"s:89:23:89:37":51,"s:91:6:91:Infinity":52,"b:91:15:91:31:91:31:91:55":7,"s:95:8:102:Infinity":53,"f:95:8:95:30":9,"s:96:4:96:Infinity":54,"s:97:4:97:Infinity":55,"s:98:4:98:Infinity":56,"s:99:4:99:Infinity":57,"s:100:4:100:Infinity":58,"s:101:4:101:Infinity":59,"s:102:4:102:Infinity":60,"s:105:8:111:Infinity":61,"f:105:8:105:30":10,"s:106:4:111:Infinity":62,"s:108:6:108:Infinity":63,"s:109:6:109:Infinity":64,"s:111:6:111:Infinity":65,"s:115:8:137:Infinity":66,"f:115:8:115:Infinity":11,"s:116:4:137:Infinity":67,"f:119:8:119:23":12,"s:119:23:119:51":68,"s:142:2:288:Infinity":69,"f:147:10:147:25":13,"s:147:25:147:47":70,"b:150:16:150:Infinity:151:16:151:Infinity":8,"f:157:10:157:25":14,"s:157:25:157:47":71,"b:160:16:160:Infinity:161:16:161:Infinity":9,"f:167:10:167:25":15,"s:167:25:167:47":72,"b:170:16:170:Infinity:171:16:171:Infinity":10,"b:179:7:179:Infinity:180:8:182:Infinity":11,"b:184:7:184:Infinity:185:8:187:Infinity":12,"b:191:7:191:Infinity:192:8:217:Infinity":13,"f:200:14:200:25":16,"s:200:31:200:86":73,"f:209:14:209:25":17,"s:209:31:209:89":74,"b:221:7:221:Infinity:222:8:257:Infinity":14,"f:230:14:230:25":18,"s:230:31:230:85":75,"f:239:14:239:25":19,"s:239:31:239:86":76,"f:248:14:248:25":20,"s:248:31:248:89":77,"b:261:7:261:Infinity:262:8:288:Infinity":15,"f:268:12:268:23":21,"s:268:29:268:84":78,"f:277:12:277:23":22,"s:277:29:277:83":79}}}
,"/Users/eric/dev/lantern-lounge/app/react-webapp/src/components/auth/WalletCard.jsx": {"path":"/Users/eric/dev/lantern-lounge/app/react-webapp/src/components/auth/WalletCard.jsx","statementMap":{"0":{"start":{"line":6,"column":6},"end":{"line":138,"column":null}},"1":{"start":{"line":7,"column":29},"end":{"line":7,"column":51}},"2":{"start":{"line":8,"column":21},"end":{"line":8,"column":52}},"3":{"start":{"line":9,"column":18},"end":{"line":9,"column":47}},"4":{"start":{"line":10,"column":16},"end":{"line":10,"column":42}},"5":{"start":{"line":11,"column":23},"end":{"line":11,"column":57}},"6":{"start":{"line":12,"column":16},"end":{"line":12,"column":43}},"7":{"start":{"line":13,"column":20},"end":{"line":13,"column":51}},"8":{"start":{"line":14,"column":19},"end":{"line":14,"column":49}},"9":{"start":{"line":16,"column":2},"end":{"line":29,"column":null}},"10":{"start":{"line":18,"column":22},"end":{"line":18,"column":null}},"11":{"start":{"line":19,"column":16},"end":{"line":19,"column":null}},"12":{"start":{"line":20,"column":20},"end":{"line":20,"column":45}},"13":{"start":{"line":22,"column":4},"end":{"line":22,"column":null}},"14":{"start":{"line":23,"column":4},"end":{"line":23,"column":null}},"15":{"start":{"line":24,"column":4},"end":{"line":24,"column":null}},"16":{"start":{"line":26,"column":4},"end":{"line":27,"column":null}},"17":{"start":{"line":27,"column":6},"end":{"line":27,"column":null}},"18":{"start":{"line":31,"column":25},"end":{"line":41,"column":null}},"19":{"start":{"line":32,"column":4},"end":{"line":32,"column":null}},"20":{"start":{"line":33,"column":4},"end":{"line":41,"column":null}},"21":{"start":{"line":34,"column":20},"end":{"line":34,"column":36}},"22":{"start":{"line":35,"column":19},"end":{"line":35,"column":47}},"23":{"start":{"line":36,"column":6},"end":{"line":36,"column":null}},"24":{"start":{"line":38,"column":6},"end":{"line":38,"column":null}},"25":{"start":{"line":39,"column":6},"end":{"line":39,"column":null}},"26":{"start":{"line":41,"column":6},"end":{"line":41,"column":null}},"27":{"start":{"line":45,"column":28},"end":{"line":62,"column":null}},"28":{"start":{"line":46,"column":4},"end":{"line":46,"column":null}},"29":{"start":{"line":47,"column":4},"end":{"line":62,"column":null}},"30":{"start":{"line":48,"column":20},"end":{"line":48,"column":36}},"31":{"start":{"line":49,"column":19},"end":{"line":49,"column":55}},"32":{"start":{"line":50,"column":18},"end":{"line":50,"column":50}},"33":{"start":{"line":51,"column":19},"end":{"line":51,"column":46}},"34":{"start":{"line":52,"column":6},"end":{"line":52,"column":null}},"35":{"start":{"line":53,"column":6},"end":{"line":53,"column":null}},"36":{"start":{"line":54,"column":6},"end":{"line":54,"column":null}},"37":{"start":{"line":55,"column":6},"end":{"line":55,"column":null}},"38":{"start":{"line":56,"column":6},"end":{"line":56,"column":null}},"39":{"start":{"line":57,"column":6},"end":{"line":57,"column":null}},"40":{"start":{"line":59,"column":6},"end":{"line":59,"column":null}},"41":{"start":{"line":60,"column":6},"end":{"line":60,"column":null}},"42":{"start":{"line":62,"column":6},"end":{"line":62,"column":null}},"43":{"start":{"line":66,"column":2},"end":{"line":66,"column":null}},"44":{"start":{"line":66,"column":13},"end":{"line":66,"column":null}},"45":{"start":{"line":69,"column":2},"end":{"line":84,"column":null}},"46":{"start":{"line":70,"column":25},"end":{"line":70,"column":null}},"47":{"start":{"line":71,"column":20},"end":{"line":71,"column":null}},"48":{"start":{"line":73,"column":4},"end":{"line":84,"column":null}},"49":{"start":{"line":90,"column":2},"end":{"line":138,"column":null}}},"fnMap":{"0":{"name":"(anonymous_0)","decl":{"start":{"line":6,"column":6},"end":{"line":6,"column":25}},"loc":{"start":{"line":6,"column":25},"end":{"line":138,"column":null}},"line":6},"1":{"name":"(anonymous_1)","decl":{"start":{"line":16,"column":2},"end":{"line":16,"column":18}},"loc":{"start":{"line":16,"column":18},"end":{"line":29,"column":6}},"line":16},"2":{"name":"(anonymous_2)","decl":{"start":{"line":31,"column":25},"end":{"line":31,"column":37}},"loc":{"start":{"line":31,"column":37},"end":{"line":41,"column":null}},"line":31},"3":{"name":"(anonymous_3)","decl":{"start":{"line":45,"column":28},"end":{"line":45,"column":40}},"loc":{"start":{"line":45,"column":40},"end":{"line":62,"column":null}},"line":45}},"branchMap":{"0":{"loc":{"start":{"line":18,"column":22},"end":{"line":18,"column":null}},"type":"binary-expr","locations":[{"start":{"line":18,"column":22},"end":{"line":18,"column":45}},{"start":{"line":18,"column":45},"end":{"line":18,"column":65}},{"start":{"line":18,"column":65},"end":{"line":18,"column":null}}],"line":18},"1":{"loc":{"start":{"line":19,"column":16},"end":{"line":19,"column":null}},"type":"binary-expr","locations":[{"start":{"line":19,"column":16},"end":{"line":19,"column":50}},{"start":{"line":19,"column":54},"end":{"line":19,"column":null}}],"line":19},"2":{"loc":{"start":{"line":24,"column":16},"end":{"line":24,"column":31}},"type":"binary-expr","locations":[{"start":{"line":24,"column":16},"end":{"line":24,"column":23}},{"start":{"line":24,"column":23},"end":{"line":24,"column":31}}],"line":24},"3":{"loc":{"start":{"line":26,"column":4},"end":{"line":27,"column":null}},"type":"if","locations":[{"start":{"line":26,"column":4},"end":{"line":27,"column":null}},{"start":{},"end":{}}],"line":26},"4":{"loc":{"start":{"line":26,"column":8},"end":{"line":26,"column":34}},"type":"binary-expr","locations":[{"start":{"line":26,"column":8},"end":{"line":26,"column":17}},{"start":{"line":26,"column":17},"end":{"line":26,"column":24}},{"start":{"line":26,"column":24},"end":{"line":26,"column":34}}],"line":26},"5":{"loc":{"start":{"line":66,"column":2},"end":{"line":66,"column":null}},"type":"if","locations":[{"start":{"line":66,"column":2},"end":{"line":66,"column":null}},{"start":{},"end":{}}],"line":66},"6":{"loc":{"start":{"line":69,"column":2},"end":{"line":84,"column":null}},"type":"if","locations":[{"start":{"line":69,"column":2},"end":{"line":84,"column":null}},{"start":{},"end":{}}],"line":69},"7":{"loc":{"start":{"line":92,"column":7},"end":{"line":131,"column":null}},"type":"cond-expr","locations":[{"start":{"line":93,"column":8},"end":{"line":97,"column":null}},{"start":{"line":97,"column":10},"end":{"line":131,"column":null}}],"line":92},"8":{"loc":{"start":{"line":97,"column":10},"end":{"line":131,"column":null}},"type":"cond-expr","locations":[{"start":{"line":98,"column":8},"end":{"line":100,"column":9}},{"start":{"line":100,"column":8},"end":{"line":131,"column":null}}],"line":97},"9":{"loc":{"start":{"line":103,"column":11},"end":{"line":115,"column":null}},"type":"binary-expr","locations":[{"start":{"line":103,"column":11},"end":{"line":103,"column":null}},{"start":{"line":104,"column":12},"end":{"line":115,"column":null}}],"line":103},"10":{"loc":{"start":{"line":109,"column":15},"end":{"line":115,"column":null}},"type":"cond-expr","locations":[{"start":{"line":110,"column":16},"end":{"line":112,"column":17}},{"start":{"line":112,"column":16},"end":{"line":115,"column":null}}],"line":109},"11":{"loc":{"start":{"line":120,"column":11},"end":{"line":131,"column":null}},"type":"binary-expr","locations":[{"start":{"line":120,"column":11},"end":{"line":120,"column":24}},{"start":{"line":120,"column":24},"end":{"line":120,"column":null}},{"start":{"line":121,"column":12},"end":{"line":131,"column":null}}],"line":120}},"s":{"0":0,"1":0,"2":0,"3":0,"4":0,"5":0,"6":0,"7":0,"8":0,"9":0,"10":0,"11":0,"12":0,"13":0,"14":0,"15":0,"16":0,"17":0,"18":0,"19":0,"20":0,"21":0,"22":0,"23":0,"24":0,"25":0,"26":0,"27":0,"28":0,"29":0,"30":0,"31":0,"32":0,"33":0,"34":0,"35":0,"36":0,"37":0,"38":0,"39":0,"40":0,"41":0,"42":0,"43":0,"44":0,"45":0,"46":0,"47":0,"48":0,"49":0},"f":{"0":0,"1":0,"2":0,"3":0},"b":{"0":[0,0,0],"1":[0,0],"2":[0,0],"3":[0,0],"4":[0,0,0],"5":[0,0],"6":[0,0],"7":[0,0],"8":[0,0],"9":[0,0],"10":[0,0],"11":[0,0,0]},"meta":{"lastBranch":12,"lastFunction":4,"lastStatement":50,"seen":{"s:6:6:138:Infinity":0,"f:6:6:6:25":0,"s:7:29:7:51":1,"s:8:21:8:52":2,"s:9:18:9:47":3,"s:10:16:10:42":4,"s:11:23:11:57":5,"s:12:16:12:43":6,"s:13:20:13:51":7,"s:14:19:14:49":8,"s:16:2:29:Infinity":9,"f:16:2:16:18":1,"s:18:22:18:Infinity":10,"b:18:22:18:45:18:45:18:65:18:65:18:Infinity":0,"s:19:16:19:Infinity":11,"b:19:16:19:50:19:54:19:Infinity":1,"s:20:20:20:45":12,"s:22:4:22:Infinity":13,"s:23:4:23:Infinity":14,"s:24:4:24:Infinity":15,"b:24:16:24:23:24:23:24:31":2,"b:26:4:27:Infinity:undefined:undefined:undefined:undefined":3,"s:26:4:27:Infinity":16,"b:26:8:26:17:26:17:26:24:26:24:26:34":4,"s:27:6:27:Infinity":17,"s:31:25:41:Infinity":18,"f:31:25:31:37":2,"s:32:4:32:Infinity":19,"s:33:4:41:Infinity":20,"s:34:20:34:36":21,"s:35:19:35:47":22,"s:36:6:36:Infinity":23,"s:38:6:38:Infinity":24,"s:39:6:39:Infinity":25,"s:41:6:41:Infinity":26,"s:45:28:62:Infinity":27,"f:45:28:45:40":3,"s:46:4:46:Infinity":28,"s:47:4:62:Infinity":29,"s:48:20:48:36":30,"s:49:19:49:55":31,"s:50:18:50:50":32,"s:51:19:51:46":33,"s:52:6:52:Infinity":34,"s:53:6:53:Infinity":35,"s:54:6:54:Infinity":36,"s:55:6:55:Infinity":37,"s:56:6:56:Infinity":38,"s:57:6:57:Infinity":39,"s:59:6:59:Infinity":40,"s:60:6:60:Infinity":41,"s:62:6:62:Infinity":42,"b:66:2:66:Infinity:undefined:undefined:undefined:undefined":5,"s:66:2:66:Infinity":43,"s:66:13:66:Infinity":44,"b:69:2:84:Infinity:undefined:undefined:undefined:undefined":6,"s:69:2:84:Infinity":45,"s:70:25:70:Infinity":46,"s:71:20:71:Infinity":47,"s:73:4:84:Infinity":48,"s:90:2:138:Infinity":49,"b:93:8:97:Infinity:97:10:131:Infinity":7,"b:98:8:100:9:100:8:131:Infinity":8,"b:103:11:103:Infinity:104:12:115:Infinity":9,"b:110:16:112:17:112:16:115:Infinity":10,"b:120:11:120:24:120:24:120:Infinity:121:12:131:Infinity":11}}}
,"/Users/eric/dev/lantern-lounge/app/react-webapp/src/components/common/Button.jsx": {"path":"/Users/eric/dev/lantern-lounge/app/react-webapp/src/components/common/Button.jsx","statementMap":{"0":{"start":{"line":7,"column":6},"end":{"line":60,"column":null}},"1":{"start":{"line":18,"column":22},"end":{"line":18,"column":null}},"2":{"start":{"line":20,"column":25},"end":{"line":27,"column":null}},"3":{"start":{"line":29,"column":22},"end":{"line":33,"column":null}},"4":{"start":{"line":35,"column":23},"end":{"line":35,"column":null}},"5":{"start":{"line":37,"column":26},"end":{"line":39,"column":null}},"6":{"start":{"line":42,"column":29},"end":{"line":42,"column":null}},"7":{"start":{"line":44,"column":2},"end":{"line":60,"column":null}}},"fnMap":{"0":{"name":"(anonymous_0)","decl":{"start":{"line":7,"column":6},"end":{"line":7,"column":16}},"loc":{"start":{"line":17,"column":6},"end":{"line":60,"column":null}},"line":17}},"branchMap":{"0":{"loc":{"start":{"line":9,"column":2},"end":{"line":9,"column":null}},"type":"default-arg","locations":[{"start":{"line":9,"column":12},"end":{"line":9,"column":null}}],"line":9},"1":{"loc":{"start":{"line":10,"column":2},"end":{"line":10,"column":null}},"type":"default-arg","locations":[{"start":{"line":10,"column":9},"end":{"line":10,"column":null}}],"line":10},"2":{"loc":{"start":{"line":11,"column":2},"end":{"line":11,"column":null}},"type":"default-arg","locations":[{"start":{"line":11,"column":14},"end":{"line":11,"column":null}}],"line":11},"3":{"loc":{"start":{"line":13,"column":2},"end":{"line":13,"column":null}},"type":"default-arg","locations":[{"start":{"line":13,"column":9},"end":{"line":13,"column":null}}],"line":13},"4":{"loc":{"start":{"line":14,"column":2},"end":{"line":14,"column":null}},"type":"default-arg","locations":[{"start":{"line":14,"column":13},"end":{"line":14,"column":null}}],"line":14},"5":{"loc":{"start":{"line":15,"column":2},"end":{"line":15,"column":null}},"type":"default-arg","locations":[{"start":{"line":15,"column":14},"end":{"line":15,"column":null}}],"line":15},"6":{"loc":{"start":{"line":35,"column":23},"end":{"line":35,"column":null}},"type":"cond-expr","locations":[{"start":{"line":35,"column":35},"end":{"line":35,"column":46}},{"start":{"line":35,"column":46},"end":{"line":35,"column":null}}],"line":35},"7":{"loc":{"start":{"line":37,"column":26},"end":{"line":39,"column":null}},"type":"cond-expr","locations":[{"start":{"line":38,"column":6},"end":{"line":38,"column":null}},{"start":{"line":39,"column":6},"end":{"line":39,"column":null}}],"line":37},"8":{"loc":{"start":{"line":42,"column":29},"end":{"line":42,"column":null}},"type":"cond-expr","locations":[{"start":{"line":42,"column":49},"end":{"line":42,"column":54}},{"start":{"line":42,"column":54},"end":{"line":42,"column":null}}],"line":42}},"s":{"0":1,"1":6,"2":6,"3":6,"4":6,"5":6,"6":6,"7":6},"f":{"0":6},"b":{"0":[6],"1":[6],"2":[6],"3":[6],"4":[6],"5":[6],"6":[1,5],"7":[1,5],"8":[0,6]},"meta":{"lastBranch":9,"lastFunction":1,"lastStatement":8,"seen":{"s:7:6:60:Infinity":0,"f:7:6:7:16":0,"b:9:12:9:Infinity":0,"b:10:9:10:Infinity":1,"b:11:14:11:Infinity":2,"b:13:9:13:Infinity":3,"b:14:13:14:Infinity":4,"b:15:14:15:Infinity":5,"s:18:22:18:Infinity":1,"s:20:25:27:Infinity":2,"s:29:22:33:Infinity":3,"s:35:23:35:Infinity":4,"b:35:35:35:46:35:46:35:Infinity":6,"s:37:26:39:Infinity":5,"b:38:6:38:Infinity:39:6:39:Infinity":7,"s:42:29:42:Infinity":6,"b:42:49:42:54:42:54:42:Infinity":8,"s:44:2:60:Infinity":7}}}
,"/Users/eric/dev/lantern-lounge/app/react-webapp/src/components/common/Card.jsx": {"path":"/Users/eric/dev/lantern-lounge/app/react-webapp/src/components/common/Card.jsx","statementMap":{"0":{"start":{"line":7,"column":6},"end":{"line":50,"column":null}},"1":{"start":{"line":17,"column":22},"end":{"line":17,"column":null}},"2":{"start":{"line":19,"column":25},"end":{"line":24,"column":null}},"3":{"start":{"line":26,"column":23},"end":{"line":26,"column":null}},"4":{"start":{"line":27,"column":27},"end":{"line":27,"column":null}},"5":{"start":{"line":29,"column":2},"end":{"line":50,"column":null}},"6":{"start":{"line":56,"column":0},"end":{"line":57,"column":null}},"7":{"start":{"line":57,"column":2},"end":{"line":57,"column":null}},"8":{"start":{"line":60,"column":0},"end":{"line":61,"column":null}},"9":{"start":{"line":61,"column":2},"end":{"line":61,"column":null}},"10":{"start":{"line":64,"column":0},"end":{"line":65,"column":null}},"11":{"start":{"line":65,"column":2},"end":{"line":65,"column":null}}},"fnMap":{"0":{"name":"(anonymous_0)","decl":{"start":{"line":7,"column":6},"end":{"line":7,"column":14}},"loc":{"start":{"line":16,"column":6},"end":{"line":50,"column":null}},"line":16},"1":{"name":"(anonymous_1)","decl":{"start":{"line":56,"column":5},"end":{"line":56,"column":15}},"loc":{"start":{"line":57,"column":2},"end":{"line":57,"column":null}},"line":57},"2":{"name":"(anonymous_2)","decl":{"start":{"line":60,"column":5},"end":{"line":60,"column":13}},"loc":{"start":{"line":61,"column":2},"end":{"line":61,"column":null}},"line":61},"3":{"name":"(anonymous_3)","decl":{"start":{"line":64,"column":5},"end":{"line":64,"column":15}},"loc":{"start":{"line":65,"column":2},"end":{"line":65,"column":null}},"line":65}},"branchMap":{"0":{"loc":{"start":{"line":9,"column":2},"end":{"line":9,"column":null}},"type":"default-arg","locations":[{"start":{"line":9,"column":12},"end":{"line":9,"column":null}}],"line":9},"1":{"loc":{"start":{"line":10,"column":2},"end":{"line":10,"column":null}},"type":"default-arg","locations":[{"start":{"line":10,"column":10},"end":{"line":10,"column":null}}],"line":10},"2":{"loc":{"start":{"line":13,"column":2},"end":{"line":13,"column":null}},"type":"default-arg","locations":[{"start":{"line":13,"column":13},"end":{"line":13,"column":null}}],"line":13},"3":{"loc":{"start":{"line":14,"column":2},"end":{"line":14,"column":null}},"type":"default-arg","locations":[{"start":{"line":14,"column":14},"end":{"line":14,"column":null}}],"line":14},"4":{"loc":{"start":{"line":26,"column":23},"end":{"line":26,"column":null}},"type":"cond-expr","locations":[{"start":{"line":26,"column":31},"end":{"line":26,"column":88}},{"start":{"line":26,"column":88},"end":{"line":26,"column":null}}],"line":26},"5":{"loc":{"start":{"line":27,"column":27},"end":{"line":27,"column":null}},"type":"cond-expr","locations":[{"start":{"line":27,"column":37},"end":{"line":27,"column":56}},{"start":{"line":27,"column":56},"end":{"line":27,"column":null}}],"line":27},"6":{"loc":{"start":{"line":41,"column":7},"end":{"line":50,"column":null}},"type":"binary-expr","locations":[{"start":{"line":41,"column":7},"end":{"line":41,"column":null}},{"start":{"line":42,"column":8},"end":{"line":50,"column":null}}],"line":41},"7":{"loc":{"start":{"line":56,"column":27},"end":{"line":56,"column":null}},"type":"default-arg","locations":[{"start":{"line":56,"column":39},"end":{"line":56,"column":null}}],"line":56},"8":{"loc":{"start":{"line":60,"column":25},"end":{"line":60,"column":null}},"type":"default-arg","locations":[{"start":{"line":60,"column":37},"end":{"line":60,"column":null}}],"line":60},"9":{"loc":{"start":{"line":64,"column":27},"end":{"line":64,"column":null}},"type":"default-arg","locations":[{"start":{"line":64,"column":39},"end":{"line":64,"column":null}}],"line":64}},"s":{"0":1,"1":8,"2":8,"3":8,"4":8,"5":8,"6":1,"7":1,"8":1,"9":1,"10":1,"11":1},"f":{"0":8,"1":1,"2":1,"3":1},"b":{"0":[8],"1":[8],"2":[8],"3":[8],"4":[7,1],"5":[1,7],"6":[8,1],"7":[1],"8":[1],"9":[1]},"meta":{"lastBranch":10,"lastFunction":4,"lastStatement":12,"seen":{"s:7:6:50:Infinity":0,"f:7:6:7:14":0,"b:9:12:9:Infinity":0,"b:10:10:10:Infinity":1,"b:13:13:13:Infinity":2,"b:14:14:14:Infinity":3,"s:17:22:17:Infinity":1,"s:19:25:24:Infinity":2,"s:26:23:26:Infinity":3,"b:26:31:26:88:26:88:26:Infinity":4,"s:27:27:27:Infinity":4,"b:27:37:27:56:27:56:27:Infinity":5,"s:29:2:50:Infinity":5,"b:41:7:41:Infinity:42:8:50:Infinity":6,"s:56:0:57:Infinity":6,"f:56:5:56:15":1,"s:57:2:57:Infinity":7,"b:56:39:56:Infinity":7,"s:60:0:61:Infinity":8,"f:60:5:60:13":2,"s:61:2:61:Infinity":9,"b:60:37:60:Infinity":8,"s:64:0:65:Infinity":10,"f:64:5:64:15":3,"s:65:2:65:Infinity":11,"b:64:39:64:Infinity":9}}}
,"/Users/eric/dev/lantern-lounge/app/react-webapp/src/components/common/DatePicker.jsx": {"path":"/Users/eric/dev/lantern-lounge/app/react-webapp/src/components/common/DatePicker.jsx","statementMap":{"0":{"start":{"line":7,"column":6},"end":{"line":269,"column":null}},"1":{"start":{"line":17,"column":17},"end":{"line":17,"column":45}},"2":{"start":{"line":18,"column":23},"end":{"line":18,"column":88}},"3":{"start":{"line":19,"column":8},"end":{"line":19,"column":32}},"4":{"start":{"line":22,"column":2},"end":{"line":33,"column":null}},"5":{"start":{"line":23,"column":10},"end":{"line":25,"column":null}},"6":{"start":{"line":24,"column":6},"end":{"line":25,"column":null}},"7":{"start":{"line":25,"column":8},"end":{"line":25,"column":null}},"8":{"start":{"line":29,"column":4},"end":{"line":31,"column":null}},"9":{"start":{"line":30,"column":6},"end":{"line":30,"column":null}},"10":{"start":{"line":31,"column":6},"end":{"line":31,"column":null}},"11":{"start":{"line":31,"column":19},"end":{"line":31,"column":80}},"12":{"start":{"line":35,"column":8},"end":{"line":41,"column":null}},"13":{"start":{"line":36,"column":4},"end":{"line":36,"column":null}},"14":{"start":{"line":36,"column":15},"end":{"line":36,"column":null}},"15":{"start":{"line":37,"column":14},"end":{"line":37,"column":28}},"16":{"start":{"line":38,"column":17},"end":{"line":38,"column":32}},"17":{"start":{"line":39,"column":18},"end":{"line":39,"column":59}},"18":{"start":{"line":40,"column":16},"end":{"line":40,"column":52}},"19":{"start":{"line":41,"column":4},"end":{"line":41,"column":null}},"20":{"start":{"line":44,"column":8},"end":{"line":52,"column":null}},"21":{"start":{"line":45,"column":4},"end":{"line":45,"column":null}},"22":{"start":{"line":45,"column":18},"end":{"line":45,"column":null}},"23":{"start":{"line":46,"column":17},"end":{"line":46,"column":48}},"24":{"start":{"line":47,"column":4},"end":{"line":52,"column":null}},"25":{"start":{"line":55,"column":8},"end":{"line":91,"column":null}},"26":{"start":{"line":56,"column":17},"end":{"line":56,"column":35}},"27":{"start":{"line":57,"column":18},"end":{"line":57,"column":33}},"28":{"start":{"line":58,"column":21},"end":{"line":58,"column":45}},"29":{"start":{"line":59,"column":20},"end":{"line":59,"column":48}},"30":{"start":{"line":60,"column":24},"end":{"line":60,"column":41}},"31":{"start":{"line":61,"column":30},"end":{"line":61,"column":47}},"32":{"start":{"line":63,"column":17},"end":{"line":63,"column":19}},"33":{"start":{"line":66,"column":29},"end":{"line":66,"column":63}},"34":{"start":{"line":67,"column":4},"end":{"line":71,"column":null}},"35":{"start":{"line":67,"column":17},"end":{"line":67,"column":40}},"36":{"start":{"line":68,"column":6},"end":{"line":71,"column":null}},"37":{"start":{"line":75,"column":4},"end":{"line":79,"column":null}},"38":{"start":{"line":75,"column":19},"end":{"line":75,"column":22}},"39":{"start":{"line":76,"column":6},"end":{"line":79,"column":null}},"40":{"start":{"line":83,"column":26},"end":{"line":83,"column":null}},"41":{"start":{"line":84,"column":4},"end":{"line":88,"column":null}},"42":{"start":{"line":84,"column":19},"end":{"line":84,"column":22}},"43":{"start":{"line":85,"column":6},"end":{"line":88,"column":null}},"44":{"start":{"line":91,"column":4},"end":{"line":91,"column":null}},"45":{"start":{"line":94,"column":8},"end":{"line":97,"column":null}},"46":{"start":{"line":95,"column":22},"end":{"line":95,"column":38}},"47":{"start":{"line":96,"column":4},"end":{"line":96,"column":null}},"48":{"start":{"line":97,"column":4},"end":{"line":97,"column":null}},"49":{"start":{"line":100,"column":8},"end":{"line":103,"column":null}},"50":{"start":{"line":101,"column":20},"end":{"line":101,"column":42}},"51":{"start":{"line":102,"column":4},"end":{"line":102,"column":null}},"52":{"start":{"line":103,"column":4},"end":{"line":103,"column":null}},"53":{"start":{"line":106,"column":8},"end":{"line":108,"column":null}},"54":{"start":{"line":107,"column":4},"end":{"line":107,"column":null}},"55":{"start":{"line":107,"column":16},"end":{"line":107,"column":null}},"56":{"start":{"line":108,"column":4},"end":{"line":108,"column":null}},"57":{"start":{"line":111,"column":8},"end":{"line":113,"column":null}},"58":{"start":{"line":112,"column":18},"end":{"line":112,"column":28}},"59":{"start":{"line":113,"column":4},"end":{"line":113,"column":null}},"60":{"start":{"line":116,"column":8},"end":{"line":121,"column":null}},"61":{"start":{"line":117,"column":18},"end":{"line":117,"column":28}},"62":{"start":{"line":118,"column":4},"end":{"line":118,"column":null}},"63":{"start":{"line":119,"column":22},"end":{"line":119,"column":36}},"64":{"start":{"line":120,"column":4},"end":{"line":120,"column":null}},"65":{"start":{"line":121,"column":4},"end":{"line":121,"column":null}},"66":{"start":{"line":124,"column":8},"end":{"line":127,"column":null}},"67":{"start":{"line":125,"column":22},"end":{"line":125,"column":35}},"68":{"start":{"line":127,"column":4},"end":{"line":127,"column":null}},"69":{"start":{"line":130,"column":8},"end":{"line":131,"column":null}},"70":{"start":{"line":131,"column":4},"end":{"line":131,"column":null}},"71":{"start":{"line":134,"column":20},"end":{"line":137,"column":4}},"72":{"start":{"line":139,"column":2},"end":{"line":269,"column":null}},"73":{"start":{"line":154,"column":23},"end":{"line":154,"column":41}},"74":{"start":{"line":180,"column":29},"end":{"line":180,"column":46}},"75":{"start":{"line":196,"column":29},"end":{"line":196,"column":45}},"76":{"start":{"line":209,"column":14},"end":{"line":211,"column":null}},"77":{"start":{"line":218,"column":31},"end":{"line":218,"column":51}},"78":{"start":{"line":219,"column":28},"end":{"line":219,"column":45}},"79":{"start":{"line":220,"column":31},"end":{"line":220,"column":51}},"80":{"start":{"line":222,"column":14},"end":{"line":241,"column":null}},"81":{"start":{"line":226,"column":33},"end":{"line":226,"column":71}},"82":{"start":{"line":250,"column":28},"end":{"line":250,"column":38}},"83":{"start":{"line":251,"column":14},"end":{"line":252,"column":null}},"84":{"start":{"line":252,"column":16},"end":{"line":252,"column":null}}},"fnMap":{"0":{"name":"(anonymous_0)","decl":{"start":{"line":7,"column":6},"end":{"line":7,"column":20}},"loc":{"start":{"line":16,"column":6},"end":{"line":269,"column":null}},"line":16},"1":{"name":"(anonymous_1)","decl":{"start":{"line":22,"column":2},"end":{"line":22,"column":18}},"loc":{"start":{"line":22,"column":18},"end":{"line":33,"column":6}},"line":22},"2":{"name":"(anonymous_2)","decl":{"start":{"line":23,"column":10},"end":{"line":23,"column":32}},"loc":{"start":{"line":23,"column":42},"end":{"line":25,"column":null}},"line":23},"3":{"name":"(anonymous_3)","decl":{"start":{"line":31,"column":6},"end":{"line":31,"column":19}},"loc":{"start":{"line":31,"column":19},"end":{"line":31,"column":80}},"line":31},"4":{"name":"(anonymous_4)","decl":{"start":{"line":35,"column":8},"end":{"line":35,"column":22}},"loc":{"start":{"line":35,"column":31},"end":{"line":41,"column":null}},"line":35},"5":{"name":"(anonymous_5)","decl":{"start":{"line":44,"column":8},"end":{"line":44,"column":29}},"loc":{"start":{"line":44,"column":41},"end":{"line":52,"column":null}},"line":44},"6":{"name":"(anonymous_6)","decl":{"start":{"line":55,"column":8},"end":{"line":55,"column":26}},"loc":{"start":{"line":55,"column":35},"end":{"line":91,"column":null}},"line":55},"7":{"name":"(anonymous_7)","decl":{"start":{"line":94,"column":8},"end":{"line":94,"column":27}},"loc":{"start":{"line":94,"column":36},"end":{"line":97,"column":null}},"line":94},"8":{"name":"(anonymous_8)","decl":{"start":{"line":100,"column":8},"end":{"line":100,"column":25}},"loc":{"start":{"line":100,"column":39},"end":{"line":103,"column":null}},"line":100},"9":{"name":"(anonymous_9)","decl":{"start":{"line":106,"column":8},"end":{"line":106,"column":22}},"loc":{"start":{"line":106,"column":31},"end":{"line":108,"column":null}},"line":106},"10":{"name":"(anonymous_10)","decl":{"start":{"line":111,"column":8},"end":{"line":111,"column":19}},"loc":{"start":{"line":111,"column":28},"end":{"line":113,"column":null}},"line":111},"11":{"name":"(anonymous_11)","decl":{"start":{"line":116,"column":8},"end":{"line":116,"column":22}},"loc":{"start":{"line":116,"column":31},"end":{"line":121,"column":null}},"line":116},"12":{"name":"(anonymous_12)","decl":{"start":{"line":124,"column":8},"end":{"line":124,"column":23}},"loc":{"start":{"line":124,"column":32},"end":{"line":127,"column":null}},"line":124},"13":{"name":"(anonymous_13)","decl":{"start":{"line":130,"column":8},"end":{"line":130,"column":22}},"loc":{"start":{"line":130,"column":31},"end":{"line":131,"column":null}},"line":130},"14":{"name":"(anonymous_14)","decl":{"start":{"line":154,"column":8},"end":{"line":154,"column":23}},"loc":{"start":{"line":154,"column":23},"end":{"line":154,"column":41}},"line":154},"15":{"name":"(anonymous_15)","decl":{"start":{"line":180,"column":14},"end":{"line":180,"column":29}},"loc":{"start":{"line":180,"column":29},"end":{"line":180,"column":46}},"line":180},"16":{"name":"(anonymous_16)","decl":{"start":{"line":196,"column":14},"end":{"line":196,"column":29}},"loc":{"start":{"line":196,"column":29},"end":{"line":196,"column":45}},"line":196},"17":{"name":"(anonymous_17)","decl":{"start":{"line":208,"column":56},"end":{"line":208,"column":60}},"loc":{"start":{"line":209,"column":14},"end":{"line":211,"column":null}},"line":209},"18":{"name":"(anonymous_18)","decl":{"start":{"line":217,"column":42},"end":{"line":217,"column":47}},"loc":{"start":{"line":217,"column":62},"end":{"line":241,"column":null}},"line":217},"19":{"name":"(anonymous_19)","decl":{"start":{"line":226,"column":18},"end":{"line":226,"column":33}},"loc":{"start":{"line":226,"column":33},"end":{"line":226,"column":71}},"line":226},"20":{"name":"(anonymous_20)","decl":{"start":{"line":249,"column":12},"end":{"line":249,"column":27}},"loc":{"start":{"line":249,"column":27},"end":{"line":252,"column":null}},"line":249}},"branchMap":{"0":{"loc":{"start":{"line":12,"column":2},"end":{"line":12,"column":null}},"type":"default-arg","locations":[{"start":{"line":12,"column":13},"end":{"line":12,"column":null}}],"line":12},"1":{"loc":{"start":{"line":14,"column":2},"end":{"line":14,"column":null}},"type":"default-arg","locations":[{"start":{"line":14,"column":14},"end":{"line":14,"column":null}}],"line":14},"2":{"loc":{"start":{"line":15,"column":2},"end":{"line":15,"column":null}},"type":"default-arg","locations":[{"start":{"line":15,"column":10},"end":{"line":15,"column":null}}],"line":15},"3":{"loc":{"start":{"line":18,"column":51},"end":{"line":18,"column":87}},"type":"cond-expr","locations":[{"start":{"line":18,"column":59},"end":{"line":18,"column":74}},{"start":{"line":18,"column":77},"end":{"line":18,"column":87}}],"line":18},"4":{"loc":{"start":{"line":24,"column":6},"end":{"line":25,"column":null}},"type":"if","locations":[{"start":{"line":24,"column":6},"end":{"line":25,"column":null}},{"start":{},"end":{}}],"line":24},"5":{"loc":{"start":{"line":24,"column":10},"end":{"line":24,"column":72}},"type":"binary-expr","locations":[{"start":{"line":24,"column":10},"end":{"line":24,"column":31}},{"start":{"line":24,"column":31},"end":{"line":24,"column":72}}],"line":24},"6":{"loc":{"start":{"line":29,"column":4},"end":{"line":31,"column":null}},"type":"if","locations":[{"start":{"line":29,"column":4},"end":{"line":31,"column":null}},{"start":{},"end":{}}],"line":29},"7":{"loc":{"start":{"line":36,"column":4},"end":{"line":36,"column":null}},"type":"if","locations":[{"start":{"line":36,"column":4},"end":{"line":36,"column":null}},{"start":{},"end":{}}],"line":36},"8":{"loc":{"start":{"line":45,"column":4},"end":{"line":45,"column":null}},"type":"if","locations":[{"start":{"line":45,"column":4},"end":{"line":45,"column":null}},{"start":{},"end":{}}],"line":45},"9":{"loc":{"start":{"line":107,"column":4},"end":{"line":107,"column":null}},"type":"if","locations":[{"start":{"line":107,"column":4},"end":{"line":107,"column":null}},{"start":{},"end":{}}],"line":107},"10":{"loc":{"start":{"line":127,"column":11},"end":{"line":127,"column":null}},"type":"binary-expr","locations":[{"start":{"line":127,"column":11},"end":{"line":127,"column":30}},{"start":{"line":127,"column":30},"end":{"line":127,"column":49}},{"start":{"line":127,"column":49},"end":{"line":127,"column":null}}],"line":127},"11":{"loc":{"start":{"line":131,"column":11},"end":{"line":131,"column":48}},"type":"binary-expr","locations":[{"start":{"line":131,"column":11},"end":{"line":131,"column":27}},{"start":{"line":131,"column":31},"end":{"line":131,"column":48}}],"line":131},"12":{"loc":{"start":{"line":141,"column":7},"end":{"line":147,"column":null}},"type":"binary-expr","locations":[{"start":{"line":141,"column":7},"end":{"line":141,"column":null}},{"start":{"line":142,"column":8},"end":{"line":147,"column":null}}],"line":141},"13":{"loc":{"start":{"line":144,"column":10},"end":{"line":144,"column":null}},"type":"cond-expr","locations":[{"start":{"line":144,"column":29},"end":{"line":144,"column":47}},{"start":{"line":144,"column":47},"end":{"line":144,"column":null}}],"line":144},"14":{"loc":{"start":{"line":147,"column":11},"end":{"line":147,"column":null}},"type":"binary-expr","locations":[{"start":{"line":147,"column":11},"end":{"line":147,"column":23}},{"start":{"line":147,"column":23},"end":{"line":147,"column":null}}],"line":147},"15":{"loc":{"start":{"line":157,"column":10},"end":{"line":159,"column":null}},"type":"cond-expr","locations":[{"start":{"line":158,"column":14},"end":{"line":158,"column":null}},{"start":{"line":159,"column":14},"end":{"line":159,"column":null}}],"line":157},"16":{"loc":{"start":{"line":161,"column":10},"end":{"line":161,"column":null}},"type":"cond-expr","locations":[{"start":{"line":161,"column":18},"end":{"line":161,"column":37}},{"start":{"line":161,"column":37},"end":{"line":161,"column":null}}],"line":161},"17":{"loc":{"start":{"line":168,"column":7},"end":{"line":168,"column":null}},"type":"binary-expr","locations":[{"start":{"line":168,"column":7},"end":{"line":168,"column":16}},{"start":{"line":168,"column":16},"end":{"line":168,"column":null}}],"line":168},"18":{"loc":{"start":{"line":171,"column":7},"end":{"line":269,"column":null}},"type":"binary-expr","locations":[{"start":{"line":171,"column":7},"end":{"line":171,"column":null}},{"start":{"line":172,"column":8},"end":{"line":269,"column":null}}],"line":171},"19":{"loc":{"start":{"line":174,"column":10},"end":{"line":174,"column":null}},"type":"cond-expr","locations":[{"start":{"line":174,"column":29},"end":{"line":174,"column":63}},{"start":{"line":174,"column":63},"end":{"line":174,"column":null}}],"line":174},"20":{"loc":{"start":{"line":183,"column":16},"end":{"line":183,"column":null}},"type":"cond-expr","locations":[{"start":{"line":183,"column":35},"end":{"line":183,"column":80}},{"start":{"line":183,"column":80},"end":{"line":183,"column":null}}],"line":183},"21":{"loc":{"start":{"line":190,"column":14},"end":{"line":190,"column":null}},"type":"cond-expr","locations":[{"start":{"line":190,"column":33},"end":{"line":190,"column":48}},{"start":{"line":190,"column":48},"end":{"line":190,"column":null}}],"line":190},"22":{"loc":{"start":{"line":199,"column":16},"end":{"line":199,"column":null}},"type":"cond-expr","locations":[{"start":{"line":199,"column":35},"end":{"line":199,"column":80}},{"start":{"line":199,"column":80},"end":{"line":199,"column":null}}],"line":199},"23":{"loc":{"start":{"line":226,"column":33},"end":{"line":226,"column":71}},"type":"binary-expr","locations":[{"start":{"line":226,"column":33},"end":{"line":226,"column":46}},{"start":{"line":226,"column":46},"end":{"line":226,"column":71}}],"line":226},"24":{"loc":{"start":{"line":230,"column":20},"end":{"line":232,"column":null}},"type":"cond-expr","locations":[{"start":{"line":231,"column":25},"end":{"line":231,"column":null}},{"start":{"line":232,"column":24},"end":{"line":232,"column":null}}],"line":230},"25":{"loc":{"start":{"line":231,"column":25},"end":{"line":231,"column":null}},"type":"cond-expr","locations":[{"start":{"line":231,"column":44},"end":{"line":231,"column":78}},{"start":{"line":231,"column":78},"end":{"line":231,"column":null}}],"line":231},"26":{"loc":{"start":{"line":233,"column":20},"end":{"line":233,"column":null}},"type":"binary-expr","locations":[{"start":{"line":233,"column":20},"end":{"line":233,"column":33}},{"start":{"line":233,"column":33},"end":{"line":233,"column":null}}],"line":233},"27":{"loc":{"start":{"line":233,"column":33},"end":{"line":233,"column":null}},"type":"cond-expr","locations":[{"start":{"line":233,"column":52},"end":{"line":233,"column":78}},{"start":{"line":233,"column":78},"end":{"line":233,"column":null}}],"line":233},"28":{"loc":{"start":{"line":234,"column":20},"end":{"line":234,"column":null}},"type":"binary-expr","locations":[{"start":{"line":234,"column":20},"end":{"line":234,"column":29}},{"start":{"line":234,"column":29},"end":{"line":234,"column":43}},{"start":{"line":234,"column":43},"end":{"line":234,"column":null}}],"line":234},"29":{"loc":{"start":{"line":234,"column":43},"end":{"line":234,"column":null}},"type":"cond-expr","locations":[{"start":{"line":234,"column":62},"end":{"line":234,"column":86}},{"start":{"line":234,"column":86},"end":{"line":234,"column":null}}],"line":234},"30":{"loc":{"start":{"line":235,"column":20},"end":{"line":237,"column":null}},"type":"cond-expr","locations":[{"start":{"line":236,"column":24},"end":{"line":236,"column":null}},{"start":{"line":237,"column":24},"end":{"line":237,"column":null}}],"line":235},"31":{"loc":{"start":{"line":251,"column":14},"end":{"line":252,"column":null}},"type":"if","locations":[{"start":{"line":251,"column":14},"end":{"line":252,"column":null}},{"start":{},"end":{}}],"line":251},"32":{"loc":{"start":{"line":258,"column":14},"end":{"line":260,"column":null}},"type":"cond-expr","locations":[{"start":{"line":259,"column":18},"end":{"line":259,"column":null}},{"start":{"line":260,"column":19},"end":{"line":260,"column":null}}],"line":258},"33":{"loc":{"start":{"line":260,"column":19},"end":{"line":260,"column":null}},"type":"cond-expr","locations":[{"start":{"line":260,"column":38},"end":{"line":260,"column":64}},{"start":{"line":260,"column":64},"end":{"line":260,"column":null}}],"line":260}},"s":{"0":1,"1":26,"2":26,"3":26,"4":26,"5":21,"6":1,"7":1,"8":21,"9":7,"10":7,"11":7,"12":26,"13":842,"14":0,"15":842,"16":842,"17":842,"18":842,"19":842,"20":26,"21":26,"22":25,"23":1,"24":1,"25":26,"26":10,"27":10,"28":10,"29":10,"30":10,"31":10,"32":10,"33":10,"34":10,"35":10,"36":26,"37":10,"38":10,"39":302,"40":10,"41":10,"42":10,"43":92,"44":10,"45":26,"46":2,"47":2,"48":2,"49":26,"50":3,"51":3,"52":3,"53":26,"54":420,"55":420,"56":0,"57":26,"58":420,"59":420,"60":26,"61":441,"62":441,"63":441,"64":441,"65":441,"66":26,"67":308,"68":308,"69":26,"70":441,"71":26,"72":26,"73":7,"74":1,"75":2,"76":70,"77":420,"78":420,"79":420,"80":420,"81":1,"82":1,"83":1,"84":1},"f":{"0":26,"1":21,"2":1,"3":7,"4":842,"5":26,"6":10,"7":2,"8":3,"9":420,"10":420,"11":441,"12":308,"13":441,"14":7,"15":1,"16":2,"17":70,"18":420,"19":1,"20":1},"b":{"0":[26],"1":[26],"2":[26],"3":[1,25],"4":[1,0],"5":[1,1],"6":[7,14],"7":[0,842],"8":[25,1],"9":[420,0],"10":[308,268,230],"11":[441,308],"12":[26,26],"13":[25,1],"14":[26,1],"15":[25,1],"16":[1,25],"17":[26,1],"18":[26,10],"19":[10,0],"20":[10,0],"21":[10,0],"22":[10,0],"23":[1,1],"24":[302,118],"25":[302,0],"26":[420,0],"27":[0,0],"28":[420,8,8],"29":[8,0],"30":[254,166],"31":[1,0],"32":[1,9],"33":[9,0]},"meta":{"lastBranch":34,"lastFunction":21,"lastStatement":85,"seen":{"s:7:6:269:Infinity":0,"f:7:6:7:20":0,"b:12:13:12:Infinity":0,"b:14:14:14:Infinity":1,"b:15:10:15:Infinity":2,"s:17:17:17:45":1,"s:18:23:18:88":2,"b:18:59:18:74:18:77:18:87":3,"s:19:8:19:32":3,"s:22:2:33:Infinity":4,"f:22:2:22:18":1,"s:23:10:25:Infinity":5,"f:23:10:23:32":2,"b:24:6:25:Infinity:undefined:undefined:undefined:undefined":4,"s:24:6:25:Infinity":6,"b:24:10:24:31:24:31:24:72":5,"s:25:8:25:Infinity":7,"b:29:4:31:Infinity:undefined:undefined:undefined:undefined":6,"s:29:4:31:Infinity":8,"s:30:6:30:Infinity":9,"s:31:6:31:Infinity":10,"f:31:6:31:19":3,"s:31:19:31:80":11,"s:35:8:41:Infinity":12,"f:35:8:35:22":4,"b:36:4:36:Infinity:undefined:undefined:undefined:undefined":7,"s:36:4:36:Infinity":13,"s:36:15:36:Infinity":14,"s:37:14:37:28":15,"s:38:17:38:32":16,"s:39:18:39:59":17,"s:40:16:40:52":18,"s:41:4:41:Infinity":19,"s:44:8:52:Infinity":20,"f:44:8:44:29":5,"b:45:4:45:Infinity:undefined:undefined:undefined:undefined":8,"s:45:4:45:Infinity":21,"s:45:18:45:Infinity":22,"s:46:17:46:48":23,"s:47:4:52:Infinity":24,"s:55:8:91:Infinity":25,"f:55:8:55:26":6,"s:56:17:56:35":26,"s:57:18:57:33":27,"s:58:21:58:45":28,"s:59:20:59:48":29,"s:60:24:60:41":30,"s:61:30:61:47":31,"s:63:17:63:19":32,"s:66:29:66:63":33,"s:67:4:71:Infinity":34,"s:67:17:67:40":35,"s:68:6:71:Infinity":36,"s:75:4:79:Infinity":37,"s:75:19:75:22":38,"s:76:6:79:Infinity":39,"s:83:26:83:Infinity":40,"s:84:4:88:Infinity":41,"s:84:19:84:22":42,"s:85:6:88:Infinity":43,"s:91:4:91:Infinity":44,"s:94:8:97:Infinity":45,"f:94:8:94:27":7,"s:95:22:95:38":46,"s:96:4:96:Infinity":47,"s:97:4:97:Infinity":48,"s:100:8:103:Infinity":49,"f:100:8:100:25":8,"s:101:20:101:42":50,"s:102:4:102:Infinity":51,"s:103:4:103:Infinity":52,"s:106:8:108:Infinity":53,"f:106:8:106:22":9,"b:107:4:107:Infinity:undefined:undefined:undefined:undefined":9,"s:107:4:107:Infinity":54,"s:107:16:107:Infinity":55,"s:108:4:108:Infinity":56,"s:111:8:113:Infinity":57,"f:111:8:111:19":10,"s:112:18:112:28":58,"s:113:4:113:Infinity":59,"s:116:8:121:Infinity":60,"f:116:8:116:22":11,"s:117:18:117:28":61,"s:118:4:118:Infinity":62,"s:119:22:119:36":63,"s:120:4:120:Infinity":64,"s:121:4:121:Infinity":65,"s:124:8:127:Infinity":66,"f:124:8:124:23":12,"s:125:22:125:35":67,"s:127:4:127:Infinity":68,"b:127:11:127:30:127:30:127:49:127:49:127:Infinity":10,"s:130:8:131:Infinity":69,"f:130:8:130:22":13,"s:131:4:131:Infinity":70,"b:131:11:131:27:131:31:131:48":11,"s:134:20:137:4":71,"s:139:2:269:Infinity":72,"b:141:7:141:Infinity:142:8:147:Infinity":12,"b:144:29:144:47:144:47:144:Infinity":13,"b:147:11:147:23:147:23:147:Infinity":14,"f:154:8:154:23":14,"s:154:23:154:41":73,"b:158:14:158:Infinity:159:14:159:Infinity":15,"b:161:18:161:37:161:37:161:Infinity":16,"b:168:7:168:16:168:16:168:Infinity":17,"b:171:7:171:Infinity:172:8:269:Infinity":18,"b:174:29:174:63:174:63:174:Infinity":19,"f:180:14:180:29":15,"s:180:29:180:46":74,"b:183:35:183:80:183:80:183:Infinity":20,"b:190:33:190:48:190:48:190:Infinity":21,"f:196:14:196:29":16,"s:196:29:196:45":75,"b:199:35:199:80:199:80:199:Infinity":22,"f:208:56:208:60":17,"s:209:14:211:Infinity":76,"f:217:42:217:47":18,"s:218:31:218:51":77,"s:219:28:219:45":78,"s:220:31:220:51":79,"s:222:14:241:Infinity":80,"f:226:18:226:33":19,"s:226:33:226:71":81,"b:226:33:226:46:226:46:226:71":23,"b:231:25:231:Infinity:232:24:232:Infinity":24,"b:231:44:231:78:231:78:231:Infinity":25,"b:233:20:233:33:233:33:233:Infinity":26,"b:233:52:233:78:233:78:233:Infinity":27,"b:234:20:234:29:234:29:234:43:234:43:234:Infinity":28,"b:234:62:234:86:234:86:234:Infinity":29,"b:236:24:236:Infinity:237:24:237:Infinity":30,"f:249:12:249:27":20,"s:250:28:250:38":82,"b:251:14:252:Infinity:undefined:undefined:undefined:undefined":31,"s:251:14:252:Infinity":83,"s:252:16:252:Infinity":84,"b:259:18:259:Infinity:260:19:260:Infinity":32,"b:260:38:260:64:260:64:260:Infinity":33}}}
,"/Users/eric/dev/lantern-lounge/app/react-webapp/src/components/common/FormGroup.jsx": {"path":"/Users/eric/dev/lantern-lounge/app/react-webapp/src/components/common/FormGroup.jsx","statementMap":{"0":{"start":{"line":7,"column":6},"end":{"line":162,"column":null}},"1":{"start":{"line":24,"column":8},"end":{"line":26,"column":null}},"2":{"start":{"line":29,"column":28},"end":{"line":31,"column":null}},"3":{"start":{"line":33,"column":28},"end":{"line":33,"column":null}},"4":{"start":{"line":34,"column":31},"end":{"line":34,"column":null}},"5":{"start":{"line":36,"column":8},"end":{"line":126,"column":null}},"6":{"start":{"line":37,"column":10},"end":{"line":41,"column":null}},"7":{"start":{"line":44,"column":4},"end":{"line":126,"column":null}},"8":{"start":{"line":46,"column":8},"end":{"line":58,"column":null}},"9":{"start":{"line":62,"column":8},"end":{"line":78,"column":null}},"10":{"start":{"line":75,"column":14},"end":{"line":77,"column":null}},"11":{"start":{"line":83,"column":8},"end":{"line":107,"column":null}},"12":{"start":{"line":114,"column":8},"end":{"line":126,"column":null}},"13":{"start":{"line":132,"column":2},"end":{"line":140,"column":null}},"14":{"start":{"line":133,"column":4},"end":{"line":140,"column":null}},"15":{"start":{"line":146,"column":2},"end":{"line":162,"column":null}}},"fnMap":{"0":{"name":"(anonymous_0)","decl":{"start":{"line":7,"column":6},"end":{"line":7,"column":19}},"loc":{"start":{"line":23,"column":6},"end":{"line":162,"column":null}},"line":23},"1":{"name":"(anonymous_1)","decl":{"start":{"line":36,"column":8},"end":{"line":36,"column":28}},"loc":{"start":{"line":36,"column":28},"end":{"line":126,"column":null}},"line":36},"2":{"name":"(anonymous_2)","decl":{"start":{"line":74,"column":21},"end":{"line":74,"column":26}},"loc":{"start":{"line":75,"column":14},"end":{"line":77,"column":null}},"line":75}},"branchMap":{"0":{"loc":{"start":{"line":10,"column":2},"end":{"line":10,"column":null}},"type":"default-arg","locations":[{"start":{"line":10,"column":9},"end":{"line":10,"column":null}}],"line":10},"1":{"loc":{"start":{"line":14,"column":2},"end":{"line":14,"column":null}},"type":"default-arg","locations":[{"start":{"line":14,"column":13},"end":{"line":14,"column":null}}],"line":14},"2":{"loc":{"start":{"line":15,"column":2},"end":{"line":15,"column":null}},"type":"default-arg","locations":[{"start":{"line":15,"column":16},"end":{"line":15,"column":null}}],"line":15},"3":{"loc":{"start":{"line":16,"column":2},"end":{"line":16,"column":null}},"type":"default-arg","locations":[{"start":{"line":16,"column":15},"end":{"line":16,"column":null}}],"line":16},"4":{"loc":{"start":{"line":17,"column":2},"end":{"line":17,"column":null}},"type":"default-arg","locations":[{"start":{"line":17,"column":13},"end":{"line":17,"column":null}}],"line":17},"5":{"loc":{"start":{"line":18,"column":2},"end":{"line":18,"column":null}},"type":"default-arg","locations":[{"start":{"line":18,"column":9},"end":{"line":18,"column":null}}],"line":18},"6":{"loc":{"start":{"line":19,"column":2},"end":{"line":19,"column":14}},"type":"default-arg","locations":[{"start":{"line":19,"column":12},"end":{"line":19,"column":14}}],"line":19},"7":{"loc":{"start":{"line":20,"column":2},"end":{"line":20,"column":null}},"type":"default-arg","locations":[{"start":{"line":20,"column":14},"end":{"line":20,"column":null}}],"line":20},"8":{"loc":{"start":{"line":21,"column":2},"end":{"line":21,"column":null}},"type":"default-arg","locations":[{"start":{"line":21,"column":10},"end":{"line":21,"column":null}}],"line":21},"9":{"loc":{"start":{"line":26,"column":4},"end":{"line":26,"column":null}},"type":"cond-expr","locations":[{"start":{"line":26,"column":23},"end":{"line":26,"column":62}},{"start":{"line":26,"column":62},"end":{"line":26,"column":null}}],"line":26},"10":{"loc":{"start":{"line":29,"column":28},"end":{"line":31,"column":null}},"type":"cond-expr","locations":[{"start":{"line":30,"column":6},"end":{"line":30,"column":null}},{"start":{"line":31,"column":6},"end":{"line":31,"column":null}}],"line":29},"11":{"loc":{"start":{"line":33,"column":28},"end":{"line":33,"column":null}},"type":"cond-expr","locations":[{"start":{"line":33,"column":36},"end":{"line":33,"column":55}},{"start":{"line":33,"column":55},"end":{"line":33,"column":null}}],"line":33},"12":{"loc":{"start":{"line":34,"column":31},"end":{"line":34,"column":null}},"type":"cond-expr","locations":[{"start":{"line":34,"column":42},"end":{"line":34,"column":76}},{"start":{"line":34,"column":76},"end":{"line":34,"column":null}}],"line":34},"13":{"loc":{"start":{"line":44,"column":4},"end":{"line":126,"column":null}},"type":"switch","locations":[{"start":{"line":45,"column":6},"end":{"line":58,"column":null}},{"start":{"line":61,"column":6},"end":{"line":78,"column":null}},{"start":{"line":82,"column":6},"end":{"line":107,"column":null}},{"start":{"line":113,"column":6},"end":{"line":126,"column":null}}],"line":44},"14":{"loc":{"start":{"line":73,"column":30},"end":{"line":73,"column":73}},"type":"binary-expr","locations":[{"start":{"line":73,"column":30},"end":{"line":73,"column":45}},{"start":{"line":73,"column":45},"end":{"line":73,"column":73}}],"line":73},"15":{"loc":{"start":{"line":95,"column":16},"end":{"line":97,"column":null}},"type":"cond-expr","locations":[{"start":{"line":96,"column":20},"end":{"line":96,"column":null}},{"start":{"line":97,"column":20},"end":{"line":97,"column":null}}],"line":95},"16":{"loc":{"start":{"line":101,"column":13},"end":{"line":107,"column":null}},"type":"binary-expr","locations":[{"start":{"line":101,"column":13},"end":{"line":101,"column":null}},{"start":{"line":102,"column":14},"end":{"line":107,"column":null}}],"line":101},"17":{"loc":{"start":{"line":104,"column":16},"end":{"line":104,"column":null}},"type":"cond-expr","locations":[{"start":{"line":104,"column":35},"end":{"line":104,"column":50}},{"start":{"line":104,"column":50},"end":{"line":104,"column":null}}],"line":104},"18":{"loc":{"start":{"line":107,"column":17},"end":{"line":107,"column":null}},"type":"binary-expr","locations":[{"start":{"line":107,"column":17},"end":{"line":107,"column":29}},{"start":{"line":107,"column":29},"end":{"line":107,"column":null}}],"line":107},"19":{"loc":{"start":{"line":132,"column":2},"end":{"line":140,"column":null}},"type":"if","locations":[{"start":{"line":132,"column":2},"end":{"line":140,"column":null}},{"start":{},"end":{}}],"line":132},"20":{"loc":{"start":{"line":136,"column":9},"end":{"line":137,"column":null}},"type":"binary-expr","locations":[{"start":{"line":136,"column":9},"end":{"line":136,"column":23}},{"start":{"line":136,"column":23},"end":{"line":136,"column":null}},{"start":{"line":137,"column":10},"end":{"line":137,"column":null}}],"line":136},"21":{"loc":{"start":{"line":137,"column":45},"end":{"line":137,"column":99}},"type":"cond-expr","locations":[{"start":{"line":137,"column":64},"end":{"line":137,"column":82}},{"start":{"line":137,"column":82},"end":{"line":137,"column":99}}],"line":137},"22":{"loc":{"start":{"line":139,"column":9},"end":{"line":140,"column":null}},"type":"binary-expr","locations":[{"start":{"line":139,"column":9},"end":{"line":139,"column":null}},{"start":{"line":140,"column":10},"end":{"line":140,"column":null}}],"line":139},"23":{"loc":{"start":{"line":148,"column":7},"end":{"line":154,"column":null}},"type":"binary-expr","locations":[{"start":{"line":148,"column":7},"end":{"line":148,"column":null}},{"start":{"line":149,"column":8},"end":{"line":154,"column":null}}],"line":148},"24":{"loc":{"start":{"line":151,"column":10},"end":{"line":151,"column":null}},"type":"cond-expr","locations":[{"start":{"line":151,"column":29},"end":{"line":151,"column":47}},{"start":{"line":151,"column":47},"end":{"line":151,"column":null}}],"line":151},"25":{"loc":{"start":{"line":154,"column":11},"end":{"line":154,"column":null}},"type":"binary-expr","locations":[{"start":{"line":154,"column":11},"end":{"line":154,"column":23}},{"start":{"line":154,"column":23},"end":{"line":154,"column":null}}],"line":154},"26":{"loc":{"start":{"line":158,"column":7},"end":{"line":159,"column":null}},"type":"binary-expr","locations":[{"start":{"line":158,"column":7},"end":{"line":158,"column":21}},{"start":{"line":158,"column":21},"end":{"line":158,"column":null}},{"start":{"line":159,"column":8},"end":{"line":159,"column":null}}],"line":158},"27":{"loc":{"start":{"line":159,"column":55},"end":{"line":159,"column":109}},"type":"cond-expr","locations":[{"start":{"line":159,"column":74},"end":{"line":159,"column":92}},{"start":{"line":159,"column":92},"end":{"line":159,"column":109}}],"line":159},"28":{"loc":{"start":{"line":161,"column":7},"end":{"line":162,"column":null}},"type":"binary-expr","locations":[{"start":{"line":161,"column":7},"end":{"line":161,"column":null}},{"start":{"line":162,"column":8},"end":{"line":162,"column":null}}],"line":161}},"s":{"0":1,"1":11,"2":11,"3":11,"4":11,"5":11,"6":11,"7":11,"8":1,"9":1,"10":2,"11":1,"12":8,"13":11,"14":1,"15":10},"f":{"0":11,"1":11,"2":2},"b":{"0":[11],"1":[11],"2":[11],"3":[11],"4":[11],"5":[11],"6":[11],"7":[11],"8":[11],"9":[10,1],"10":[10,1],"11":[1,10],"12":[1,10],"13":[1,1,1,8],"14":[1,1],"15":[1,0],"16":[1,1],"17":[1,0],"18":[1,0],"19":[1,10],"20":[1,0,0],"21":[0,0],"22":[1,0],"23":[10,10],"24":[9,1],"25":[10,1],"26":[11,2,1],"27":[1,0],"28":[11,1]},"meta":{"lastBranch":29,"lastFunction":3,"lastStatement":16,"seen":{"s:7:6:162:Infinity":0,"f:7:6:7:19":0,"b:10:9:10:Infinity":0,"b:14:13:14:Infinity":1,"b:15:16:15:Infinity":2,"b:16:15:16:Infinity":3,"b:17:13:17:Infinity":4,"b:18:9:18:Infinity":5,"b:19:12:19:14":6,"b:20:14:20:Infinity":7,"b:21:10:21:Infinity":8,"s:24:8:26:Infinity":1,"b:26:23:26:62:26:62:26:Infinity":9,"s:29:28:31:Infinity":2,"b:30:6:30:Infinity:31:6:31:Infinity":10,"s:33:28:33:Infinity":3,"b:33:36:33:55:33:55:33:Infinity":11,"s:34:31:34:Infinity":4,"b:34:42:34:76:34:76:34:Infinity":12,"s:36:8:126:Infinity":5,"f:36:8:36:28":1,"s:37:10:41:Infinity":6,"b:45:6:58:Infinity:61:6:78:Infinity:82:6:107:Infinity:113:6:126:Infinity":13,"s:44:4:126:Infinity":7,"s:46:8:58:Infinity":8,"s:62:8:78:Infinity":9,"b:73:30:73:45:73:45:73:73":14,"f:74:21:74:26":2,"s:75:14:77:Infinity":10,"s:83:8:107:Infinity":11,"b:96:20:96:Infinity:97:20:97:Infinity":15,"b:101:13:101:Infinity:102:14:107:Infinity":16,"b:104:35:104:50:104:50:104:Infinity":17,"b:107:17:107:29:107:29:107:Infinity":18,"s:114:8:126:Infinity":12,"b:132:2:140:Infinity:undefined:undefined:undefined:undefined":19,"s:132:2:140:Infinity":13,"s:133:4:140:Infinity":14,"b:136:9:136:23:136:23:136:Infinity:137:10:137:Infinity":20,"b:137:64:137:82:137:82:137:99":21,"b:139:9:139:Infinity:140:10:140:Infinity":22,"s:146:2:162:Infinity":15,"b:148:7:148:Infinity:149:8:154:Infinity":23,"b:151:29:151:47:151:47:151:Infinity":24,"b:154:11:154:23:154:23:154:Infinity":25,"b:158:7:158:21:158:21:158:Infinity:159:8:159:Infinity":26,"b:159:74:159:92:159:92:159:109":27,"b:161:7:161:Infinity:162:8:162:Infinity":28}}}
,"/Users/eric/dev/lantern-lounge/app/react-webapp/src/components/common/Modal.jsx": {"path":"/Users/eric/dev/lantern-lounge/app/react-webapp/src/components/common/Modal.jsx","statementMap":{"0":{"start":{"line":9,"column":6},"end":{"line":116,"column":null}},"1":{"start":{"line":19,"column":2},"end":{"line":28,"column":null}},"2":{"start":{"line":20,"column":10},"end":{"line":22,"column":null}},"3":{"start":{"line":21,"column":6},"end":{"line":22,"column":null}},"4":{"start":{"line":22,"column":8},"end":{"line":22,"column":null}},"5":{"start":{"line":26,"column":4},"end":{"line":26,"column":null}},"6":{"start":{"line":27,"column":4},"end":{"line":27,"column":null}},"7":{"start":{"line":27,"column":17},"end":{"line":27,"column":67}},"8":{"start":{"line":31,"column":2},"end":{"line":41,"column":null}},"9":{"start":{"line":32,"column":4},"end":{"line":35,"column":null}},"10":{"start":{"line":33,"column":6},"end":{"line":33,"column":null}},"11":{"start":{"line":35,"column":6},"end":{"line":35,"column":null}},"12":{"start":{"line":38,"column":4},"end":{"line":39,"column":null}},"13":{"start":{"line":39,"column":6},"end":{"line":39,"column":null}},"14":{"start":{"line":43,"column":2},"end":{"line":43,"column":null}},"15":{"start":{"line":43,"column":15},"end":{"line":43,"column":null}},"16":{"start":{"line":45,"column":22},"end":{"line":50,"column":null}},"17":{"start":{"line":52,"column":23},"end":{"line":55,"column":null}},"18":{"start":{"line":57,"column":23},"end":{"line":60,"column":null}},"19":{"start":{"line":62,"column":29},"end":{"line":65,"column":null}},"20":{"start":{"line":68,"column":4},"end":{"line":113,"column":null}},"21":{"start":{"line":79,"column":24},"end":{"line":79,"column":43}},"22":{"start":{"line":116,"column":2},"end":{"line":116,"column":null}}},"fnMap":{"0":{"name":"(anonymous_0)","decl":{"start":{"line":9,"column":6},"end":{"line":9,"column":15}},"loc":{"start":{"line":17,"column":6},"end":{"line":116,"column":null}},"line":17},"1":{"name":"(anonymous_1)","decl":{"start":{"line":19,"column":2},"end":{"line":19,"column":18}},"loc":{"start":{"line":19,"column":18},"end":{"line":28,"column":6}},"line":19},"2":{"name":"(anonymous_2)","decl":{"start":{"line":20,"column":10},"end":{"line":20,"column":23}},"loc":{"start":{"line":20,"column":29},"end":{"line":22,"column":null}},"line":20},"3":{"name":"(anonymous_3)","decl":{"start":{"line":27,"column":4},"end":{"line":27,"column":17}},"loc":{"start":{"line":27,"column":17},"end":{"line":27,"column":67}},"line":27},"4":{"name":"(anonymous_4)","decl":{"start":{"line":31,"column":2},"end":{"line":31,"column":18}},"loc":{"start":{"line":31,"column":18},"end":{"line":41,"column":6}},"line":31},"5":{"name":"(anonymous_5)","decl":{"start":{"line":38,"column":4},"end":{"line":38,"column":17}},"loc":{"start":{"line":38,"column":17},"end":{"line":39,"column":null}},"line":38},"6":{"name":"(anonymous_6)","decl":{"start":{"line":79,"column":8},"end":{"line":79,"column":18}},"loc":{"start":{"line":79,"column":24},"end":{"line":79,"column":43}},"line":79}},"branchMap":{"0":{"loc":{"start":{"line":14,"column":2},"end":{"line":14,"column":null}},"type":"default-arg","locations":[{"start":{"line":14,"column":9},"end":{"line":14,"column":null}}],"line":14},"1":{"loc":{"start":{"line":15,"column":2},"end":{"line":15,"column":null}},"type":"default-arg","locations":[{"start":{"line":15,"column":14},"end":{"line":15,"column":null}}],"line":15},"2":{"loc":{"start":{"line":16,"column":2},"end":{"line":16,"column":null}},"type":"default-arg","locations":[{"start":{"line":16,"column":10},"end":{"line":16,"column":null}}],"line":16},"3":{"loc":{"start":{"line":21,"column":6},"end":{"line":22,"column":null}},"type":"if","locations":[{"start":{"line":21,"column":6},"end":{"line":22,"column":null}},{"start":{},"end":{}}],"line":21},"4":{"loc":{"start":{"line":21,"column":10},"end":{"line":21,"column":40}},"type":"binary-expr","locations":[{"start":{"line":21,"column":10},"end":{"line":21,"column":32}},{"start":{"line":21,"column":32},"end":{"line":21,"column":40}}],"line":21},"5":{"loc":{"start":{"line":32,"column":4},"end":{"line":35,"column":null}},"type":"if","locations":[{"start":{"line":32,"column":4},"end":{"line":35,"column":null}},{"start":{"line":34,"column":11},"end":{"line":35,"column":null}}],"line":32},"6":{"loc":{"start":{"line":43,"column":2},"end":{"line":43,"column":null}},"type":"if","locations":[{"start":{"line":43,"column":2},"end":{"line":43,"column":null}},{"start":{},"end":{}}],"line":43},"7":{"loc":{"start":{"line":75,"column":10},"end":{"line":75,"column":null}},"type":"cond-expr","locations":[{"start":{"line":75,"column":29},"end":{"line":75,"column":49}},{"start":{"line":75,"column":49},"end":{"line":75,"column":null}}],"line":75},"8":{"loc":{"start":{"line":81,"column":9},"end":{"line":82,"column":null}},"type":"binary-expr","locations":[{"start":{"line":81,"column":9},"end":{"line":81,"column":null}},{"start":{"line":82,"column":10},"end":{"line":82,"column":null}}],"line":81},"9":{"loc":{"start":{"line":88,"column":10},"end":{"line":88,"column":null}},"type":"cond-expr","locations":[{"start":{"line":88,"column":29},"end":{"line":88,"column":49}},{"start":{"line":88,"column":49},"end":{"line":88,"column":null}}],"line":88},"10":{"loc":{"start":{"line":92,"column":12},"end":{"line":92,"column":null}},"type":"cond-expr","locations":[{"start":{"line":92,"column":31},"end":{"line":92,"column":51}},{"start":{"line":92,"column":51},"end":{"line":92,"column":null}}],"line":92},"11":{"loc":{"start":{"line":100,"column":14},"end":{"line":100,"column":null}},"type":"cond-expr","locations":[{"start":{"line":100,"column":33},"end":{"line":100,"column":59}},{"start":{"line":100,"column":59},"end":{"line":100,"column":null}}],"line":100}},"s":{"0":1,"1":11,"2":11,"3":1,"4":1,"5":11,"6":11,"7":11,"8":11,"9":10,"10":8,"11":2,"12":10,"13":10,"14":11,"15":2,"16":9,"17":9,"18":9,"19":9,"20":9,"21":2,"22":11},"f":{"0":11,"1":11,"2":1,"3":11,"4":10,"5":10,"6":2},"b":{
[...]
"line":10},"1":{"loc":{"start":{"line":10,"column":52},"end":{"line":10,"column":66}},"type":"default-arg","locations":[{"start":{"line":10,"column":62},"end":{"line":10,"column":66}}],"line":10},"2":{"loc":{"start":{"line":10,"column":68},"end":{"line":10,"column":84}},"type":"default-arg","locations":[{"start":{"line":10,"column":80},"end":{"line":10,"column":84}}],"line":10},"3":{"loc":{"start":{"line":13,"column":4},"end":{"line":15,"column":null}},"type":"if","locations":[{"start":{"line":13,"column":4},"end":{"line":15,"column":null}},{"start":{},"end":{}}],"line":13},"4":{"loc":{"start":{"line":13,"column":8},"end":{"line":13,"column":28}},"type":"binary-expr","locations":[{"start":{"line":13,"column":8},"end":{"line":13,"column":17}},{"start":{"line":13,"column":21},"end":{"line":13,"column":28}}],"line":13},"5":{"loc":{"start":{"line":21,"column":4},"end":{"line":23,"column":null}},"type":"if","locations":[{"start":{"line":21,"column":4},"end":{"line":23,"column":null}},{"start":{},"end":{}}],"line":21},"6":{"loc":{"start":{"line":30,"column":4},"end":{"line":32,"column":null}},"type":"if","locations":[{"start":{"line":30,"column":4},"end":{"line":32,"column":null}},{"start":{},"end":{}}],"line":30},"7":{"loc":{"start":{"line":35,"column":11},"end":{"line":35,"column":27}},"type":"binary-expr","locations":[{"start":{"line":35,"column":11},"end":{"line":35,"column":21}},{"start":{"line":35,"column":25},"end":{"line":35,"column":27}}],"line":35},"8":{"loc":{"start":{"line":49,"column":2},"end":{"line":51,"column":null}},"type":"if","locations":[{"start":{"line":49,"column":2},"end":{"line":51,"column":null}},{"start":{},"end":{}}],"line":49},"9":{"loc":{"start":{"line":63,"column":4},"end":{"line":66,"column":null}},"type":"if","locations":[{"start":{"line":63,"column":4},"end":{"line":66,"column":null}},{"start":{},"end":{}}],"line":63},"10":{"loc":{"start":{"line":65,"column":22},"end":{"line":65,"column":67}},"type":"binary-expr","locations":[{"start":{"line":65,"column":22},"end":{"line":65,"column":39}},{"start":{"line":65,"column":43},"end":{"line":65,"column":67}}],"line":65},"11":{"loc":{"start":{"line":84,"column":2},"end":{"line":86,"column":null}},"type":"if","locations":[{"start":{"line":84,"column":2},"end":{"line":86,"column":null}},{"start":{},"end":{}}],"line":84},"12":{"loc":{"start":{"line":98,"column":4},"end":{"line":101,"column":null}},"type":"if","locations":[{"start":{"line":98,"column":4},"end":{"line":101,"column":null}},{"start":{},"end":{}}],"line":98},"13":{"loc":{"start":{"line":100,"column":22},"end":{"line":100,"column":67}},"type":"binary-expr","locations":[{"start":{"line":100,"column":22},"end":{"line":100,"column":39}},{"start":{"line":100,"column":43},"end":{"line":100,"column":67}}],"line":100},"14":{"loc":{"start":{"line":118,"column":2},"end":{"line":120,"column":null}},"type":"if","locations":[{"start":{"line":118,"column":2},"end":{"line":120,"column":null}},{"start":{},"end":{}}],"line":118},"15":{"loc":{"start":{"line":130,"column":4},"end":{"line":133,"column":null}},"type":"if","locations":[{"start":{"line":130,"column":4},"end":{"line":133,"column":null}},{"start":{},"end":{}}],"line":130},"16":{"loc":{"start":{"line":132,"column":22},"end":{"line":132,"column":67}},"type":"binary-expr","locations":[{"start":{"line":132,"column":22},"end":{"line":132,"column":39}},{"start":{"line":132,"column":43},"end":{"line":132,"column":67}}],"line":132},"17":{"loc":{"start":{"line":146,"column":2},"end":{"line":146,"column":null}},"type":"if","locations":[{"start":{"line":146,"column":2},"end":{"line":146,"column":null}},{"start":{},"end":{}}],"line":146},"18":{"loc":{"start":{"line":148,"column":15},"end":{"line":148,"column":63}},"type":"binary-expr","locations":[{"start":{"line":148,"column":15},"end":{"line":148,"column":41}},{"start":{"line":148,"column":45},"end":{"line":148,"column":63}}],"line":148},"19":{"loc":{"start":{"line":153,"column":2},"end":{"line":156,"column":null}},"type":"if","locations":[{"start":{"line":153,"column":2},"end":{"line":156,"column":null}},{"start":{},"end":{}}],"line":153},"20":{"loc":{"start":{"line":155,"column":20},"end":{"line":155,"column":74}},"type":"binary-expr","locations":[{"start":{"line":155,"column":20},"end":{"line":155,"column":30}},{"start":{"line":155,"column":34},"end":{"line":155,"column":74}}],"line":155},"21":{"loc":{"start":{"line":167,"column":2},"end":{"line":169,"column":null}},"type":"if","locations":[{"start":{"line":167,"column":2},"end":{"line":169,"column":null}},{"start":{},"end":{}}],"line":167},"22":{"loc":{"start":{"line":171,"column":15},"end":{"line":171,"column":63}},"type":"binary-expr","locations":[{"start":{"line":171,"column":15},"end":{"line":171,"column":41}},{"start":{"line":171,"column":45},"end":{"line":171,"column":63}}],"line":171},"23":{"loc":{"start":{"line":180,"column":4},"end":{"line":182,"column":null}},"type":"if","locations":[{"start":{"line":180,"column":4},"end":{"line":182,"column":null}},{"start":{},"end":{}}],"line":180},"24":{"loc":{"start":{"line":198,"column":2},"end":{"line":200,"column":null}},"type":"if","locations":[{"start":{"line":198,"column":2},"end":{"line":200,"column":null}},{"start":{},"end":{}}],"line":198},"25":{"loc":{"start":{"line":202,"column":15},"end":{"line":202,"column":63}},"type":"binary-expr","locations":[{"start":{"line":202,"column":15},"end":{"line":202,"column":41}},{"start":{"line":202,"column":45},"end":{"line":202,"column":63}}],"line":202},"26":{"loc":{"start":{"line":213,"column":4},"end":{"line":216,"column":null}},"type":"if","locations":[{"start":{"line":213,"column":4},"end":{"line":216,"column":null}},{"start":{},"end":{}}],"line":213},"27":{"loc":{"start":{"line":215,"column":22},"end":{"line":215,"column":56}},"type":"binary-expr","locations":[{"start":{"line":215,"column":22},"end":{"line":215,"column":32}},{"start":{"line":215,"column":36},"end":{"line":215,"column":56}}],"line":215},"28":{"loc":{"start":{"line":231,"column":44},"end":{"line":231,"column":66}},"type":"default-arg","locations":[{"start":{"line":231,"column":62},"end":{"line":231,"column":66}}],"line":231},"29":{"loc":{"start":{"line":232,"column":2},"end":{"line":232,"column":null}},"type":"if","locations":[{"start":{"line":232,"column":2},"end":{"line":232,"column":null}},{"start":{},"end":{}}],"line":232},"30":{"loc":{"start":{"line":236,"column":4},"end":{"line":238,"column":null}},"type":"if","locations":[{"start":{"line":236,"column":4},"end":{"line":238,"column":null}},{"start":{},"end":{}}],"line":236},"31":{"loc":{"start":{"line":246,"column":4},"end":{"line":249,"column":null}},"type":"if","locations":[{"start":{"line":246,"column":4},"end":{"line":249,"column":null}},{"start":{},"end":{}}],"line":246},"32":{"loc":{"start":{"line":248,"column":22},"end":{"line":248,"column":83}},"type":"binary-expr","locations":[{"start":{"line":248,"column":22},"end":{"line":248,"column":39}},{"start":{"line":248,"column":43},"end":{"line":248,"column":83}}],"line":248},"33":{"loc":{"start":{"line":265,"column":2},"end":{"line":265,"column":null}},"type":"if","locations":[{"start":{"line":265,"column":2},"end":{"line":265,"column":null}},{"start":{},"end":{}}],"line":265},"34":{"loc":{"start":{"line":277,"column":4},"end":{"line":280,"column":null}},"type":"if","locations":[{"start":{"line":277,"column":4},"end":{"line":280,"column":null}},{"start":{},"end":{}}],"line":277},"35":{"loc":{"start":{"line":279,"column":22},"end":{"line":279,"column":83}},"type":"binary-expr","locations":[{"start":{"line":279,"column":22},"end":{"line":279,"column":39}},{"start":{"line":279,"column":43},"end":{"line":279,"column":83}}],"line":279}},"s":{"0":2,"1":3,"2":3,"3":3,"4":1,"5":3,"6":3,"7":1,"8":3,"9":3,"10":1,"11":2,"12":2,"13":1,"14":1,"15":2,"16":3,"17":1,"18":2,"19":2,"20":2,"21":1,"22":1,"23":1,"24":1,"25":1,"26":1,"27":2,"28":3,"29":1,"30":2,"31":2,"32":2,"33":1,"34":1,"35":1,"36":1,"37":1,"38":1,"39":2,"40":3,"41":1,"42":2,"43":2,"44":2,"45":1,"46":1,"47":1,"48":1,"49":2,"50":3,"51":1,"52":2,"53":3,"54":2,"55":1,"56":0,"57":1,"58":1,"59":2,"60":3,"61":1,"62":2,"63":3,"64":3,"65":2,"66":1,"67":1,"68":1,"69":1,"70":2,"71":3,"72":1,"73":2,"74":3,"75":3,"76":2,"77":1,"78":1,"79":1,"80":1,"81":1,"82":2,"83":4,"84":1,"85":3,"86":3,"87":3,"88":1,"89":3,"90":3,"91":1,"92":1,"93":2,"94":1,"95":1,"96":2,"97":3,"98":1,"99":2,"100":2,"101":2,"102":1,"103":1,"104":1,"105":1,"106":1},"f":{"0":3,"1":3,"2":3,"3":3,"4":3,"5":0,"6":3,"7":3,"8":4,"9":3},"b":{"0":[3],"1":[3],"2":[3],"3":[1,2],"4":[3,1],"5":[1,2],"6":[1,2],"7":[2,0],"8":[1,2],"9":[1,1],"10":[1,0],"11":[1,2],"12":[1,1],"13":[1,0],"14":[1,2],"15":[1,1],"16":[1,0],"17":[1,2],"18":[2,0],"19":[1,1],"20":[1,0],"21":[1,2],"22":[2,0],"23":[1,1],"24":[1,2],"25":[2,0],"26":[1,1],"27":[1,0],"28":[4],"29":[1,3],"30":[1,2],"31":[1,2],"32":[1,0],"33":[1,2],"34":[1,1],"35":[1,0]},"meta":{"lastBranch":36,"lastFunction":10,"lastStatement":107,"seen":{"s:10:27:40:1":0,"f:10:27:10:32":0,"b:10:46:10:50":0,"b:10:62:10:66":1,"b:10:80:10:84":2,"s:11:2:39:Infinity":1,"s:12:14:12:59":2,"b:13:4:15:Infinity:undefined:undefined:undefined:undefined":3,"s:13:4:15:Infinity":3,"b:13:8:13:17:13:21:13:28":4,"s:14:6:14:Infinity":4,"s:17:20:19:5":5,"b:21:4:23:Infinity:undefined:undefined:undefined:undefined":5,"s:21:4:23:Infinity":6,"s:22:6:22:Infinity":7,"s:25:21:28:6":8,"b:30:4:32:Infinity:undefined:undefined:undefined:undefined":6,"s:30:4:32:Infinity":9,"s:31:6:31:Infinity":10,"s:34:17:34:38":11,"s:35:4:35:Infinity":12,"b:35:11:35:21:35:25:35:27":7,"s:37:4:37:Infinity":13,"s:38:4:38:Infinity":14,"s:48:27:74:1":15,"f:48:27:48:32":1,"b:49:2:51:Infinity:undefined:undefined:undefined:undefined":8,"s:49:2:51:Infinity":16,"s:50:4:50:Infinity":17,"s:53:2:73:Infinity":18,"s:54:21:61:6":19,"b:63:4:66:Infinity:undefined:undefined:undefined:undefined":9,"s:63:4:66:Infinity":20,"s:64:24:64:45":21,"s:65:6:65:Infinity":22,"b:65:22:65:39:65:43:65:67":10,"s:68:17:68:38":23,"s:69:4:69:Infinity":24,"s:71:4:71:Infinity":25,"s:72:4:72:Infinity":26,"s:83:27:109:1":27,"f:83:27:83:32":2,"b:84:2:86:Infinity:undefined:undefined:undefined:undefined":11,"s:84:2:86:Infinity":28,"s:85:4:85:Infinity":29,"s:88:2:108:Infinity":30,"s:89:21:96:6":31,"b:98:4:101:Infinity:undefined:undefined:undefined:undefined":12,"s:98:4:101:Infinity":32,"s:99:24:99:45":33,"s:100:6:100:Infinity":34,"b:100:22:100:39:100:43:100:67":13,"s:103:17:103:38":35,"s:104:4:104:Infinity":36,"s:106:4:106:Infinity":37,"s:107:4:107:Infinity":38,"s:117:27:138:1":39,"f:117:27:117:32":3,"b:118:2:120:Infinity:undefined:undefined:undefined:undefined":14,"s:118:2:120:Infinity":40,"s:119:4:119:Infinity":41,"s:122:2:137:Infinity":42,"s:123:21:128:6":43,"b:130:4:133:Infinity:undefined:undefined:undefined:undefined":15,"s:130:4:133:Infinity":44,"s:131:24:131:45":45,"s:132:6:132:Infinity":46,"b:132:22:132:39:132:43:132:67":16,"s:135:4:135:Infinity":47,"s:136:4:136:Infinity":48,"s:145:39:159:1":49,"f:145:39:145:44":4,"b:146:2:146:Infinity:undefined:undefined:undefined:undefined":17,"s:146:2:146:Infinity":50,"s:146:18:146:Infinity":51,"s:148:15:148:63":52,"b:148:15:148:41:148:45:148:63":18,"s:149:19:151:4":53,"b:153:2:156:Infinity:undefined:undefined:undefined:undefined":19,"s:153:2:156:Infinity":54,"s:154:17:154:56":55,"f:154:45:154:46":5,"s:154:52:154:54":56,"s:155:4:155:Infinity":57,"b:155:20:155:30:155:34:155:74":20,"s:158:2:158:Infinity":58,"s:166:31:189:1":59,"f:166:31:166:36":6,"b:167:2:169:Infinity:undefined:undefined:undefined:undefined":21,"s:167:2:169:Infinity":60,"s:168:4:168:Infinity":61,"s:171:15:171:63":62,"b:171:15:171:41:171:45:171:63":22,"s:172:2:188:Infinity":63,"s:173:21:178:6":64,"b:180:4:182:Infinity:undefined:undefined:undefined:undefined":23,"s:180:4:182:Infinity":65,"s:181:6:181:Infinity":66,"s:184:4:184:Infinity":67,"s:186:4:186:Infinity":68,"s:187:4:187:Infinity":69,"s:197:27:223:1":70,"f:197:27:197:32":7,"b:198:2:200:Infinity:undefined:undefined:undefined:undefined":24,"s:198:2:200:Infinity":71,"s:199:4:199:Infinity":72,"s:202:15:202:63":73,"b:202:15:202:41:202:45:202:63":25,"s:203:2:222:Infinity":74,"s:204:21:211:6":75,"b:213:4:216:Infinity:undefined:undefined:undefined:undefined":26,"s:213:4:216:Infinity":76,"s:214:19:214:40":77,"s:215:6:215:Infinity":78,"b:215:22:215:32:215:36:215:56":27,"s:218:4:218:Infinity":79,"s:220:4:220:Infinity":80,"s:221:4:221:Infinity":81,"s:231:26:255:1":82,"f:231:26:231:31":8,"b:231:62:231:66":28,"b:232:2:232:Infinity:undefined:undefined:undefined:undefined":29,"s:232:2:232:Infinity":83,"s:232:18:232:Infinity":84,"s:234:2:254:Infinity":85,"s:235:14:235:48":86,"b:236:4:238:Infinity:undefined:undefined:undefined:undefined":30,"s:236:4:238:Infinity":87,"s:237:6:237:Infinity":88,"s:240:21:244:6":89,"b:246:4:249:Infinity:undefined:undefined:undefined:undefined":31,"s:246:4:249:Infinity":90,"s:247:24:247:45":91,"s:248:6:248:Infinity":92,"b:248:22:248:39:248:43:248:83":32,"s:250:4:250:Infinity":93,"s:252:4:252:Infinity":94,"s:253:4:253:Infinity":95,"s:264:30:286:1":96,"f:264:30:264:35":9,"b:265:2:265:Infinity:undefined:undefined:undefined:undefined":33,"s:265:2:265:Infinity":97,"s:265:18:265:Infinity":98,"s:267:2:285:Infinity":99,"s:268:21:275:6":100,"b:277:4:280:Infinity:undefined:undefined:undefined:undefined":34,"s:277:4:280:Infinity":101,"s:278:24:278:45":102,"s:279:6:279:Infinity":103,"b:279:22:279:39:279:43:279:83":35,"s:281:4:281:Infinity":104,"s:283:4:283:Infinity":105,"s:284:4:284:Infinity":106}}}
,"/Users/eric/dev/lantern-lounge/app/react-webapp/src/services/cognito.js": {"path":"/Users/eric/dev/lantern-lounge/app/react-webapp/src/services/cognito.js","statementMap":{"0":{"start":{"line":15,"column":0},"end":{"line":31,"column":null}},"1":{"start":{"line":36,"column":22},"end":{"line":38,"column":1}},"2":{"start":{"line":37,"column":2},"end":{"line":37,"column":null}},"3":{"start":{"line":43,"column":22},"end":{"line":51,"column":1}},"4":{"start":{"line":44,"column":2},"end":{"line":50,"column":null}},"5":{"start":{"line":56,"column":35},"end":{"line":58,"column":1}},"6":{"start":{"line":57,"column":2},"end":{"line":57,"column":null}},"7":{"start":{"line":63,"column":38},"end":{"line":65,"column":1}},"8":{"start":{"line":64,"column":2},"end":{"line":64,"column":null}},"9":{"start":{"line":70,"column":23},"end":{"line":72,"column":1}},"10":{"start":{"line":71,"column":2},"end":{"line":71,"column":null}},"11":{"start":{"line":78,"column":30},"end":{"line":101,"column":1}},"12":{"start":{"line":79,"column":2},"end":{"line":100,"column":null}},"13":{"start":{"line":80,"column":4},"end":{"line":80,"column":null}},"14":{"start":{"line":81,"column":20},"end":{"line":81,"column":44}},"15":{"start":{"line":82,"column":19},"end":{"line":82,"column":75}},"16":{"start":{"line":83,"column":25},"end":{"line":83,"column":63}},"17":{"start":{"line":85,"column":16},"end":{"line":85,"column":34}},"18":{"start":{"line":86,"column":15},"end":{"line":86,"column":32}},"19":{"start":{"line":89,"column":4},"end":{"line":95,"column":null}},"20":{"start":{"line":90,"column":25},"end":{"line":90,"column":52}},"21":{"start":{"line":91,"column":6},"end":{"line":91,"column":null}},"22":{"start":{"line":92,"column":6},"end":{"line":92,"column":null}},"23":{"start":{"line":97,"column":4},"end":{"line":97,"column":null}},"24":{"start":{"line":99,"column":4},"end":{"line":99,"column":null}},"25":{"start":{"line":106,"column":28},"end":{"line":113,"column":1}},"26":{"start":{"line":107,"column":2},"end":{"line":112,"column":null}},"27":{"start":{"line":108,"column":20},"end":{"line":108,"column":44}},"28":{"start":{"line":109,"column":4},"end":{"line":109,"column":null}},"29":{"start":{"line":111,"column":4},"end":{"line":111,"column":null}},"30":{"start":{"line":119,"column":31},"end":{"line":121,"column":1}},"31":{"start":{"line":120,"column":2},"end":{"line":120,"column":null}}},"fnMap":{"0":{"name":"(anonymous_0)","decl":{"start":{"line":36,"column":22},"end":{"line":36,"column":27}},"loc":{"start":{"line":36,"column":49},"end":{"line":38,"column":1}},"line":36},"1":{"name":"(anonymous_1)","decl":{"start":{"line":43,"column":22},"end":{"line":43,"column":27}},"loc":{"start":{"line":43,"column":55},"end":{"line":51,"column":1}},"line":43},"2":{"name":"(anonymous_2)","decl":{"start":{"line":56,"column":35},"end":{"line":56,"column":40}},"loc":{"start":{"line":56,"column":58},"end":{"line":58,"column":1}},"line":56},"3":{"name":"(anonymous_3)","decl":{"start":{"line":63,"column":38},"end":{"line":63,"column":43}},"loc":{"start":{"line":63,"column":55},"end":{"line":65,"column":1}},"line":63},"4":{"name":"(anonymous_4)","decl":{"start":{"line":70,"column":23},"end":{"line":70,"column":28}},"loc":{"start":{"line":70,"column":35},"end":{"line":72,"column":1}},"line":70},"5":{"name":"(anonymous_5)","decl":{"start":{"line":78,"column":30},"end":{"line":78,"column":35}},"loc":{"start":{"line":78,"column":42},"end":{"line":101,"column":1}},"line":78},"6":{"name":"(anonymous_6)","decl":{"start":{"line":106,"column":28},"end":{"line":106,"column":33}},"loc":{"start":{"line":106,"column":40},"end":{"line":113,"column":1}},"line":106},"7":{"name":"(anonymous_7)","decl":{"start":{"line":119,"column":31},"end":{"line":119,"column":36}},"loc":{"start":{"line":119,"column":51},"end":{"line":121,"column":1}},"line":119}},"branchMap":{"0":{"loc":{"start":{"line":82,"column":19},"end":{"line":82,"column":75}},"type":"binary-expr","locations":[{"start":{"line":82,"column":19},"end":{"line":82,"column":69}},{"start":{"line":82,"column":73},"end":{"line":82,"column":75}}],"line":82},"1":{"loc":{"start":{"line":83,"column":25},"end":{"line":83,"column":63}},"type":"binary-expr","locations":[{"start":{"line":83,"column":25},"end":{"line":83,"column":57}},{"start":{"line":83,"column":61},"end":{"line":83,"column":63}}],"line":83},"2":{"loc":{"start":{"line":91,"column":14},"end":{"line":91,"column":39}},"type":"binary-expr","locations":[{"start":{"line":91,"column":14},"end":{"line":91,"column":30}},{"start":{"line":91,"column":34},"end":{"line":91,"column":39}}],"line":91},"3":{"loc":{"start":{"line":92,"column":13},"end":{"line":92,"column":36}},"type":"binary-expr","locations":[{"start":{"line":92,"column":13},"end":{"line":92,"column":28}},{"start":{"line":92,"column":32},"end":{"line":92,"column":36}}],"line":92},"4":{"loc":{"start":{"line":109,"column":11},"end":{"line":109,"column":54}},"type":"binary-expr","locations":[{"start":{"line":109,"column":11},"end":{"line":109,"column":46}},{"start":{"line":109,"column":50},"end":{"line":109,"column":54}}],"line":109}},"s":{"0":5,"1":5,"2":1,"3":5,"4":1,"5":5,"6":1,"7":5,"8":1,"9":5,"10":1,"11":5,"12":3,"13":3,"14":2,"15":2,"16":3,"17":3,"18":3,"19":3,"20":3,"21":1,"22":3,"23":2,"24":1,"25":5,"26":2,"27":2,"28":1,"29":1,"30":5,"31":1},"f":{"0":1,"1":1,"2":1,"3":1,"4":1,"5":3,"6":2,"7":1},"b":{"0":[2,0],"1":[3,0],"2":[1,0],"3":[3,0],"4":[1,0]},"meta":{"lastBranch":5,"lastFunction":8,"lastStatement":32,"seen":{"s:15:0:31:Infinity":0,"s:36:22:38:1":1,"f:36:22:36:27":0,"s:37:2:37:Infinity":2,"s:43:22:51:1":3,"f:43:22:43:27":1,"s:44:2:50:Infinity":4,"s:56:35:58:1":5,"f:56:35:56:40":2,"s:57:2:57:Infinity":6,"s:63:38:65:1":7,"f:63:38:63:43":3,"s:64:2:64:Infinity":8,"s:70:23:72:1":9,"f:70:23:70:28":4,"s:71:2:71:Infinity":10,"s:78:30:101:1":11,"f:78:30:78:35":5,"s:79:2:100:Infinity":12,"s:80:4:80:Infinity":13,"s:81:20:81:44":14,"s:82:19:82:75":15,"b:82:19:82:69:82:73:82:75":0,"s:83:25:83:63":16,"b:83:25:83:57:83:61:83:63":1,"s:85:16:85:34":17,"s:86:15:86:32":18,"s:89:4:95:Infinity":19,"s:90:25:90:52":20,"s:91:6:91:Infinity":21,"b:91:14:91:30:91:34:91:39":2,"s:92:6:92:Infinity":22,"b:92:13:92:28:92:32:92:36":3,"s:97:4:97:Infinity":23,"s:99:4:99:Infinity":24,"s:106:28:113:1":25,"f:106:28:106:33":6,"s:107:2:112:Infinity":26,"s:108:20:108:44":27,"s:109:4:109:Infinity":28,"b:109:11:109:46:109:50:109:54":4,"s:111:4:111:Infinity":29,"s:119:31:121:1":30,"f:119:31:119:36":7,"s:120:2:120:Infinity":31}}}
}
